<?xml version="1.0"?>
<source xmlns="http://xml.phpdox.net/token">
  <file xmlns="http://xml.phpdox.net/src" path="/Users/mac/eclipse-workspace/SBFramework/modules/mod_invoices/classes/Siat/test" file="test-functions.php" realpath="/Users/mac/eclipse-workspace/SBFramework/modules/mod_invoices/classes/Siat/test/test-functions.php" size="23472" time="2022-06-07T16:30:52+00:00" unixtime="1654619452" sha1="72750c5f9ff7a89e6dd47b31f4a8d0fe47d14b43" relative="test/test-functions.php"/>
  <line no="1">
    <token name="T_OPEN_TAG">&lt;?php</token>
  </line>
  <line no="2">
    <token name="T_USE">use</token>
    <token name="T_WHITESPACE"> </token>
    <token name="T_STRING">SinticBolivia</token>
    <token name="T_NS_SEPARATOR">\</token>
    <token name="T_STRING">SBFramework</token>
    <token name="T_NS_SEPARATOR">\</token>
    <token name="T_STRING">Modules</token>
    <token name="T_NS_SEPARATOR">\</token>
    <token name="T_STRING">Invoices</token>
    <token name="T_NS_SEPARATOR">\</token>
    <token name="T_STRING">Classes</token>
    <token name="T_NS_SEPARATOR">\</token>
    <token name="T_STRING">Siat</token>
    <token name="T_NS_SEPARATOR">\</token>
    <token name="T_STRING">Services</token>
    <token name="T_NS_SEPARATOR">\</token>
    <token name="T_STRING">ServicioSiat</token>
    <token name="T_PHPDOX_SEMICOLON">;</token>
  </line>
  <line no="3">
    <token name="T_USE">use</token>
    <token name="T_WHITESPACE"> </token>
    <token name="T_STRING">SinticBolivia</token>
    <token name="T_NS_SEPARATOR">\</token>
    <token name="T_STRING">SBFramework</token>
    <token name="T_NS_SEPARATOR">\</token>
    <token name="T_STRING">Modules</token>
    <token name="T_NS_SEPARATOR">\</token>
    <token name="T_STRING">Invoices</token>
    <token name="T_NS_SEPARATOR">\</token>
    <token name="T_STRING">Classes</token>
    <token name="T_NS_SEPARATOR">\</token>
    <token name="T_STRING">Siat</token>
    <token name="T_NS_SEPARATOR">\</token>
    <token name="T_STRING">Invoices</token>
    <token name="T_NS_SEPARATOR">\</token>
    <token name="T_STRING">ElectronicaCompraVenta</token>
    <token name="T_PHPDOX_SEMICOLON">;</token>
  </line>
  <line no="4">
    <token name="T_USE">use</token>
    <token name="T_WHITESPACE"> </token>
    <token name="T_STRING">SinticBolivia</token>
    <token name="T_NS_SEPARATOR">\</token>
    <token name="T_STRING">SBFramework</token>
    <token name="T_NS_SEPARATOR">\</token>
    <token name="T_STRING">Modules</token>
    <token name="T_NS_SEPARATOR">\</token>
    <token name="T_STRING">Invoices</token>
    <token name="T_NS_SEPARATOR">\</token>
    <token name="T_STRING">Classes</token>
    <token name="T_NS_SEPARATOR">\</token>
    <token name="T_STRING">Siat</token>
    <token name="T_NS_SEPARATOR">\</token>
    <token name="T_STRING">Invoices</token>
    <token name="T_NS_SEPARATOR">\</token>
    <token name="T_STRING">CompraVenta</token>
    <token name="T_PHPDOX_SEMICOLON">;</token>
  </line>
  <line no="5">
    <token name="T_USE">use</token>
    <token name="T_WHITESPACE"> </token>
    <token name="T_STRING">SinticBolivia</token>
    <token name="T_NS_SEPARATOR">\</token>
    <token name="T_STRING">SBFramework</token>
    <token name="T_NS_SEPARATOR">\</token>
    <token name="T_STRING">Modules</token>
    <token name="T_NS_SEPARATOR">\</token>
    <token name="T_STRING">Invoices</token>
    <token name="T_NS_SEPARATOR">\</token>
    <token name="T_STRING">Classes</token>
    <token name="T_NS_SEPARATOR">\</token>
    <token name="T_STRING">Siat</token>
    <token name="T_NS_SEPARATOR">\</token>
    <token name="T_STRING">Invoices</token>
    <token name="T_NS_SEPARATOR">\</token>
    <token name="T_STRING">InvoiceDetail</token>
    <token name="T_PHPDOX_SEMICOLON">;</token>
  </line>
  <line no="6">
    <token name="T_USE">use</token>
    <token name="T_WHITESPACE"> </token>
    <token name="T_STRING">SinticBolivia</token>
    <token name="T_NS_SEPARATOR">\</token>
    <token name="T_STRING">SBFramework</token>
    <token name="T_NS_SEPARATOR">\</token>
    <token name="T_STRING">Modules</token>
    <token name="T_NS_SEPARATOR">\</token>
    <token name="T_STRING">Invoices</token>
    <token name="T_NS_SEPARATOR">\</token>
    <token name="T_STRING">Classes</token>
    <token name="T_NS_SEPARATOR">\</token>
    <token name="T_STRING">Siat</token>
    <token name="T_NS_SEPARATOR">\</token>
    <token name="T_STRING">Invoices</token>
    <token name="T_NS_SEPARATOR">\</token>
    <token name="T_STRING">SiatInvoice</token>
    <token name="T_PHPDOX_SEMICOLON">;</token>
  </line>
  <line no="7">
    <token name="T_USE">use</token>
    <token name="T_WHITESPACE"> </token>
    <token name="T_STRING">SinticBolivia</token>
    <token name="T_NS_SEPARATOR">\</token>
    <token name="T_STRING">SBFramework</token>
    <token name="T_NS_SEPARATOR">\</token>
    <token name="T_STRING">Modules</token>
    <token name="T_NS_SEPARATOR">\</token>
    <token name="T_STRING">Invoices</token>
    <token name="T_NS_SEPARATOR">\</token>
    <token name="T_STRING">Classes</token>
    <token name="T_NS_SEPARATOR">\</token>
    <token name="T_STRING">Siat</token>
    <token name="T_NS_SEPARATOR">\</token>
    <token name="T_STRING">Services</token>
    <token name="T_NS_SEPARATOR">\</token>
    <token name="T_STRING">ServicioFacturacionCodigos</token>
    <token name="T_PHPDOX_SEMICOLON">;</token>
  </line>
  <line no="8">
    <token name="T_USE">use</token>
    <token name="T_WHITESPACE"> </token>
    <token name="T_STRING">SinticBolivia</token>
    <token name="T_NS_SEPARATOR">\</token>
    <token name="T_STRING">SBFramework</token>
    <token name="T_NS_SEPARATOR">\</token>
    <token name="T_STRING">Modules</token>
    <token name="T_NS_SEPARATOR">\</token>
    <token name="T_STRING">Invoices</token>
    <token name="T_NS_SEPARATOR">\</token>
    <token name="T_STRING">Classes</token>
    <token name="T_NS_SEPARATOR">\</token>
    <token name="T_STRING">Siat</token>
    <token name="T_NS_SEPARATOR">\</token>
    <token name="T_STRING">Services</token>
    <token name="T_NS_SEPARATOR">\</token>
    <token name="T_STRING">ServicioFacturacionSincronizacion</token>
    <token name="T_PHPDOX_SEMICOLON">;</token>
  </line>
  <line no="9">
    <token name="T_USE">use</token>
    <token name="T_WHITESPACE"> </token>
    <token name="T_STRING">SinticBolivia</token>
    <token name="T_NS_SEPARATOR">\</token>
    <token name="T_STRING">SBFramework</token>
    <token name="T_NS_SEPARATOR">\</token>
    <token name="T_STRING">Modules</token>
    <token name="T_NS_SEPARATOR">\</token>
    <token name="T_STRING">Invoices</token>
    <token name="T_NS_SEPARATOR">\</token>
    <token name="T_STRING">Classes</token>
    <token name="T_NS_SEPARATOR">\</token>
    <token name="T_STRING">Siat</token>
    <token name="T_NS_SEPARATOR">\</token>
    <token name="T_STRING">Services</token>
    <token name="T_NS_SEPARATOR">\</token>
    <token name="T_STRING">ServicioOperaciones</token>
    <token name="T_PHPDOX_SEMICOLON">;</token>
  </line>
  <line no="10">
    <token name="T_USE">use</token>
    <token name="T_WHITESPACE"> </token>
    <token name="T_STRING">SinticBolivia</token>
    <token name="T_NS_SEPARATOR">\</token>
    <token name="T_STRING">SBFramework</token>
    <token name="T_NS_SEPARATOR">\</token>
    <token name="T_STRING">Modules</token>
    <token name="T_NS_SEPARATOR">\</token>
    <token name="T_STRING">Invoices</token>
    <token name="T_NS_SEPARATOR">\</token>
    <token name="T_STRING">Classes</token>
    <token name="T_NS_SEPARATOR">\</token>
    <token name="T_STRING">Siat</token>
    <token name="T_NS_SEPARATOR">\</token>
    <token name="T_STRING">Services</token>
    <token name="T_NS_SEPARATOR">\</token>
    <token name="T_STRING">ServicioFacturacionComputarizada</token>
    <token name="T_PHPDOX_SEMICOLON">;</token>
  </line>
  <line no="11">
    <token name="T_USE">use</token>
    <token name="T_WHITESPACE"> </token>
    <token name="T_STRING">SinticBolivia</token>
    <token name="T_NS_SEPARATOR">\</token>
    <token name="T_STRING">SBFramework</token>
    <token name="T_NS_SEPARATOR">\</token>
    <token name="T_STRING">Modules</token>
    <token name="T_NS_SEPARATOR">\</token>
    <token name="T_STRING">Invoices</token>
    <token name="T_NS_SEPARATOR">\</token>
    <token name="T_STRING">Classes</token>
    <token name="T_NS_SEPARATOR">\</token>
    <token name="T_STRING">Siat</token>
    <token name="T_NS_SEPARATOR">\</token>
    <token name="T_STRING">Services</token>
    <token name="T_NS_SEPARATOR">\</token>
    <token name="T_STRING">ServicioFacturacionElectronica</token>
    <token name="T_PHPDOX_SEMICOLON">;</token>
  </line>
  <line no="12">
    <token name="T_USE">use</token>
    <token name="T_WHITESPACE"> </token>
    <token name="T_STRING">SinticBolivia</token>
    <token name="T_NS_SEPARATOR">\</token>
    <token name="T_STRING">SBFramework</token>
    <token name="T_NS_SEPARATOR">\</token>
    <token name="T_STRING">Modules</token>
    <token name="T_NS_SEPARATOR">\</token>
    <token name="T_STRING">Invoices</token>
    <token name="T_NS_SEPARATOR">\</token>
    <token name="T_STRING">Classes</token>
    <token name="T_NS_SEPARATOR">\</token>
    <token name="T_STRING">Siat</token>
    <token name="T_NS_SEPARATOR">\</token>
    <token name="T_STRING">DocumentTypes</token>
    <token name="T_PHPDOX_SEMICOLON">;</token>
  </line>
  <line no="13">
    <token name="T_USE">use</token>
    <token name="T_WHITESPACE"> </token>
    <token name="T_STRING">SinticBolivia</token>
    <token name="T_NS_SEPARATOR">\</token>
    <token name="T_STRING">SBFramework</token>
    <token name="T_NS_SEPARATOR">\</token>
    <token name="T_STRING">Modules</token>
    <token name="T_NS_SEPARATOR">\</token>
    <token name="T_STRING">Invoices</token>
    <token name="T_NS_SEPARATOR">\</token>
    <token name="T_STRING">Classes</token>
    <token name="T_NS_SEPARATOR">\</token>
    <token name="T_STRING">Siat</token>
    <token name="T_NS_SEPARATOR">\</token>
    <token name="T_STRING">Invoices</token>
    <token name="T_NS_SEPARATOR">\</token>
    <token name="T_STRING">ElectronicaComercialExportacion</token>
    <token name="T_PHPDOX_SEMICOLON">;</token>
  </line>
  <line no="14">
    <token name="T_USE">use</token>
    <token name="T_WHITESPACE"> </token>
    <token name="T_STRING">SinticBolivia</token>
    <token name="T_NS_SEPARATOR">\</token>
    <token name="T_STRING">SBFramework</token>
    <token name="T_NS_SEPARATOR">\</token>
    <token name="T_STRING">Modules</token>
    <token name="T_NS_SEPARATOR">\</token>
    <token name="T_STRING">Invoices</token>
    <token name="T_NS_SEPARATOR">\</token>
    <token name="T_STRING">Classes</token>
    <token name="T_NS_SEPARATOR">\</token>
    <token name="T_STRING">Siat</token>
    <token name="T_NS_SEPARATOR">\</token>
    <token name="T_STRING">Invoices</token>
    <token name="T_NS_SEPARATOR">\</token>
    <token name="T_STRING">ComercialExportacion</token>
    <token name="T_PHPDOX_SEMICOLON">;</token>
  </line>
  <line no="15">
    <token name="T_USE">use</token>
    <token name="T_WHITESPACE"> </token>
    <token name="T_STRING">SinticBolivia</token>
    <token name="T_NS_SEPARATOR">\</token>
    <token name="T_STRING">SBFramework</token>
    <token name="T_NS_SEPARATOR">\</token>
    <token name="T_STRING">Modules</token>
    <token name="T_NS_SEPARATOR">\</token>
    <token name="T_STRING">Invoices</token>
    <token name="T_NS_SEPARATOR">\</token>
    <token name="T_STRING">Classes</token>
    <token name="T_NS_SEPARATOR">\</token>
    <token name="T_STRING">Siat</token>
    <token name="T_NS_SEPARATOR">\</token>
    <token name="T_STRING">Invoices</token>
    <token name="T_NS_SEPARATOR">\</token>
    <token name="T_STRING">InvoiceDetailComercialExportacion</token>
    <token name="T_PHPDOX_SEMICOLON">;</token>
  </line>
  <line no="16">
    <token name="T_USE">use</token>
    <token name="T_WHITESPACE"> </token>
    <token name="T_STRING">SinticBolivia</token>
    <token name="T_NS_SEPARATOR">\</token>
    <token name="T_STRING">SBFramework</token>
    <token name="T_NS_SEPARATOR">\</token>
    <token name="T_STRING">Modules</token>
    <token name="T_NS_SEPARATOR">\</token>
    <token name="T_STRING">Invoices</token>
    <token name="T_NS_SEPARATOR">\</token>
    <token name="T_STRING">Classes</token>
    <token name="T_NS_SEPARATOR">\</token>
    <token name="T_STRING">Siat</token>
    <token name="T_NS_SEPARATOR">\</token>
    <token name="T_STRING">Invoices</token>
    <token name="T_NS_SEPARATOR">\</token>
    <token name="T_STRING">ElectronicaServicioTuristicoHospedaje</token>
    <token name="T_PHPDOX_SEMICOLON">;</token>
  </line>
  <line no="17">
    <token name="T_USE">use</token>
    <token name="T_WHITESPACE"> </token>
    <token name="T_STRING">SinticBolivia</token>
    <token name="T_NS_SEPARATOR">\</token>
    <token name="T_STRING">SBFramework</token>
    <token name="T_NS_SEPARATOR">\</token>
    <token name="T_STRING">Modules</token>
    <token name="T_NS_SEPARATOR">\</token>
    <token name="T_STRING">Invoices</token>
    <token name="T_NS_SEPARATOR">\</token>
    <token name="T_STRING">Classes</token>
    <token name="T_NS_SEPARATOR">\</token>
    <token name="T_STRING">Siat</token>
    <token name="T_NS_SEPARATOR">\</token>
    <token name="T_STRING">Invoices</token>
    <token name="T_NS_SEPARATOR">\</token>
    <token name="T_STRING">InvoiceDetailTuristico</token>
    <token name="T_PHPDOX_SEMICOLON">;</token>
  </line>
  <line no="18">
    <token name="T_USE">use</token>
    <token name="T_WHITESPACE"> </token>
    <token name="T_STRING">SinticBolivia</token>
    <token name="T_NS_SEPARATOR">\</token>
    <token name="T_STRING">SBFramework</token>
    <token name="T_NS_SEPARATOR">\</token>
    <token name="T_STRING">Modules</token>
    <token name="T_NS_SEPARATOR">\</token>
    <token name="T_STRING">Invoices</token>
    <token name="T_NS_SEPARATOR">\</token>
    <token name="T_STRING">Classes</token>
    <token name="T_NS_SEPARATOR">\</token>
    <token name="T_STRING">Siat</token>
    <token name="T_NS_SEPARATOR">\</token>
    <token name="T_STRING">Invoices</token>
    <token name="T_NS_SEPARATOR">\</token>
    <token name="T_STRING">ServicioTuristicoHospedaje</token>
    <token name="T_PHPDOX_SEMICOLON">;</token>
  </line>
  <line no="19">
    <token name="T_USE">use</token>
    <token name="T_WHITESPACE"> </token>
    <token name="T_STRING">SinticBolivia</token>
    <token name="T_NS_SEPARATOR">\</token>
    <token name="T_STRING">SBFramework</token>
    <token name="T_NS_SEPARATOR">\</token>
    <token name="T_STRING">Modules</token>
    <token name="T_NS_SEPARATOR">\</token>
    <token name="T_STRING">Invoices</token>
    <token name="T_NS_SEPARATOR">\</token>
    <token name="T_STRING">Classes</token>
    <token name="T_NS_SEPARATOR">\</token>
    <token name="T_STRING">Siat</token>
    <token name="T_NS_SEPARATOR">\</token>
    <token name="T_STRING">Invoices</token>
    <token name="T_NS_SEPARATOR">\</token>
    <token name="T_STRING">ElectronicaTasaCero</token>
    <token name="T_PHPDOX_SEMICOLON">;</token>
  </line>
  <line no="20">
    <token name="T_USE">use</token>
    <token name="T_WHITESPACE"> </token>
    <token name="T_STRING">SinticBolivia</token>
    <token name="T_NS_SEPARATOR">\</token>
    <token name="T_STRING">SBFramework</token>
    <token name="T_NS_SEPARATOR">\</token>
    <token name="T_STRING">Modules</token>
    <token name="T_NS_SEPARATOR">\</token>
    <token name="T_STRING">Invoices</token>
    <token name="T_NS_SEPARATOR">\</token>
    <token name="T_STRING">Classes</token>
    <token name="T_NS_SEPARATOR">\</token>
    <token name="T_STRING">Siat</token>
    <token name="T_NS_SEPARATOR">\</token>
    <token name="T_STRING">Invoices</token>
    <token name="T_NS_SEPARATOR">\</token>
    <token name="T_STRING">TasaCero</token>
    <token name="T_PHPDOX_SEMICOLON">;</token>
  </line>
  <line no="21">
    <token name="T_USE">use</token>
    <token name="T_WHITESPACE"> </token>
    <token name="T_STRING">SinticBolivia</token>
    <token name="T_NS_SEPARATOR">\</token>
    <token name="T_STRING">SBFramework</token>
    <token name="T_NS_SEPARATOR">\</token>
    <token name="T_STRING">Modules</token>
    <token name="T_NS_SEPARATOR">\</token>
    <token name="T_STRING">Invoices</token>
    <token name="T_NS_SEPARATOR">\</token>
    <token name="T_STRING">Classes</token>
    <token name="T_NS_SEPARATOR">\</token>
    <token name="T_STRING">Siat</token>
    <token name="T_NS_SEPARATOR">\</token>
    <token name="T_STRING">Invoices</token>
    <token name="T_NS_SEPARATOR">\</token>
    <token name="T_STRING">ElectronicaSectorEducativo</token>
    <token name="T_PHPDOX_SEMICOLON">;</token>
  </line>
  <line no="22">
    <token name="T_USE">use</token>
    <token name="T_WHITESPACE"> </token>
    <token name="T_STRING">SinticBolivia</token>
    <token name="T_NS_SEPARATOR">\</token>
    <token name="T_STRING">SBFramework</token>
    <token name="T_NS_SEPARATOR">\</token>
    <token name="T_STRING">Modules</token>
    <token name="T_NS_SEPARATOR">\</token>
    <token name="T_STRING">Invoices</token>
    <token name="T_NS_SEPARATOR">\</token>
    <token name="T_STRING">Classes</token>
    <token name="T_NS_SEPARATOR">\</token>
    <token name="T_STRING">Siat</token>
    <token name="T_NS_SEPARATOR">\</token>
    <token name="T_STRING">Invoices</token>
    <token name="T_NS_SEPARATOR">\</token>
    <token name="T_STRING">ElectronicaHotel</token>
    <token name="T_PHPDOX_SEMICOLON">;</token>
  </line>
  <line no="23">
    <token name="T_USE">use</token>
    <token name="T_WHITESPACE"> </token>
    <token name="T_STRING">SinticBolivia</token>
    <token name="T_NS_SEPARATOR">\</token>
    <token name="T_STRING">SBFramework</token>
    <token name="T_NS_SEPARATOR">\</token>
    <token name="T_STRING">Modules</token>
    <token name="T_NS_SEPARATOR">\</token>
    <token name="T_STRING">Invoices</token>
    <token name="T_NS_SEPARATOR">\</token>
    <token name="T_STRING">Classes</token>
    <token name="T_NS_SEPARATOR">\</token>
    <token name="T_STRING">Siat</token>
    <token name="T_NS_SEPARATOR">\</token>
    <token name="T_STRING">Invoices</token>
    <token name="T_NS_SEPARATOR">\</token>
    <token name="T_STRING">InvoiceDetailHotel</token>
    <token name="T_PHPDOX_SEMICOLON">;</token>
  </line>
  <line no="24">
    <token name="T_USE">use</token>
    <token name="T_WHITESPACE"> </token>
    <token name="T_STRING">SinticBolivia</token>
    <token name="T_NS_SEPARATOR">\</token>
    <token name="T_STRING">SBFramework</token>
    <token name="T_NS_SEPARATOR">\</token>
    <token name="T_STRING">Modules</token>
    <token name="T_NS_SEPARATOR">\</token>
    <token name="T_STRING">Invoices</token>
    <token name="T_NS_SEPARATOR">\</token>
    <token name="T_STRING">Classes</token>
    <token name="T_NS_SEPARATOR">\</token>
    <token name="T_STRING">Siat</token>
    <token name="T_NS_SEPARATOR">\</token>
    <token name="T_STRING">Invoices</token>
    <token name="T_NS_SEPARATOR">\</token>
    <token name="T_STRING">ElectronicaHospitales</token>
    <token name="T_PHPDOX_SEMICOLON">;</token>
  </line>
  <line no="25">
    <token name="T_USE">use</token>
    <token name="T_WHITESPACE"> </token>
    <token name="T_STRING">SinticBolivia</token>
    <token name="T_NS_SEPARATOR">\</token>
    <token name="T_STRING">SBFramework</token>
    <token name="T_NS_SEPARATOR">\</token>
    <token name="T_STRING">Modules</token>
    <token name="T_NS_SEPARATOR">\</token>
    <token name="T_STRING">Invoices</token>
    <token name="T_NS_SEPARATOR">\</token>
    <token name="T_STRING">Classes</token>
    <token name="T_NS_SEPARATOR">\</token>
    <token name="T_STRING">Siat</token>
    <token name="T_NS_SEPARATOR">\</token>
    <token name="T_STRING">Invoices</token>
    <token name="T_NS_SEPARATOR">\</token>
    <token name="T_STRING">InvoiceDetailHospital</token>
    <token name="T_PHPDOX_SEMICOLON">;</token>
  </line>
  <line no="26">
    <token name="T_USE">use</token>
    <token name="T_WHITESPACE"> </token>
    <token name="T_STRING">SinticBolivia</token>
    <token name="T_NS_SEPARATOR">\</token>
    <token name="T_STRING">SBFramework</token>
    <token name="T_NS_SEPARATOR">\</token>
    <token name="T_STRING">Modules</token>
    <token name="T_NS_SEPARATOR">\</token>
    <token name="T_STRING">Invoices</token>
    <token name="T_NS_SEPARATOR">\</token>
    <token name="T_STRING">Classes</token>
    <token name="T_NS_SEPARATOR">\</token>
    <token name="T_STRING">Siat</token>
    <token name="T_NS_SEPARATOR">\</token>
    <token name="T_STRING">Invoices</token>
    <token name="T_NS_SEPARATOR">\</token>
    <token name="T_STRING">ElectronicaComercialExportacionServicio</token>
    <token name="T_PHPDOX_SEMICOLON">;</token>
  </line>
  <line no="27">
    <token name="T_USE">use</token>
    <token name="T_WHITESPACE"> </token>
    <token name="T_STRING">SinticBolivia</token>
    <token name="T_NS_SEPARATOR">\</token>
    <token name="T_STRING">SBFramework</token>
    <token name="T_NS_SEPARATOR">\</token>
    <token name="T_STRING">Modules</token>
    <token name="T_NS_SEPARATOR">\</token>
    <token name="T_STRING">Invoices</token>
    <token name="T_NS_SEPARATOR">\</token>
    <token name="T_STRING">Classes</token>
    <token name="T_NS_SEPARATOR">\</token>
    <token name="T_STRING">Siat</token>
    <token name="T_NS_SEPARATOR">\</token>
    <token name="T_STRING">Invoices</token>
    <token name="T_NS_SEPARATOR">\</token>
    <token name="T_STRING">SectorEducativo</token>
    <token name="T_PHPDOX_SEMICOLON">;</token>
  </line>
  <line no="28">
    <token name="T_USE">use</token>
    <token name="T_WHITESPACE"> </token>
    <token name="T_STRING">SinticBolivia</token>
    <token name="T_NS_SEPARATOR">\</token>
    <token name="T_STRING">SBFramework</token>
    <token name="T_NS_SEPARATOR">\</token>
    <token name="T_STRING">Modules</token>
    <token name="T_NS_SEPARATOR">\</token>
    <token name="T_STRING">Invoices</token>
    <token name="T_NS_SEPARATOR">\</token>
    <token name="T_STRING">Classes</token>
    <token name="T_NS_SEPARATOR">\</token>
    <token name="T_STRING">Siat</token>
    <token name="T_NS_SEPARATOR">\</token>
    <token name="T_STRING">Invoices</token>
    <token name="T_NS_SEPARATOR">\</token>
    <token name="T_STRING">Hotel</token>
    <token name="T_PHPDOX_SEMICOLON">;</token>
  </line>
  <line no="29">
    <token name="T_USE">use</token>
    <token name="T_WHITESPACE"> </token>
    <token name="T_STRING">SinticBolivia</token>
    <token name="T_NS_SEPARATOR">\</token>
    <token name="T_STRING">SBFramework</token>
    <token name="T_NS_SEPARATOR">\</token>
    <token name="T_STRING">Modules</token>
    <token name="T_NS_SEPARATOR">\</token>
    <token name="T_STRING">Invoices</token>
    <token name="T_NS_SEPARATOR">\</token>
    <token name="T_STRING">Classes</token>
    <token name="T_NS_SEPARATOR">\</token>
    <token name="T_STRING">Siat</token>
    <token name="T_NS_SEPARATOR">\</token>
    <token name="T_STRING">Invoices</token>
    <token name="T_NS_SEPARATOR">\</token>
    <token name="T_STRING">Hospitales</token>
    <token name="T_PHPDOX_SEMICOLON">;</token>
  </line>
  <line no="30">
    <token name="T_USE">use</token>
    <token name="T_WHITESPACE"> </token>
    <token name="T_STRING">SinticBolivia</token>
    <token name="T_NS_SEPARATOR">\</token>
    <token name="T_STRING">SBFramework</token>
    <token name="T_NS_SEPARATOR">\</token>
    <token name="T_STRING">Modules</token>
    <token name="T_NS_SEPARATOR">\</token>
    <token name="T_STRING">Invoices</token>
    <token name="T_NS_SEPARATOR">\</token>
    <token name="T_STRING">Classes</token>
    <token name="T_NS_SEPARATOR">\</token>
    <token name="T_STRING">Siat</token>
    <token name="T_NS_SEPARATOR">\</token>
    <token name="T_STRING">Invoices</token>
    <token name="T_NS_SEPARATOR">\</token>
    <token name="T_STRING">ComercialExportacionServicio</token>
    <token name="T_PHPDOX_SEMICOLON">;</token>
  </line>
  <line no="31">
    <token name="T_USE">use</token>
    <token name="T_WHITESPACE"> </token>
    <token name="T_STRING">SinticBolivia</token>
    <token name="T_NS_SEPARATOR">\</token>
    <token name="T_STRING">SBFramework</token>
    <token name="T_NS_SEPARATOR">\</token>
    <token name="T_STRING">Modules</token>
    <token name="T_NS_SEPARATOR">\</token>
    <token name="T_STRING">Invoices</token>
    <token name="T_NS_SEPARATOR">\</token>
    <token name="T_STRING">Classes</token>
    <token name="T_NS_SEPARATOR">\</token>
    <token name="T_STRING">Siat</token>
    <token name="T_NS_SEPARATOR">\</token>
    <token name="T_STRING">Invoices</token>
    <token name="T_NS_SEPARATOR">\</token>
    <token name="T_STRING">ServicioBasico</token>
    <token name="T_PHPDOX_SEMICOLON">;</token>
  </line>
  <line no="32">
    <token name="T_USE">use</token>
    <token name="T_WHITESPACE"> </token>
    <token name="T_STRING">SinticBolivia</token>
    <token name="T_NS_SEPARATOR">\</token>
    <token name="T_STRING">SBFramework</token>
    <token name="T_NS_SEPARATOR">\</token>
    <token name="T_STRING">Modules</token>
    <token name="T_NS_SEPARATOR">\</token>
    <token name="T_STRING">Invoices</token>
    <token name="T_NS_SEPARATOR">\</token>
    <token name="T_STRING">Classes</token>
    <token name="T_NS_SEPARATOR">\</token>
    <token name="T_STRING">Siat</token>
    <token name="T_NS_SEPARATOR">\</token>
    <token name="T_STRING">Invoices</token>
    <token name="T_NS_SEPARATOR">\</token>
    <token name="T_STRING">ElectronicaServicioBasico</token>
    <token name="T_PHPDOX_SEMICOLON">;</token>
  </line>
  <line no="33">
    <token name="T_USE">use</token>
    <token name="T_WHITESPACE"> </token>
    <token name="T_STRING">SinticBolivia</token>
    <token name="T_NS_SEPARATOR">\</token>
    <token name="T_STRING">SBFramework</token>
    <token name="T_NS_SEPARATOR">\</token>
    <token name="T_STRING">Modules</token>
    <token name="T_NS_SEPARATOR">\</token>
    <token name="T_STRING">Invoices</token>
    <token name="T_NS_SEPARATOR">\</token>
    <token name="T_STRING">Classes</token>
    <token name="T_NS_SEPARATOR">\</token>
    <token name="T_STRING">Siat</token>
    <token name="T_NS_SEPARATOR">\</token>
    <token name="T_STRING">Invoices</token>
    <token name="T_NS_SEPARATOR">\</token>
    <token name="T_STRING">EntidadFinanciera</token>
    <token name="T_PHPDOX_SEMICOLON">;</token>
  </line>
  <line no="34">
    <token name="T_USE">use</token>
    <token name="T_WHITESPACE"> </token>
    <token name="T_STRING">SinticBolivia</token>
    <token name="T_NS_SEPARATOR">\</token>
    <token name="T_STRING">SBFramework</token>
    <token name="T_NS_SEPARATOR">\</token>
    <token name="T_STRING">Modules</token>
    <token name="T_NS_SEPARATOR">\</token>
    <token name="T_STRING">Invoices</token>
    <token name="T_NS_SEPARATOR">\</token>
    <token name="T_STRING">Classes</token>
    <token name="T_NS_SEPARATOR">\</token>
    <token name="T_STRING">Siat</token>
    <token name="T_NS_SEPARATOR">\</token>
    <token name="T_STRING">Invoices</token>
    <token name="T_NS_SEPARATOR">\</token>
    <token name="T_STRING">ElectronicaEntidadFinanciera</token>
    <token name="T_PHPDOX_SEMICOLON">;</token>
  </line>
  <line no="35"/>
  <line no="36">
    <token name="T_FUNCTION">function</token>
    <token name="T_WHITESPACE"> </token>
    <token name="T_STRING">test_log</token>
    <token name="T_PHPDOX_OPEN_BRACKET">(</token>
    <token name="T_VARIABLE">$data</token>
    <token name="T_PHPDOX_COMMA">,</token>
    <token name="T_WHITESPACE"> </token>
    <token name="T_VARIABLE">$destFile</token>
    <token name="T_WHITESPACE"> </token>
    <token name="T_PHPDOX_EQUAL">=</token>
    <token name="T_WHITESPACE"> </token>
    <token name="T_STRING">null</token>
    <token name="T_PHPDOX_CLOSE_BRACKET">)</token>
  </line>
  <line no="37">
    <token name="T_PHPDOX_OPEN_CURLY">{</token>
  </line>
  <line no="38">
    <token name="T_WHITESPACE">	</token>
    <token name="T_GLOBAL">global</token>
    <token name="T_WHITESPACE"> </token>
    <token name="T_VARIABLE">$config</token>
    <token name="T_PHPDOX_SEMICOLON">;</token>
  </line>
  <line no="39">
    <token name="T_WHITESPACE">	</token>
  </line>
  <line no="40">
    <token name="T_WHITESPACE">	</token>
    <token name="T_VARIABLE">$filename</token>
    <token name="T_WHITESPACE"> </token>
    <token name="T_PHPDOX_EQUAL">=</token>
    <token name="T_WHITESPACE"> </token>
    <token name="T_DIR">__DIR__</token>
    <token name="T_WHITESPACE"> </token>
    <token name="T_PHPDOX_DOT">.</token>
    <token name="T_WHITESPACE"> </token>
    <token name="T_CONSTANT_ENCAPSED_STRING">'/nit-'</token>
    <token name="T_WHITESPACE"> </token>
    <token name="T_PHPDOX_DOT">.</token>
    <token name="T_WHITESPACE"> </token>
    <token name="T_VARIABLE">$config</token>
    <token name="T_OBJECT_OPERATOR">-&gt;</token>
    <token name="T_STRING">nit</token>
    <token name="T_WHITESPACE"> </token>
    <token name="T_PHPDOX_DOT">.</token>
    <token name="T_WHITESPACE"> </token>
    <token name="T_PHPDOX_OPEN_BRACKET">(</token>
    <token name="T_VARIABLE">$destFile</token>
    <token name="T_WHITESPACE"> </token>
    <token name="T_PHPDOX_QUESTION_MARK">?</token>
    <token name="T_WHITESPACE"> </token>
    <token name="T_CONSTANT_ENCAPSED_STRING">'-'</token>
    <token name="T_WHITESPACE"> </token>
    <token name="T_PHPDOX_DOT">.</token>
    <token name="T_WHITESPACE"> </token>
    <token name="T_VARIABLE">$destFile</token>
    <token name="T_WHITESPACE"> </token>
    <token name="T_PHPDOX_COLON">:</token>
    <token name="T_WHITESPACE"> </token>
    <token name="T_CONSTANT_ENCAPSED_STRING">''</token>
    <token name="T_PHPDOX_CLOSE_BRACKET">)</token>
    <token name="T_WHITESPACE"> </token>
    <token name="T_PHPDOX_DOT">.</token>
    <token name="T_WHITESPACE"> </token>
    <token name="T_CONSTANT_ENCAPSED_STRING">'.log'</token>
    <token name="T_PHPDOX_SEMICOLON">;</token>
  </line>
  <line no="41">
    <token name="T_WHITESPACE">	</token>
    <token name="T_VARIABLE">$fh</token>
    <token name="T_WHITESPACE"> </token>
    <token name="T_PHPDOX_EQUAL">=</token>
    <token name="T_WHITESPACE"> </token>
    <token name="T_STRING">fopen</token>
    <token name="T_PHPDOX_OPEN_BRACKET">(</token>
    <token name="T_VARIABLE">$filename</token>
    <token name="T_PHPDOX_COMMA">,</token>
    <token name="T_WHITESPACE"> </token>
    <token name="T_STRING">is_file</token>
    <token name="T_PHPDOX_OPEN_BRACKET">(</token>
    <token name="T_VARIABLE">$filename</token>
    <token name="T_PHPDOX_CLOSE_BRACKET">)</token>
    <token name="T_WHITESPACE"> </token>
    <token name="T_PHPDOX_QUESTION_MARK">?</token>
    <token name="T_WHITESPACE"> </token>
    <token name="T_CONSTANT_ENCAPSED_STRING">'a+'</token>
    <token name="T_WHITESPACE"> </token>
    <token name="T_PHPDOX_COLON">:</token>
    <token name="T_WHITESPACE"> </token>
    <token name="T_CONSTANT_ENCAPSED_STRING">'w+'</token>
    <token name="T_PHPDOX_CLOSE_BRACKET">)</token>
    <token name="T_PHPDOX_SEMICOLON">;</token>
  </line>
  <line no="42">
    <token name="T_WHITESPACE">	</token>
    <token name="T_STRING">fwrite</token>
    <token name="T_PHPDOX_OPEN_BRACKET">(</token>
    <token name="T_VARIABLE">$fh</token>
    <token name="T_PHPDOX_COMMA">,</token>
    <token name="T_WHITESPACE"> </token>
    <token name="T_STRING">sprintf</token>
    <token name="T_PHPDOX_OPEN_BRACKET">(</token>
    <token name="T_CONSTANT_ENCAPSED_STRING">"[%s]#\n%s\n"</token>
    <token name="T_PHPDOX_COMMA">,</token>
    <token name="T_WHITESPACE"> </token>
    <token name="T_STRING">date</token>
    <token name="T_PHPDOX_OPEN_BRACKET">(</token>
    <token name="T_CONSTANT_ENCAPSED_STRING">'Y-m-d H:i:s'</token>
    <token name="T_PHPDOX_CLOSE_BRACKET">)</token>
    <token name="T_PHPDOX_COMMA">,</token>
    <token name="T_WHITESPACE"> </token>
    <token name="T_STRING">print_r</token>
    <token name="T_PHPDOX_OPEN_BRACKET">(</token>
    <token name="T_VARIABLE">$data</token>
    <token name="T_PHPDOX_COMMA">,</token>
    <token name="T_WHITESPACE"> </token>
    <token name="T_LNUMBER">1</token>
    <token name="T_PHPDOX_CLOSE_BRACKET">)</token>
    <token name="T_PHPDOX_CLOSE_BRACKET">)</token>
    <token name="T_PHPDOX_CLOSE_BRACKET">)</token>
    <token name="T_PHPDOX_SEMICOLON">;</token>
  </line>
  <line no="43">
    <token name="T_WHITESPACE">	</token>
    <token name="T_STRING">fclose</token>
    <token name="T_PHPDOX_OPEN_BRACKET">(</token>
    <token name="T_VARIABLE">$fh</token>
    <token name="T_PHPDOX_CLOSE_BRACKET">)</token>
    <token name="T_PHPDOX_SEMICOLON">;</token>
  </line>
  <line no="44">
    <token name="T_WHITESPACE">	</token>
    <token name="T_STRING">print_r</token>
    <token name="T_PHPDOX_OPEN_BRACKET">(</token>
    <token name="T_VARIABLE">$data</token>
    <token name="T_PHPDOX_CLOSE_BRACKET">)</token>
    <token name="T_PHPDOX_SEMICOLON">;</token>
  </line>
  <line no="45">
    <token name="T_PHPDOX_CLOSE_CURLY">}</token>
  </line>
  <line no="46">
    <token name="T_FUNCTION">function</token>
    <token name="T_WHITESPACE"> </token>
    <token name="T_STRING">construirFactura</token>
    <token name="T_PHPDOX_OPEN_BRACKET">(</token>
    <token name="T_VARIABLE">$codigoPuntoVenta</token>
    <token name="T_WHITESPACE"> </token>
    <token name="T_PHPDOX_EQUAL">=</token>
    <token name="T_WHITESPACE"> </token>
    <token name="T_LNUMBER">0</token>
    <token name="T_PHPDOX_COMMA">,</token>
    <token name="T_WHITESPACE"> </token>
    <token name="T_VARIABLE">$codigoSucursal</token>
    <token name="T_WHITESPACE"> </token>
    <token name="T_PHPDOX_EQUAL">=</token>
    <token name="T_WHITESPACE"> </token>
    <token name="T_LNUMBER">0</token>
    <token name="T_PHPDOX_COMMA">,</token>
    <token name="T_WHITESPACE"> </token>
    <token name="T_VARIABLE">$modalidad</token>
    <token name="T_WHITESPACE"> </token>
    <token name="T_PHPDOX_EQUAL">=</token>
    <token name="T_WHITESPACE"> </token>
    <token name="T_LNUMBER">0</token>
    <token name="T_PHPDOX_COMMA">,</token>
    <token name="T_WHITESPACE"> </token>
    <token name="T_VARIABLE">$documentoSector</token>
    <token name="T_WHITESPACE"> </token>
    <token name="T_PHPDOX_EQUAL">=</token>
    <token name="T_WHITESPACE"> </token>
    <token name="T_LNUMBER">1</token>
    <token name="T_PHPDOX_COMMA">,</token>
    <token name="T_WHITESPACE"> </token>
    <token name="T_VARIABLE">$codigoActividad</token>
    <token name="T_WHITESPACE"> </token>
    <token name="T_PHPDOX_EQUAL">=</token>
    <token name="T_WHITESPACE"> </token>
    <token name="T_CONSTANT_ENCAPSED_STRING">'620100'</token>
    <token name="T_PHPDOX_COMMA">,</token>
    <token name="T_WHITESPACE"> </token>
    <token name="T_VARIABLE">$codigoProductoSin</token>
    <token name="T_WHITESPACE"> </token>
    <token name="T_PHPDOX_EQUAL">=</token>
    <token name="T_WHITESPACE"> </token>
    <token name="T_CONSTANT_ENCAPSED_STRING">''</token>
    <token name="T_PHPDOX_CLOSE_BRACKET">)</token>
  </line>
  <line no="47">
    <token name="T_PHPDOX_OPEN_CURLY">{</token>
  </line>
  <line no="48">
    <token name="T_WHITESPACE">	</token>
    <token name="T_GLOBAL">global</token>
    <token name="T_WHITESPACE"> </token>
    <token name="T_VARIABLE">$config</token>
    <token name="T_PHPDOX_SEMICOLON">;</token>
  </line>
  <line no="49">
    <token name="T_WHITESPACE">	</token>
  </line>
  <line no="50">
    <token name="T_WHITESPACE">	</token>
    <token name="T_VARIABLE">$subTotal</token>
    <token name="T_WHITESPACE"> </token>
    <token name="T_PHPDOX_EQUAL">=</token>
    <token name="T_WHITESPACE"> </token>
    <token name="T_LNUMBER">0</token>
    <token name="T_PHPDOX_SEMICOLON">;</token>
  </line>
  <line no="51">
    <token name="T_WHITESPACE">	</token>
    <token name="T_VARIABLE">$factura</token>
    <token name="T_WHITESPACE"> </token>
    <token name="T_PHPDOX_EQUAL">=</token>
    <token name="T_WHITESPACE"> </token>
    <token name="T_STRING">null</token>
    <token name="T_PHPDOX_SEMICOLON">;</token>
  </line>
  <line no="52">
    <token name="T_WHITESPACE">	</token>
    <token name="T_VARIABLE">$detailClass</token>
    <token name="T_WHITESPACE"> </token>
    <token name="T_PHPDOX_EQUAL">=</token>
    <token name="T_WHITESPACE"> </token>
    <token name="T_STRING">InvoiceDetail</token>
    <token name="T_DOUBLE_COLON">::</token>
    <token name="T_CLASS">class</token>
    <token name="T_PHPDOX_SEMICOLON">;</token>
  </line>
  <line no="53">
    <token name="T_WHITESPACE">	</token>
  </line>
  <line no="54">
    <token name="T_WHITESPACE">	</token>
    <token name="T_IF">if</token>
    <token name="T_PHPDOX_OPEN_BRACKET">(</token>
    <token name="T_WHITESPACE"> </token>
    <token name="T_VARIABLE">$modalidad</token>
    <token name="T_WHITESPACE"> </token>
    <token name="T_IS_EQUAL">==</token>
    <token name="T_WHITESPACE"> </token>
    <token name="T_STRING">ServicioSiat</token>
    <token name="T_DOUBLE_COLON">::</token>
    <token name="T_STRING">MOD_ELECTRONICA_ENLINEA</token>
    <token name="T_WHITESPACE"> </token>
    <token name="T_PHPDOX_CLOSE_BRACKET">)</token>
  </line>
  <line no="55">
    <token name="T_WHITESPACE">	</token>
    <token name="T_PHPDOX_OPEN_CURLY">{</token>
  </line>
  <line no="56">
    <token name="T_WHITESPACE">		</token>
    <token name="T_IF">if</token>
    <token name="T_PHPDOX_OPEN_BRACKET">(</token>
    <token name="T_WHITESPACE"> </token>
    <token name="T_VARIABLE">$documentoSector</token>
    <token name="T_WHITESPACE"> </token>
    <token name="T_IS_EQUAL">==</token>
    <token name="T_WHITESPACE"> </token>
    <token name="T_STRING">DocumentTypes</token>
    <token name="T_DOUBLE_COLON">::</token>
    <token name="T_STRING">FACTURA_COMPRA_VENTA</token>
    <token name="T_WHITESPACE"> </token>
    <token name="T_PHPDOX_CLOSE_BRACKET">)</token>
  </line>
  <line no="57">
    <token name="T_WHITESPACE">			</token>
    <token name="T_VARIABLE">$factura</token>
    <token name="T_WHITESPACE"> </token>
    <token name="T_PHPDOX_EQUAL">=</token>
    <token name="T_WHITESPACE"> </token>
    <token name="T_NEW">new</token>
    <token name="T_WHITESPACE"> </token>
    <token name="T_STRING">ElectronicaCompraVenta</token>
    <token name="T_PHPDOX_OPEN_BRACKET">(</token>
    <token name="T_PHPDOX_CLOSE_BRACKET">)</token>
    <token name="T_PHPDOX_SEMICOLON">;</token>
  </line>
  <line no="58">
    <token name="T_WHITESPACE">			</token>
    <token name="T_ELSE">else</token>
    <token name="T_WHITESPACE"> </token>
    <token name="T_IF">if</token>
    <token name="T_PHPDOX_OPEN_BRACKET">(</token>
    <token name="T_WHITESPACE"> </token>
    <token name="T_VARIABLE">$documentoSector</token>
    <token name="T_WHITESPACE"> </token>
    <token name="T_IS_EQUAL">==</token>
    <token name="T_WHITESPACE"> </token>
    <token name="T_STRING">DocumentTypes</token>
    <token name="T_DOUBLE_COLON">::</token>
    <token name="T_STRING">FACTURA_COMERCIAL_EXPORTACION</token>
    <token name="T_WHITESPACE"> </token>
    <token name="T_PHPDOX_CLOSE_BRACKET">)</token>
  </line>
  <line no="59">
    <token name="T_WHITESPACE">			</token>
    <token name="T_PHPDOX_OPEN_CURLY">{</token>
  </line>
  <line no="60">
    <token name="T_WHITESPACE">				</token>
    <token name="T_VARIABLE">$factura</token>
    <token name="T_WHITESPACE"> </token>
    <token name="T_PHPDOX_EQUAL">=</token>
    <token name="T_WHITESPACE"> </token>
    <token name="T_NEW">new</token>
    <token name="T_WHITESPACE"> </token>
    <token name="T_STRING">ElectronicaComercialExportacion</token>
    <token name="T_PHPDOX_OPEN_BRACKET">(</token>
    <token name="T_PHPDOX_CLOSE_BRACKET">)</token>
    <token name="T_PHPDOX_SEMICOLON">;</token>
  </line>
  <line no="61">
    <token name="T_WHITESPACE">				</token>
    <token name="T_VARIABLE">$detailClass</token>
    <token name="T_WHITESPACE"> </token>
    <token name="T_PHPDOX_EQUAL">=</token>
    <token name="T_WHITESPACE"> </token>
    <token name="T_STRING">InvoiceDetailComercialExportacion</token>
    <token name="T_DOUBLE_COLON">::</token>
    <token name="T_CLASS">class</token>
    <token name="T_PHPDOX_SEMICOLON">;</token>
  </line>
  <line no="62">
    <token name="T_WHITESPACE">			</token>
    <token name="T_PHPDOX_CLOSE_CURLY">}</token>
  </line>
  <line no="63">
    <token name="T_WHITESPACE">			</token>
    <token name="T_ELSE">else</token>
    <token name="T_WHITESPACE"> </token>
    <token name="T_IF">if</token>
    <token name="T_PHPDOX_OPEN_BRACKET">(</token>
    <token name="T_WHITESPACE"> </token>
    <token name="T_VARIABLE">$documentoSector</token>
    <token name="T_WHITESPACE"> </token>
    <token name="T_IS_EQUAL">==</token>
    <token name="T_WHITESPACE"> </token>
    <token name="T_STRING">DocumentTypes</token>
    <token name="T_DOUBLE_COLON">::</token>
    <token name="T_STRING">FACTURA_SERVICIO_TURISTICO</token>
    <token name="T_WHITESPACE"> </token>
    <token name="T_PHPDOX_CLOSE_BRACKET">)</token>
  </line>
  <line no="64">
    <token name="T_WHITESPACE">			</token>
    <token name="T_PHPDOX_OPEN_CURLY">{</token>
  </line>
  <line no="65">
    <token name="T_WHITESPACE">				</token>
    <token name="T_VARIABLE">$factura</token>
    <token name="T_WHITESPACE"> </token>
    <token name="T_PHPDOX_EQUAL">=</token>
    <token name="T_WHITESPACE"> </token>
    <token name="T_NEW">new</token>
    <token name="T_WHITESPACE"> </token>
    <token name="T_STRING">ElectronicaServicioTuristicoHospedaje</token>
    <token name="T_PHPDOX_OPEN_BRACKET">(</token>
    <token name="T_PHPDOX_CLOSE_BRACKET">)</token>
    <token name="T_PHPDOX_SEMICOLON">;</token>
  </line>
  <line no="66">
    <token name="T_WHITESPACE">				</token>
    <token name="T_VARIABLE">$detailClass</token>
    <token name="T_WHITESPACE"> </token>
    <token name="T_PHPDOX_EQUAL">=</token>
    <token name="T_WHITESPACE"> </token>
    <token name="T_STRING">InvoiceDetailTuristico</token>
    <token name="T_DOUBLE_COLON">::</token>
    <token name="T_CLASS">class</token>
    <token name="T_PHPDOX_SEMICOLON">;</token>
  </line>
  <line no="67">
    <token name="T_WHITESPACE">			</token>
    <token name="T_PHPDOX_CLOSE_CURLY">}</token>
  </line>
  <line no="68">
    <token name="T_WHITESPACE">			</token>
    <token name="T_ELSE">else</token>
    <token name="T_WHITESPACE"> </token>
    <token name="T_IF">if</token>
    <token name="T_PHPDOX_OPEN_BRACKET">(</token>
    <token name="T_WHITESPACE"> </token>
    <token name="T_VARIABLE">$documentoSector</token>
    <token name="T_WHITESPACE"> </token>
    <token name="T_IS_EQUAL">==</token>
    <token name="T_WHITESPACE"> </token>
    <token name="T_STRING">DocumentTypes</token>
    <token name="T_DOUBLE_COLON">::</token>
    <token name="T_STRING">FACTURA_TASA_CERO_LIBROS</token>
    <token name="T_WHITESPACE"> </token>
    <token name="T_PHPDOX_CLOSE_BRACKET">)</token>
  </line>
  <line no="69">
    <token name="T_WHITESPACE">			</token>
    <token name="T_PHPDOX_OPEN_CURLY">{</token>
  </line>
  <line no="70">
    <token name="T_WHITESPACE">				</token>
    <token name="T_VARIABLE">$factura</token>
    <token name="T_WHITESPACE"> </token>
    <token name="T_PHPDOX_EQUAL">=</token>
    <token name="T_WHITESPACE"> </token>
    <token name="T_NEW">new</token>
    <token name="T_WHITESPACE"> </token>
    <token name="T_STRING">ElectronicaTasaCero</token>
    <token name="T_PHPDOX_OPEN_BRACKET">(</token>
    <token name="T_PHPDOX_CLOSE_BRACKET">)</token>
    <token name="T_PHPDOX_SEMICOLON">;</token>
  </line>
  <line no="71">
    <token name="T_WHITESPACE">				</token>
    <token name="T_COMMENT">//$detailClass = InvoiceDetailTuristico::class;</token>
  </line>
  <line no="72">
    <token name="T_WHITESPACE">			</token>
    <token name="T_PHPDOX_CLOSE_CURLY">}</token>
  </line>
  <line no="73">
    <token name="T_WHITESPACE">			</token>
    <token name="T_ELSE">else</token>
    <token name="T_WHITESPACE"> </token>
    <token name="T_IF">if</token>
    <token name="T_PHPDOX_OPEN_BRACKET">(</token>
    <token name="T_WHITESPACE"> </token>
    <token name="T_VARIABLE">$documentoSector</token>
    <token name="T_WHITESPACE"> </token>
    <token name="T_IS_EQUAL">==</token>
    <token name="T_WHITESPACE"> </token>
    <token name="T_STRING">DocumentTypes</token>
    <token name="T_DOUBLE_COLON">::</token>
    <token name="T_STRING">FACTURA_SECTOR_EDUCATIVO</token>
    <token name="T_WHITESPACE"> </token>
    <token name="T_PHPDOX_CLOSE_BRACKET">)</token>
  </line>
  <line no="74">
    <token name="T_WHITESPACE">			</token>
    <token name="T_PHPDOX_OPEN_CURLY">{</token>
  </line>
  <line no="75">
    <token name="T_WHITESPACE">				</token>
    <token name="T_VARIABLE">$factura</token>
    <token name="T_WHITESPACE"> </token>
    <token name="T_PHPDOX_EQUAL">=</token>
    <token name="T_WHITESPACE"> </token>
    <token name="T_NEW">new</token>
    <token name="T_WHITESPACE"> </token>
    <token name="T_STRING">ElectronicaSectorEducativo</token>
    <token name="T_PHPDOX_OPEN_BRACKET">(</token>
    <token name="T_PHPDOX_CLOSE_BRACKET">)</token>
    <token name="T_PHPDOX_SEMICOLON">;</token>
  </line>
  <line no="76">
    <token name="T_WHITESPACE">			</token>
    <token name="T_PHPDOX_CLOSE_CURLY">}</token>
  </line>
  <line no="77">
    <token name="T_WHITESPACE">			</token>
    <token name="T_ELSE">else</token>
    <token name="T_WHITESPACE"> </token>
    <token name="T_IF">if</token>
    <token name="T_PHPDOX_OPEN_BRACKET">(</token>
    <token name="T_WHITESPACE"> </token>
    <token name="T_VARIABLE">$documentoSector</token>
    <token name="T_WHITESPACE"> </token>
    <token name="T_IS_EQUAL">==</token>
    <token name="T_WHITESPACE"> </token>
    <token name="T_STRING">DocumentTypes</token>
    <token name="T_DOUBLE_COLON">::</token>
    <token name="T_STRING">FACTURA_HOTELES</token>
    <token name="T_WHITESPACE"> </token>
    <token name="T_PHPDOX_CLOSE_BRACKET">)</token>
  </line>
  <line no="78">
    <token name="T_WHITESPACE">			</token>
    <token name="T_PHPDOX_OPEN_CURLY">{</token>
  </line>
  <line no="79">
    <token name="T_WHITESPACE">				</token>
    <token name="T_VARIABLE">$factura</token>
    <token name="T_WHITESPACE"> </token>
    <token name="T_PHPDOX_EQUAL">=</token>
    <token name="T_WHITESPACE"> </token>
    <token name="T_NEW">new</token>
    <token name="T_WHITESPACE"> </token>
    <token name="T_STRING">ElectronicaHotel</token>
    <token name="T_PHPDOX_OPEN_BRACKET">(</token>
    <token name="T_PHPDOX_CLOSE_BRACKET">)</token>
    <token name="T_PHPDOX_SEMICOLON">;</token>
  </line>
  <line no="80">
    <token name="T_WHITESPACE">				</token>
    <token name="T_VARIABLE">$detailClass</token>
    <token name="T_WHITESPACE"> </token>
    <token name="T_PHPDOX_EQUAL">=</token>
    <token name="T_WHITESPACE"> </token>
    <token name="T_STRING">InvoiceDetailHotel</token>
    <token name="T_DOUBLE_COLON">::</token>
    <token name="T_CLASS">class</token>
    <token name="T_PHPDOX_SEMICOLON">;</token>
  </line>
  <line no="81">
    <token name="T_WHITESPACE">			</token>
    <token name="T_PHPDOX_CLOSE_CURLY">}</token>
  </line>
  <line no="82">
    <token name="T_WHITESPACE">			</token>
    <token name="T_ELSE">else</token>
    <token name="T_WHITESPACE"> </token>
    <token name="T_IF">if</token>
    <token name="T_PHPDOX_OPEN_BRACKET">(</token>
    <token name="T_WHITESPACE"> </token>
    <token name="T_VARIABLE">$documentoSector</token>
    <token name="T_WHITESPACE"> </token>
    <token name="T_IS_EQUAL">==</token>
    <token name="T_WHITESPACE"> </token>
    <token name="T_STRING">DocumentTypes</token>
    <token name="T_DOUBLE_COLON">::</token>
    <token name="T_STRING">FACTURA_HOSPITALES</token>
    <token name="T_WHITESPACE"> </token>
    <token name="T_PHPDOX_CLOSE_BRACKET">)</token>
  </line>
  <line no="83">
    <token name="T_WHITESPACE">			</token>
    <token name="T_PHPDOX_OPEN_CURLY">{</token>
  </line>
  <line no="84">
    <token name="T_WHITESPACE">				</token>
    <token name="T_VARIABLE">$factura</token>
    <token name="T_WHITESPACE"> </token>
    <token name="T_PHPDOX_EQUAL">=</token>
    <token name="T_WHITESPACE"> </token>
    <token name="T_NEW">new</token>
    <token name="T_WHITESPACE"> </token>
    <token name="T_STRING">ElectronicaHospitales</token>
    <token name="T_PHPDOX_OPEN_BRACKET">(</token>
    <token name="T_PHPDOX_CLOSE_BRACKET">)</token>
    <token name="T_PHPDOX_SEMICOLON">;</token>
  </line>
  <line no="85">
    <token name="T_WHITESPACE">				</token>
    <token name="T_VARIABLE">$detailClass</token>
    <token name="T_WHITESPACE"> </token>
    <token name="T_PHPDOX_EQUAL">=</token>
    <token name="T_WHITESPACE"> </token>
    <token name="T_STRING">InvoiceDetailHospital</token>
    <token name="T_DOUBLE_COLON">::</token>
    <token name="T_CLASS">class</token>
    <token name="T_PHPDOX_SEMICOLON">;</token>
  </line>
  <line no="86">
    <token name="T_WHITESPACE">			</token>
    <token name="T_PHPDOX_CLOSE_CURLY">}</token>
  </line>
  <line no="87">
    <token name="T_WHITESPACE">			</token>
    <token name="T_ELSE">else</token>
    <token name="T_WHITESPACE"> </token>
    <token name="T_IF">if</token>
    <token name="T_PHPDOX_OPEN_BRACKET">(</token>
    <token name="T_WHITESPACE"> </token>
    <token name="T_VARIABLE">$documentoSector</token>
    <token name="T_WHITESPACE"> </token>
    <token name="T_IS_EQUAL">==</token>
    <token name="T_WHITESPACE"> </token>
    <token name="T_STRING">DocumentTypes</token>
    <token name="T_DOUBLE_COLON">::</token>
    <token name="T_STRING">FACTURA_COM_EXPORT_SERVICIOS</token>
    <token name="T_WHITESPACE"> </token>
    <token name="T_PHPDOX_CLOSE_BRACKET">)</token>
  </line>
  <line no="88">
    <token name="T_WHITESPACE">			</token>
    <token name="T_PHPDOX_OPEN_CURLY">{</token>
  </line>
  <line no="89">
    <token name="T_WHITESPACE">				</token>
    <token name="T_VARIABLE">$factura</token>
    <token name="T_WHITESPACE"> </token>
    <token name="T_PHPDOX_EQUAL">=</token>
    <token name="T_WHITESPACE"> </token>
    <token name="T_NEW">new</token>
    <token name="T_WHITESPACE"> </token>
    <token name="T_STRING">ElectronicaComercialExportacionServicio</token>
    <token name="T_PHPDOX_OPEN_BRACKET">(</token>
    <token name="T_PHPDOX_CLOSE_BRACKET">)</token>
    <token name="T_PHPDOX_SEMICOLON">;</token>
  </line>
  <line no="90">
    <token name="T_WHITESPACE">				</token>
    <token name="T_COMMENT">//$detailClass = InvoiceDetailComercialExportacion::class;</token>
  </line>
  <line no="91">
    <token name="T_WHITESPACE">			</token>
    <token name="T_PHPDOX_CLOSE_CURLY">}</token>
  </line>
  <line no="92">
    <token name="T_WHITESPACE">			</token>
    <token name="T_ELSE">else</token>
    <token name="T_WHITESPACE"> </token>
    <token name="T_IF">if</token>
    <token name="T_PHPDOX_OPEN_BRACKET">(</token>
    <token name="T_WHITESPACE"> </token>
    <token name="T_VARIABLE">$documentoSector</token>
    <token name="T_WHITESPACE"> </token>
    <token name="T_IS_EQUAL">==</token>
    <token name="T_WHITESPACE"> </token>
    <token name="T_STRING">DocumentTypes</token>
    <token name="T_DOUBLE_COLON">::</token>
    <token name="T_STRING">FACTURA_SERV_BASICOS</token>
    <token name="T_WHITESPACE"> </token>
    <token name="T_PHPDOX_CLOSE_BRACKET">)</token>
  </line>
  <line no="93">
    <token name="T_WHITESPACE">			</token>
    <token name="T_PHPDOX_OPEN_CURLY">{</token>
  </line>
  <line no="94">
    <token name="T_WHITESPACE">				</token>
    <token name="T_VARIABLE">$factura</token>
    <token name="T_WHITESPACE"> </token>
    <token name="T_PHPDOX_EQUAL">=</token>
    <token name="T_WHITESPACE"> </token>
    <token name="T_NEW">new</token>
    <token name="T_WHITESPACE"> </token>
    <token name="T_STRING">ElectronicaServicioBasico</token>
    <token name="T_PHPDOX_OPEN_BRACKET">(</token>
    <token name="T_PHPDOX_CLOSE_BRACKET">)</token>
    <token name="T_PHPDOX_SEMICOLON">;</token>
  </line>
  <line no="95">
    <token name="T_WHITESPACE">			</token>
    <token name="T_PHPDOX_CLOSE_CURLY">}</token>
  </line>
  <line no="96">
    <token name="T_WHITESPACE">			</token>
    <token name="T_ELSE">else</token>
    <token name="T_WHITESPACE"> </token>
    <token name="T_IF">if</token>
    <token name="T_PHPDOX_OPEN_BRACKET">(</token>
    <token name="T_WHITESPACE"> </token>
    <token name="T_VARIABLE">$documentoSector</token>
    <token name="T_WHITESPACE"> </token>
    <token name="T_IS_EQUAL">==</token>
    <token name="T_WHITESPACE"> </token>
    <token name="T_STRING">DocumentTypes</token>
    <token name="T_DOUBLE_COLON">::</token>
    <token name="T_STRING">FACTURA_ENT_FINANCIERA</token>
    <token name="T_WHITESPACE"> </token>
    <token name="T_PHPDOX_CLOSE_BRACKET">)</token>
  </line>
  <line no="97">
    <token name="T_WHITESPACE">			</token>
    <token name="T_PHPDOX_OPEN_CURLY">{</token>
  </line>
  <line no="98">
    <token name="T_WHITESPACE">				</token>
    <token name="T_VARIABLE">$factura</token>
    <token name="T_WHITESPACE"> </token>
    <token name="T_PHPDOX_EQUAL">=</token>
    <token name="T_WHITESPACE"> </token>
    <token name="T_NEW">new</token>
    <token name="T_WHITESPACE"> </token>
    <token name="T_STRING">ElectronicaEntidadFinanciera</token>
    <token name="T_PHPDOX_OPEN_BRACKET">(</token>
    <token name="T_PHPDOX_CLOSE_BRACKET">)</token>
    <token name="T_PHPDOX_SEMICOLON">;</token>
  </line>
  <line no="99">
    <token name="T_WHITESPACE">			</token>
    <token name="T_PHPDOX_CLOSE_CURLY">}</token>
  </line>
  <line no="100">
    <token name="T_WHITESPACE">	</token>
    <token name="T_PHPDOX_CLOSE_CURLY">}</token>
  </line>
  <line no="101">
    <token name="T_WHITESPACE">	</token>
    <token name="T_ELSE">else</token>
  </line>
  <line no="102">
    <token name="T_WHITESPACE">	</token>
    <token name="T_PHPDOX_OPEN_CURLY">{</token>
  </line>
  <line no="103">
    <token name="T_WHITESPACE">		</token>
    <token name="T_IF">if</token>
    <token name="T_PHPDOX_OPEN_BRACKET">(</token>
    <token name="T_WHITESPACE"> </token>
    <token name="T_VARIABLE">$documentoSector</token>
    <token name="T_WHITESPACE"> </token>
    <token name="T_IS_EQUAL">==</token>
    <token name="T_WHITESPACE"> </token>
    <token name="T_STRING">DocumentTypes</token>
    <token name="T_DOUBLE_COLON">::</token>
    <token name="T_STRING">FACTURA_COMPRA_VENTA</token>
    <token name="T_WHITESPACE"> </token>
    <token name="T_PHPDOX_CLOSE_BRACKET">)</token>
  </line>
  <line no="104">
    <token name="T_WHITESPACE">			</token>
    <token name="T_VARIABLE">$factura</token>
    <token name="T_WHITESPACE"> </token>
    <token name="T_PHPDOX_EQUAL">=</token>
    <token name="T_WHITESPACE"> </token>
    <token name="T_NEW">new</token>
    <token name="T_WHITESPACE"> </token>
    <token name="T_STRING">CompraVenta</token>
    <token name="T_PHPDOX_OPEN_BRACKET">(</token>
    <token name="T_PHPDOX_CLOSE_BRACKET">)</token>
    <token name="T_PHPDOX_SEMICOLON">;</token>
  </line>
  <line no="105">
    <token name="T_WHITESPACE">		</token>
    <token name="T_ELSE">else</token>
    <token name="T_WHITESPACE"> </token>
    <token name="T_IF">if</token>
    <token name="T_PHPDOX_OPEN_BRACKET">(</token>
    <token name="T_WHITESPACE"> </token>
    <token name="T_VARIABLE">$documentoSector</token>
    <token name="T_WHITESPACE"> </token>
    <token name="T_IS_EQUAL">==</token>
    <token name="T_WHITESPACE"> </token>
    <token name="T_STRING">DocumentTypes</token>
    <token name="T_DOUBLE_COLON">::</token>
    <token name="T_STRING">FACTURA_COMERCIAL_EXPORTACION</token>
    <token name="T_WHITESPACE"> </token>
    <token name="T_PHPDOX_CLOSE_BRACKET">)</token>
  </line>
  <line no="106">
    <token name="T_WHITESPACE">		</token>
    <token name="T_PHPDOX_OPEN_CURLY">{</token>
  </line>
  <line no="107">
    <token name="T_WHITESPACE">			</token>
    <token name="T_VARIABLE">$factura</token>
    <token name="T_WHITESPACE"> </token>
    <token name="T_PHPDOX_EQUAL">=</token>
    <token name="T_WHITESPACE"> </token>
    <token name="T_NEW">new</token>
    <token name="T_WHITESPACE"> </token>
    <token name="T_STRING">ComercialExportacion</token>
    <token name="T_PHPDOX_OPEN_BRACKET">(</token>
    <token name="T_PHPDOX_CLOSE_BRACKET">)</token>
    <token name="T_PHPDOX_SEMICOLON">;</token>
  </line>
  <line no="108">
    <token name="T_WHITESPACE">			</token>
    <token name="T_VARIABLE">$detailClass</token>
    <token name="T_WHITESPACE"> </token>
    <token name="T_PHPDOX_EQUAL">=</token>
    <token name="T_WHITESPACE"> </token>
    <token name="T_STRING">InvoiceDetailComercialExportacion</token>
    <token name="T_DOUBLE_COLON">::</token>
    <token name="T_CLASS">class</token>
    <token name="T_PHPDOX_SEMICOLON">;</token>
  </line>
  <line no="109">
    <token name="T_WHITESPACE">		</token>
    <token name="T_PHPDOX_CLOSE_CURLY">}</token>
  </line>
  <line no="110">
    <token name="T_WHITESPACE">		</token>
    <token name="T_ELSE">else</token>
    <token name="T_WHITESPACE"> </token>
    <token name="T_IF">if</token>
    <token name="T_PHPDOX_OPEN_BRACKET">(</token>
    <token name="T_WHITESPACE"> </token>
    <token name="T_VARIABLE">$documentoSector</token>
    <token name="T_WHITESPACE"> </token>
    <token name="T_IS_EQUAL">==</token>
    <token name="T_WHITESPACE"> </token>
    <token name="T_STRING">DocumentTypes</token>
    <token name="T_DOUBLE_COLON">::</token>
    <token name="T_STRING">FACTURA_SERVICIO_TURISTICO</token>
    <token name="T_WHITESPACE"> </token>
    <token name="T_PHPDOX_CLOSE_BRACKET">)</token>
  </line>
  <line no="111">
    <token name="T_WHITESPACE">		</token>
    <token name="T_PHPDOX_OPEN_CURLY">{</token>
  </line>
  <line no="112">
    <token name="T_WHITESPACE">			</token>
    <token name="T_VARIABLE">$factura</token>
    <token name="T_WHITESPACE"> </token>
    <token name="T_PHPDOX_EQUAL">=</token>
    <token name="T_WHITESPACE"> </token>
    <token name="T_NEW">new</token>
    <token name="T_WHITESPACE"> </token>
    <token name="T_STRING">ServicioTuristicoHospedaje</token>
    <token name="T_PHPDOX_OPEN_BRACKET">(</token>
    <token name="T_PHPDOX_CLOSE_BRACKET">)</token>
    <token name="T_PHPDOX_SEMICOLON">;</token>
  </line>
  <line no="113">
    <token name="T_WHITESPACE">			</token>
    <token name="T_VARIABLE">$detailClass</token>
    <token name="T_WHITESPACE"> </token>
    <token name="T_PHPDOX_EQUAL">=</token>
    <token name="T_WHITESPACE"> </token>
    <token name="T_STRING">InvoiceDetailTuristico</token>
    <token name="T_DOUBLE_COLON">::</token>
    <token name="T_CLASS">class</token>
    <token name="T_PHPDOX_SEMICOLON">;</token>
  </line>
  <line no="114">
    <token name="T_WHITESPACE">		</token>
    <token name="T_PHPDOX_CLOSE_CURLY">}</token>
  </line>
  <line no="115">
    <token name="T_WHITESPACE">		</token>
    <token name="T_ELSE">else</token>
    <token name="T_WHITESPACE"> </token>
    <token name="T_IF">if</token>
    <token name="T_PHPDOX_OPEN_BRACKET">(</token>
    <token name="T_WHITESPACE"> </token>
    <token name="T_VARIABLE">$documentoSector</token>
    <token name="T_WHITESPACE"> </token>
    <token name="T_IS_EQUAL">==</token>
    <token name="T_WHITESPACE"> </token>
    <token name="T_STRING">DocumentTypes</token>
    <token name="T_DOUBLE_COLON">::</token>
    <token name="T_STRING">FACTURA_TASA_CERO_LIBROS</token>
    <token name="T_WHITESPACE"> </token>
    <token name="T_PHPDOX_CLOSE_BRACKET">)</token>
  </line>
  <line no="116">
    <token name="T_WHITESPACE">		</token>
    <token name="T_PHPDOX_OPEN_CURLY">{</token>
  </line>
  <line no="117">
    <token name="T_WHITESPACE">			</token>
    <token name="T_VARIABLE">$factura</token>
    <token name="T_WHITESPACE"> </token>
    <token name="T_PHPDOX_EQUAL">=</token>
    <token name="T_WHITESPACE"> </token>
    <token name="T_NEW">new</token>
    <token name="T_WHITESPACE"> </token>
    <token name="T_STRING">TasaCero</token>
    <token name="T_PHPDOX_OPEN_BRACKET">(</token>
    <token name="T_PHPDOX_CLOSE_BRACKET">)</token>
    <token name="T_PHPDOX_SEMICOLON">;</token>
  </line>
  <line no="118">
    <token name="T_WHITESPACE">			</token>
    <token name="T_COMMENT">//$detailClass = InvoiceDetailTuristico::class;</token>
  </line>
  <line no="119">
    <token name="T_WHITESPACE">		</token>
    <token name="T_PHPDOX_CLOSE_CURLY">}</token>
  </line>
  <line no="120">
    <token name="T_WHITESPACE">		</token>
    <token name="T_ELSE">else</token>
    <token name="T_WHITESPACE"> </token>
    <token name="T_IF">if</token>
    <token name="T_PHPDOX_OPEN_BRACKET">(</token>
    <token name="T_WHITESPACE"> </token>
    <token name="T_VARIABLE">$documentoSector</token>
    <token name="T_WHITESPACE"> </token>
    <token name="T_IS_EQUAL">==</token>
    <token name="T_WHITESPACE"> </token>
    <token name="T_STRING">DocumentTypes</token>
    <token name="T_DOUBLE_COLON">::</token>
    <token name="T_STRING">FACTURA_SECTOR_EDUCATIVO</token>
    <token name="T_WHITESPACE"> </token>
    <token name="T_PHPDOX_CLOSE_BRACKET">)</token>
  </line>
  <line no="121">
    <token name="T_WHITESPACE">		</token>
    <token name="T_PHPDOX_OPEN_CURLY">{</token>
  </line>
  <line no="122">
    <token name="T_WHITESPACE">			</token>
    <token name="T_VARIABLE">$factura</token>
    <token name="T_WHITESPACE"> </token>
    <token name="T_PHPDOX_EQUAL">=</token>
    <token name="T_WHITESPACE"> </token>
    <token name="T_NEW">new</token>
    <token name="T_WHITESPACE"> </token>
    <token name="T_STRING">SectorEducativo</token>
    <token name="T_PHPDOX_OPEN_BRACKET">(</token>
    <token name="T_PHPDOX_CLOSE_BRACKET">)</token>
    <token name="T_PHPDOX_SEMICOLON">;</token>
  </line>
  <line no="123">
    <token name="T_WHITESPACE">		</token>
    <token name="T_PHPDOX_CLOSE_CURLY">}</token>
  </line>
  <line no="124">
    <token name="T_WHITESPACE">		</token>
    <token name="T_ELSE">else</token>
    <token name="T_WHITESPACE"> </token>
    <token name="T_IF">if</token>
    <token name="T_PHPDOX_OPEN_BRACKET">(</token>
    <token name="T_WHITESPACE"> </token>
    <token name="T_VARIABLE">$documentoSector</token>
    <token name="T_WHITESPACE"> </token>
    <token name="T_IS_EQUAL">==</token>
    <token name="T_WHITESPACE"> </token>
    <token name="T_STRING">DocumentTypes</token>
    <token name="T_DOUBLE_COLON">::</token>
    <token name="T_STRING">FACTURA_HOTELES</token>
    <token name="T_WHITESPACE"> </token>
    <token name="T_PHPDOX_CLOSE_BRACKET">)</token>
  </line>
  <line no="125">
    <token name="T_WHITESPACE">		</token>
    <token name="T_PHPDOX_OPEN_CURLY">{</token>
  </line>
  <line no="126">
    <token name="T_WHITESPACE">			</token>
    <token name="T_VARIABLE">$factura</token>
    <token name="T_WHITESPACE"> </token>
    <token name="T_PHPDOX_EQUAL">=</token>
    <token name="T_WHITESPACE"> </token>
    <token name="T_NEW">new</token>
    <token name="T_WHITESPACE"> </token>
    <token name="T_STRING">Hotel</token>
    <token name="T_PHPDOX_OPEN_BRACKET">(</token>
    <token name="T_PHPDOX_CLOSE_BRACKET">)</token>
    <token name="T_PHPDOX_SEMICOLON">;</token>
  </line>
  <line no="127">
    <token name="T_WHITESPACE">			</token>
    <token name="T_VARIABLE">$detailClass</token>
    <token name="T_WHITESPACE"> </token>
    <token name="T_PHPDOX_EQUAL">=</token>
    <token name="T_WHITESPACE"> </token>
    <token name="T_STRING">InvoiceDetailHotel</token>
    <token name="T_DOUBLE_COLON">::</token>
    <token name="T_CLASS">class</token>
    <token name="T_PHPDOX_SEMICOLON">;</token>
  </line>
  <line no="128">
    <token name="T_WHITESPACE">		</token>
    <token name="T_PHPDOX_CLOSE_CURLY">}</token>
  </line>
  <line no="129">
    <token name="T_WHITESPACE">		</token>
    <token name="T_ELSE">else</token>
    <token name="T_WHITESPACE"> </token>
    <token name="T_IF">if</token>
    <token name="T_PHPDOX_OPEN_BRACKET">(</token>
    <token name="T_WHITESPACE"> </token>
    <token name="T_VARIABLE">$documentoSector</token>
    <token name="T_WHITESPACE"> </token>
    <token name="T_IS_EQUAL">==</token>
    <token name="T_WHITESPACE"> </token>
    <token name="T_STRING">DocumentTypes</token>
    <token name="T_DOUBLE_COLON">::</token>
    <token name="T_STRING">FACTURA_HOSPITALES</token>
    <token name="T_WHITESPACE"> </token>
    <token name="T_PHPDOX_CLOSE_BRACKET">)</token>
  </line>
  <line no="130">
    <token name="T_WHITESPACE">		</token>
    <token name="T_PHPDOX_OPEN_CURLY">{</token>
  </line>
  <line no="131">
    <token name="T_WHITESPACE">			</token>
    <token name="T_VARIABLE">$factura</token>
    <token name="T_WHITESPACE"> </token>
    <token name="T_PHPDOX_EQUAL">=</token>
    <token name="T_WHITESPACE"> </token>
    <token name="T_NEW">new</token>
    <token name="T_WHITESPACE"> </token>
    <token name="T_STRING">Hospitales</token>
    <token name="T_PHPDOX_OPEN_BRACKET">(</token>
    <token name="T_PHPDOX_CLOSE_BRACKET">)</token>
    <token name="T_PHPDOX_SEMICOLON">;</token>
  </line>
  <line no="132">
    <token name="T_WHITESPACE">			</token>
    <token name="T_VARIABLE">$detailClass</token>
    <token name="T_WHITESPACE"> </token>
    <token name="T_PHPDOX_EQUAL">=</token>
    <token name="T_WHITESPACE"> </token>
    <token name="T_STRING">InvoiceDetailHospital</token>
    <token name="T_DOUBLE_COLON">::</token>
    <token name="T_CLASS">class</token>
    <token name="T_PHPDOX_SEMICOLON">;</token>
  </line>
  <line no="133">
    <token name="T_WHITESPACE">		</token>
    <token name="T_PHPDOX_CLOSE_CURLY">}</token>
  </line>
  <line no="134">
    <token name="T_WHITESPACE">		</token>
    <token name="T_ELSE">else</token>
    <token name="T_WHITESPACE"> </token>
    <token name="T_IF">if</token>
    <token name="T_PHPDOX_OPEN_BRACKET">(</token>
    <token name="T_WHITESPACE"> </token>
    <token name="T_VARIABLE">$documentoSector</token>
    <token name="T_WHITESPACE"> </token>
    <token name="T_IS_EQUAL">==</token>
    <token name="T_WHITESPACE"> </token>
    <token name="T_STRING">DocumentTypes</token>
    <token name="T_DOUBLE_COLON">::</token>
    <token name="T_STRING">FACTURA_COM_EXPORT_SERVICIOS</token>
    <token name="T_WHITESPACE"> </token>
    <token name="T_PHPDOX_CLOSE_BRACKET">)</token>
  </line>
  <line no="135">
    <token name="T_WHITESPACE">		</token>
    <token name="T_PHPDOX_OPEN_CURLY">{</token>
  </line>
  <line no="136">
    <token name="T_WHITESPACE">			</token>
    <token name="T_VARIABLE">$factura</token>
    <token name="T_WHITESPACE"> </token>
    <token name="T_PHPDOX_EQUAL">=</token>
    <token name="T_WHITESPACE"> </token>
    <token name="T_NEW">new</token>
    <token name="T_WHITESPACE"> </token>
    <token name="T_STRING">ComercialExportacionServicio</token>
    <token name="T_PHPDOX_OPEN_BRACKET">(</token>
    <token name="T_PHPDOX_CLOSE_BRACKET">)</token>
    <token name="T_PHPDOX_SEMICOLON">;</token>
  </line>
  <line no="137">
    <token name="T_WHITESPACE">			</token>
    <token name="T_COMMENT">//$detailClass = InvoiceDetailComercialExportacion::class;</token>
  </line>
  <line no="138">
    <token name="T_WHITESPACE">		</token>
    <token name="T_PHPDOX_CLOSE_CURLY">}</token>
  </line>
  <line no="139">
    <token name="T_WHITESPACE">		</token>
    <token name="T_ELSE">else</token>
    <token name="T_WHITESPACE"> </token>
    <token name="T_IF">if</token>
    <token name="T_PHPDOX_OPEN_BRACKET">(</token>
    <token name="T_WHITESPACE"> </token>
    <token name="T_VARIABLE">$documentoSector</token>
    <token name="T_WHITESPACE"> </token>
    <token name="T_IS_EQUAL">==</token>
    <token name="T_WHITESPACE"> </token>
    <token name="T_STRING">DocumentTypes</token>
    <token name="T_DOUBLE_COLON">::</token>
    <token name="T_STRING">FACTURA_SERV_BASICOS</token>
    <token name="T_WHITESPACE"> </token>
    <token name="T_PHPDOX_CLOSE_BRACKET">)</token>
  </line>
  <line no="140">
    <token name="T_WHITESPACE">		</token>
    <token name="T_PHPDOX_OPEN_CURLY">{</token>
  </line>
  <line no="141">
    <token name="T_WHITESPACE">			</token>
    <token name="T_VARIABLE">$factura</token>
    <token name="T_WHITESPACE"> </token>
    <token name="T_PHPDOX_EQUAL">=</token>
    <token name="T_WHITESPACE"> </token>
    <token name="T_NEW">new</token>
    <token name="T_WHITESPACE"> </token>
    <token name="T_STRING">ServicioBasico</token>
    <token name="T_PHPDOX_OPEN_BRACKET">(</token>
    <token name="T_PHPDOX_CLOSE_BRACKET">)</token>
    <token name="T_PHPDOX_SEMICOLON">;</token>
  </line>
  <line no="142">
    <token name="T_WHITESPACE">		</token>
    <token name="T_PHPDOX_CLOSE_CURLY">}</token>
  </line>
  <line no="143">
    <token name="T_WHITESPACE">		</token>
    <token name="T_ELSE">else</token>
    <token name="T_WHITESPACE"> </token>
    <token name="T_IF">if</token>
    <token name="T_PHPDOX_OPEN_BRACKET">(</token>
    <token name="T_WHITESPACE"> </token>
    <token name="T_VARIABLE">$documentoSector</token>
    <token name="T_WHITESPACE"> </token>
    <token name="T_IS_EQUAL">==</token>
    <token name="T_WHITESPACE"> </token>
    <token name="T_STRING">DocumentTypes</token>
    <token name="T_DOUBLE_COLON">::</token>
    <token name="T_STRING">FACTURA_ENT_FINANCIERA</token>
    <token name="T_WHITESPACE"> </token>
    <token name="T_PHPDOX_CLOSE_BRACKET">)</token>
  </line>
  <line no="144">
    <token name="T_WHITESPACE">		</token>
    <token name="T_PHPDOX_OPEN_CURLY">{</token>
  </line>
  <line no="145">
    <token name="T_WHITESPACE">			</token>
    <token name="T_VARIABLE">$factura</token>
    <token name="T_WHITESPACE"> </token>
    <token name="T_PHPDOX_EQUAL">=</token>
    <token name="T_WHITESPACE"> </token>
    <token name="T_NEW">new</token>
    <token name="T_WHITESPACE"> </token>
    <token name="T_STRING">EntidadFinanciera</token>
    <token name="T_PHPDOX_OPEN_BRACKET">(</token>
    <token name="T_PHPDOX_CLOSE_BRACKET">)</token>
    <token name="T_PHPDOX_SEMICOLON">;</token>
  </line>
  <line no="146">
    <token name="T_WHITESPACE">		</token>
    <token name="T_PHPDOX_CLOSE_CURLY">}</token>
  </line>
  <line no="147">
    <token name="T_WHITESPACE">	</token>
    <token name="T_PHPDOX_CLOSE_CURLY">}</token>
  </line>
  <line no="148">
    <token name="T_WHITESPACE">	</token>
  </line>
  <line no="149">
    <token name="T_WHITESPACE">	</token>
    <token name="T_FOR">for</token>
    <token name="T_PHPDOX_OPEN_BRACKET">(</token>
    <token name="T_VARIABLE">$i</token>
    <token name="T_WHITESPACE"> </token>
    <token name="T_PHPDOX_EQUAL">=</token>
    <token name="T_WHITESPACE"> </token>
    <token name="T_LNUMBER">0</token>
    <token name="T_PHPDOX_SEMICOLON">;</token>
    <token name="T_WHITESPACE"> </token>
    <token name="T_VARIABLE">$i</token>
    <token name="T_WHITESPACE"> </token>
    <token name="T_PHPDOX_LT">&lt;</token>
    <token name="T_WHITESPACE"> </token>
    <token name="T_LNUMBER">2</token>
    <token name="T_PHPDOX_SEMICOLON">;</token>
    <token name="T_WHITESPACE"> </token>
    <token name="T_VARIABLE">$i</token>
    <token name="T_INC">++</token>
    <token name="T_PHPDOX_CLOSE_BRACKET">)</token>
  </line>
  <line no="150">
    <token name="T_WHITESPACE">	</token>
    <token name="T_PHPDOX_OPEN_CURLY">{</token>
  </line>
  <line no="151">
    <token name="T_WHITESPACE">		</token>
    <token name="T_VARIABLE">$detalle</token>
    <token name="T_WHITESPACE"> </token>
    <token name="T_PHPDOX_EQUAL">=</token>
    <token name="T_WHITESPACE"> </token>
    <token name="T_NEW">new</token>
    <token name="T_WHITESPACE"> </token>
    <token name="T_VARIABLE">$detailClass</token>
    <token name="T_PHPDOX_OPEN_BRACKET">(</token>
    <token name="T_PHPDOX_CLOSE_BRACKET">)</token>
    <token name="T_PHPDOX_SEMICOLON">;</token>
  </line>
  <line no="152">
    <token name="T_WHITESPACE">		</token>
    <token name="T_VARIABLE">$detalle</token>
    <token name="T_OBJECT_OPERATOR">-&gt;</token>
    <token name="T_STRING">cantidad</token>
    <token name="T_WHITESPACE">				</token>
    <token name="T_PHPDOX_EQUAL">=</token>
    <token name="T_WHITESPACE"> </token>
    <token name="T_LNUMBER">1</token>
    <token name="T_PHPDOX_SEMICOLON">;</token>
  </line>
  <line no="153">
    <token name="T_WHITESPACE">		</token>
    <token name="T_VARIABLE">$detalle</token>
    <token name="T_OBJECT_OPERATOR">-&gt;</token>
    <token name="T_STRING">actividadEconomica</token>
    <token name="T_WHITESPACE">	</token>
    <token name="T_PHPDOX_EQUAL">=</token>
    <token name="T_WHITESPACE"> </token>
    <token name="T_VARIABLE">$codigoActividad</token>
    <token name="T_PHPDOX_SEMICOLON">;</token>
  </line>
  <line no="154">
    <token name="T_WHITESPACE">		</token>
    <token name="T_VARIABLE">$detalle</token>
    <token name="T_OBJECT_OPERATOR">-&gt;</token>
    <token name="T_STRING">codigoProducto</token>
    <token name="T_WHITESPACE">		</token>
    <token name="T_PHPDOX_EQUAL">=</token>
    <token name="T_WHITESPACE"> </token>
    <token name="T_CONSTANT_ENCAPSED_STRING">'D001-'</token>
    <token name="T_WHITESPACE"> </token>
    <token name="T_PHPDOX_DOT">.</token>
    <token name="T_WHITESPACE"> </token>
    <token name="T_STRING">rand</token>
    <token name="T_PHPDOX_OPEN_BRACKET">(</token>
    <token name="T_LNUMBER">1</token>
    <token name="T_PHPDOX_COMMA">,</token>
    <token name="T_WHITESPACE"> </token>
    <token name="T_LNUMBER">4000</token>
    <token name="T_PHPDOX_CLOSE_BRACKET">)</token>
    <token name="T_PHPDOX_SEMICOLON">;</token>
  </line>
  <line no="155">
    <token name="T_WHITESPACE">		</token>
    <token name="T_VARIABLE">$detalle</token>
    <token name="T_OBJECT_OPERATOR">-&gt;</token>
    <token name="T_STRING">codigoProductoSin</token>
    <token name="T_WHITESPACE">		</token>
    <token name="T_PHPDOX_EQUAL">=</token>
    <token name="T_WHITESPACE"> </token>
    <token name="T_VARIABLE">$codigoProductoSin</token>
    <token name="T_PHPDOX_SEMICOLON">;</token>
  </line>
  <line no="156">
    <token name="T_WHITESPACE">		</token>
    <token name="T_VARIABLE">$detalle</token>
    <token name="T_OBJECT_OPERATOR">-&gt;</token>
    <token name="T_STRING">descripcion</token>
    <token name="T_WHITESPACE">			</token>
    <token name="T_PHPDOX_EQUAL">=</token>
    <token name="T_WHITESPACE"> </token>
    <token name="T_CONSTANT_ENCAPSED_STRING">'Nombre del producto #0'</token>
    <token name="T_WHITESPACE"> </token>
    <token name="T_PHPDOX_DOT">.</token>
    <token name="T_WHITESPACE"> </token>
    <token name="T_PHPDOX_OPEN_BRACKET">(</token>
    <token name="T_VARIABLE">$i</token>
    <token name="T_WHITESPACE"> </token>
    <token name="T_PHPDOX_PLUS">+</token>
    <token name="T_WHITESPACE"> </token>
    <token name="T_LNUMBER">1</token>
    <token name="T_PHPDOX_CLOSE_BRACKET">)</token>
    <token name="T_PHPDOX_SEMICOLON">;</token>
  </line>
  <line no="157">
    <token name="T_WHITESPACE">		</token>
    <token name="T_VARIABLE">$detalle</token>
    <token name="T_OBJECT_OPERATOR">-&gt;</token>
    <token name="T_STRING">precioUnitario</token>
    <token name="T_WHITESPACE">		</token>
    <token name="T_PHPDOX_EQUAL">=</token>
    <token name="T_WHITESPACE"> </token>
    <token name="T_LNUMBER">10</token>
    <token name="T_WHITESPACE"> </token>
    <token name="T_PHPDOX_MULT">*</token>
    <token name="T_WHITESPACE"> </token>
    <token name="T_STRING">rand</token>
    <token name="T_PHPDOX_OPEN_BRACKET">(</token>
    <token name="T_LNUMBER">1</token>
    <token name="T_PHPDOX_COMMA">,</token>
    <token name="T_WHITESPACE"> </token>
    <token name="T_LNUMBER">4000</token>
    <token name="T_PHPDOX_CLOSE_BRACKET">)</token>
    <token name="T_PHPDOX_SEMICOLON">;</token>
  </line>
  <line no="158">
    <token name="T_WHITESPACE">		</token>
    <token name="T_VARIABLE">$detalle</token>
    <token name="T_OBJECT_OPERATOR">-&gt;</token>
    <token name="T_STRING">montoDescuento</token>
    <token name="T_WHITESPACE">		</token>
    <token name="T_PHPDOX_EQUAL">=</token>
    <token name="T_WHITESPACE"> </token>
    <token name="T_LNUMBER">0</token>
    <token name="T_PHPDOX_SEMICOLON">;</token>
  </line>
  <line no="159">
    <token name="T_WHITESPACE">		</token>
    <token name="T_VARIABLE">$detalle</token>
    <token name="T_OBJECT_OPERATOR">-&gt;</token>
    <token name="T_STRING">subTotal</token>
    <token name="T_WHITESPACE">				</token>
    <token name="T_PHPDOX_EQUAL">=</token>
    <token name="T_WHITESPACE"> </token>
    <token name="T_VARIABLE">$detalle</token>
    <token name="T_OBJECT_OPERATOR">-&gt;</token>
    <token name="T_STRING">cantidad</token>
    <token name="T_WHITESPACE"> </token>
    <token name="T_PHPDOX_MULT">*</token>
    <token name="T_WHITESPACE"> </token>
    <token name="T_VARIABLE">$detalle</token>
    <token name="T_OBJECT_OPERATOR">-&gt;</token>
    <token name="T_STRING">precioUnitario</token>
    <token name="T_PHPDOX_SEMICOLON">;</token>
  </line>
  <line no="160">
    <token name="T_WHITESPACE">		</token>
    <token name="T_IF">if</token>
    <token name="T_PHPDOX_OPEN_BRACKET">(</token>
    <token name="T_WHITESPACE"> </token>
    <token name="T_STRING">in_array</token>
    <token name="T_PHPDOX_OPEN_BRACKET">(</token>
    <token name="T_VARIABLE">$documentoSector</token>
    <token name="T_PHPDOX_COMMA">,</token>
    <token name="T_WHITESPACE"> </token>
    <token name="T_PHPDOX_OPEN_SQUARE">[</token>
    <token name="T_STRING">DocumentTypes</token>
    <token name="T_DOUBLE_COLON">::</token>
    <token name="T_STRING">FACTURA_COMERCIAL_EXPORTACION</token>
    <token name="T_PHPDOX_CLOSE_SQUARE">]</token>
    <token name="T_PHPDOX_CLOSE_BRACKET">)</token>
    <token name="T_WHITESPACE"> </token>
    <token name="T_PHPDOX_CLOSE_BRACKET">)</token>
  </line>
  <line no="161">
    <token name="T_WHITESPACE">		</token>
    <token name="T_PHPDOX_OPEN_CURLY">{</token>
  </line>
  <line no="162">
    <token name="T_WHITESPACE">			</token>
    <token name="T_VARIABLE">$detalle</token>
    <token name="T_OBJECT_OPERATOR">-&gt;</token>
    <token name="T_STRING">codigoNandina</token>
    <token name="T_WHITESPACE"> </token>
    <token name="T_PHPDOX_EQUAL">=</token>
    <token name="T_WHITESPACE"> </token>
    <token name="T_CONSTANT_ENCAPSED_STRING">'0909610000'</token>
    <token name="T_PHPDOX_SEMICOLON">;</token>
  </line>
  <line no="163">
    <token name="T_WHITESPACE">		</token>
    <token name="T_PHPDOX_CLOSE_CURLY">}</token>
  </line>
  <line no="164">
    <token name="T_WHITESPACE">		</token>
    <token name="T_ELSEIF">elseif</token>
    <token name="T_PHPDOX_OPEN_BRACKET">(</token>
    <token name="T_WHITESPACE"> </token>
    <token name="T_STRING">in_array</token>
    <token name="T_PHPDOX_OPEN_BRACKET">(</token>
    <token name="T_VARIABLE">$documentoSector</token>
    <token name="T_PHPDOX_COMMA">,</token>
    <token name="T_WHITESPACE"> </token>
    <token name="T_PHPDOX_OPEN_SQUARE">[</token>
    <token name="T_STRING">DocumentTypes</token>
    <token name="T_DOUBLE_COLON">::</token>
    <token name="T_STRING">FACTURA_SERVICIO_TURISTICO</token>
    <token name="T_PHPDOX_COMMA">,</token>
    <token name="T_WHITESPACE"> </token>
    <token name="T_STRING">DocumentTypes</token>
    <token name="T_DOUBLE_COLON">::</token>
    <token name="T_STRING">FACTURA_HOTELES</token>
    <token name="T_PHPDOX_CLOSE_SQUARE">]</token>
    <token name="T_PHPDOX_CLOSE_BRACKET">)</token>
    <token name="T_WHITESPACE"> </token>
    <token name="T_PHPDOX_CLOSE_BRACKET">)</token>
  </line>
  <line no="165">
    <token name="T_WHITESPACE">		</token>
    <token name="T_PHPDOX_OPEN_CURLY">{</token>
  </line>
  <line no="166">
    <token name="T_WHITESPACE">			</token>
    <token name="T_VARIABLE">$detalle</token>
    <token name="T_OBJECT_OPERATOR">-&gt;</token>
    <token name="T_STRING">codigoTipoHabitacion</token>
    <token name="T_WHITESPACE"> </token>
    <token name="T_PHPDOX_EQUAL">=</token>
    <token name="T_WHITESPACE"> </token>
    <token name="T_CONSTANT_ENCAPSED_STRING">'10'</token>
    <token name="T_PHPDOX_SEMICOLON">;</token>
  </line>
  <line no="167">
    <token name="T_WHITESPACE">			</token>
    <token name="T_VARIABLE">$detalle</token>
    <token name="T_OBJECT_OPERATOR">-&gt;</token>
    <token name="T_STRING">detalleHuespedes</token>
    <token name="T_WHITESPACE"> </token>
    <token name="T_PHPDOX_EQUAL">=</token>
    <token name="T_WHITESPACE"> </token>
    <token name="T_CONSTANT_ENCAPSED_STRING">'[{"nombreHuesped":"Juan Perez","documentoIdentificacion":"44864646","codigoPais":"1"}]'</token>
    <token name="T_PHPDOX_SEMICOLON">;</token>
  </line>
  <line no="168">
    <token name="T_WHITESPACE">		</token>
    <token name="T_PHPDOX_CLOSE_CURLY">}</token>
  </line>
  <line no="169">
    <token name="T_WHITESPACE">		</token>
    <token name="T_ELSEIF">elseif</token>
    <token name="T_PHPDOX_OPEN_BRACKET">(</token>
    <token name="T_WHITESPACE"> </token>
    <token name="T_VARIABLE">$documentoSector</token>
    <token name="T_WHITESPACE"> </token>
    <token name="T_IS_EQUAL">==</token>
    <token name="T_WHITESPACE"> </token>
    <token name="T_STRING">DocumentTypes</token>
    <token name="T_DOUBLE_COLON">::</token>
    <token name="T_STRING">FACTURA_HOSPITALES</token>
    <token name="T_WHITESPACE"> </token>
    <token name="T_PHPDOX_CLOSE_BRACKET">)</token>
  </line>
  <line no="170">
    <token name="T_WHITESPACE">		</token>
    <token name="T_PHPDOX_OPEN_CURLY">{</token>
  </line>
  <line no="171">
    <token name="T_WHITESPACE">			</token>
    <token name="T_VARIABLE">$detalle</token>
    <token name="T_OBJECT_OPERATOR">-&gt;</token>
    <token name="T_STRING">especialidad</token>
    <token name="T_WHITESPACE"> </token>
    <token name="T_PHPDOX_EQUAL">=</token>
    <token name="T_WHITESPACE"> </token>
    <token name="T_CONSTANT_ENCAPSED_STRING">'Traumatologia'</token>
    <token name="T_PHPDOX_SEMICOLON">;</token>
  </line>
  <line no="172">
    <token name="T_WHITESPACE">			</token>
    <token name="T_VARIABLE">$detalle</token>
    <token name="T_OBJECT_OPERATOR">-&gt;</token>
    <token name="T_STRING">especialidadDetalle</token>
    <token name="T_WHITESPACE"> </token>
    <token name="T_PHPDOX_EQUAL">=</token>
    <token name="T_WHITESPACE"> </token>
    <token name="T_CONSTANT_ENCAPSED_STRING">'Reduccion de fractura'</token>
    <token name="T_PHPDOX_SEMICOLON">;</token>
  </line>
  <line no="173">
    <token name="T_WHITESPACE">			</token>
    <token name="T_VARIABLE">$detalle</token>
    <token name="T_OBJECT_OPERATOR">-&gt;</token>
    <token name="T_STRING">nroQuirofanoSalaOperaciones</token>
    <token name="T_WHITESPACE"> </token>
    <token name="T_PHPDOX_EQUAL">=</token>
    <token name="T_WHITESPACE"> </token>
    <token name="T_LNUMBER">2</token>
    <token name="T_PHPDOX_SEMICOLON">;</token>
  </line>
  <line no="174">
    <token name="T_WHITESPACE">			</token>
    <token name="T_VARIABLE">$detalle</token>
    <token name="T_OBJECT_OPERATOR">-&gt;</token>
    <token name="T_STRING">especialidadMedico</token>
    <token name="T_WHITESPACE"> </token>
    <token name="T_PHPDOX_EQUAL">=</token>
    <token name="T_WHITESPACE"> </token>
    <token name="T_CONSTANT_ENCAPSED_STRING">'Traumatologia'</token>
    <token name="T_PHPDOX_SEMICOLON">;</token>
  </line>
  <line no="175">
    <token name="T_WHITESPACE">			</token>
    <token name="T_VARIABLE">$detalle</token>
    <token name="T_OBJECT_OPERATOR">-&gt;</token>
    <token name="T_STRING">nombreApellidoMedico</token>
    <token name="T_WHITESPACE"> </token>
    <token name="T_PHPDOX_EQUAL">=</token>
    <token name="T_WHITESPACE"> </token>
    <token name="T_CONSTANT_ENCAPSED_STRING">'Alguien XXX'</token>
    <token name="T_PHPDOX_SEMICOLON">;</token>
  </line>
  <line no="176">
    <token name="T_WHITESPACE">			</token>
    <token name="T_VARIABLE">$detalle</token>
    <token name="T_OBJECT_OPERATOR">-&gt;</token>
    <token name="T_STRING">nitDocumentoMedico</token>
    <token name="T_WHITESPACE"> </token>
    <token name="T_PHPDOX_EQUAL">=</token>
    <token name="T_WHITESPACE"> </token>
    <token name="T_LNUMBER">1020703023</token>
    <token name="T_PHPDOX_SEMICOLON">;</token>
  </line>
  <line no="177">
    <token name="T_WHITESPACE">			</token>
    <token name="T_VARIABLE">$detalle</token>
    <token name="T_OBJECT_OPERATOR">-&gt;</token>
    <token name="T_STRING">nroMatriculaMedico</token>
    <token name="T_WHITESPACE"> </token>
    <token name="T_PHPDOX_EQUAL">=</token>
    <token name="T_WHITESPACE"> </token>
    <token name="T_CONSTANT_ENCAPSED_STRING">'312312ASDAS'</token>
    <token name="T_PHPDOX_SEMICOLON">;</token>
  </line>
  <line no="178">
    <token name="T_WHITESPACE">			</token>
    <token name="T_VARIABLE">$detalle</token>
    <token name="T_OBJECT_OPERATOR">-&gt;</token>
    <token name="T_STRING">nroFacturaMedico</token>
    <token name="T_WHITESPACE"> </token>
    <token name="T_PHPDOX_EQUAL">=</token>
    <token name="T_WHITESPACE"> </token>
    <token name="T_STRING">rand</token>
    <token name="T_PHPDOX_OPEN_BRACKET">(</token>
    <token name="T_LNUMBER">1</token>
    <token name="T_PHPDOX_COMMA">,</token>
    <token name="T_WHITESPACE"> </token>
    <token name="T_LNUMBER">6000</token>
    <token name="T_PHPDOX_CLOSE_BRACKET">)</token>
    <token name="T_PHPDOX_SEMICOLON">;</token>
  </line>
  <line no="179">
    <token name="T_WHITESPACE">		</token>
    <token name="T_PHPDOX_CLOSE_CURLY">}</token>
  </line>
  <line no="180">
    <token name="T_WHITESPACE">		</token>
    <token name="T_VARIABLE">$subTotal</token>
    <token name="T_WHITESPACE"> </token>
    <token name="T_PLUS_EQUAL">+=</token>
    <token name="T_WHITESPACE"> </token>
    <token name="T_VARIABLE">$detalle</token>
    <token name="T_OBJECT_OPERATOR">-&gt;</token>
    <token name="T_STRING">subTotal</token>
    <token name="T_PHPDOX_SEMICOLON">;</token>
  </line>
  <line no="181">
    <token name="T_WHITESPACE">		</token>
    <token name="T_VARIABLE">$factura</token>
    <token name="T_OBJECT_OPERATOR">-&gt;</token>
    <token name="T_STRING">detalle</token>
    <token name="T_PHPDOX_OPEN_SQUARE">[</token>
    <token name="T_PHPDOX_CLOSE_SQUARE">]</token>
    <token name="T_WHITESPACE"> </token>
    <token name="T_PHPDOX_EQUAL">=</token>
    <token name="T_WHITESPACE"> </token>
    <token name="T_VARIABLE">$detalle</token>
    <token name="T_PHPDOX_SEMICOLON">;</token>
  </line>
  <line no="182">
    <token name="T_WHITESPACE">	</token>
    <token name="T_PHPDOX_CLOSE_CURLY">}</token>
  </line>
  <line no="183">
    <token name="T_WHITESPACE">	</token>
    <token name="T_VARIABLE">$factura</token>
    <token name="T_OBJECT_OPERATOR">-&gt;</token>
    <token name="T_STRING">cabecera</token>
    <token name="T_OBJECT_OPERATOR">-&gt;</token>
    <token name="T_STRING">razonSocialEmisor</token>
    <token name="T_WHITESPACE">	</token>
    <token name="T_PHPDOX_EQUAL">=</token>
    <token name="T_WHITESPACE"> </token>
    <token name="T_VARIABLE">$config</token>
    <token name="T_OBJECT_OPERATOR">-&gt;</token>
    <token name="T_STRING">razonSocial</token>
    <token name="T_PHPDOX_SEMICOLON">;</token>
  </line>
  <line no="184">
    <token name="T_WHITESPACE">	</token>
    <token name="T_VARIABLE">$factura</token>
    <token name="T_OBJECT_OPERATOR">-&gt;</token>
    <token name="T_STRING">cabecera</token>
    <token name="T_OBJECT_OPERATOR">-&gt;</token>
    <token name="T_STRING">municipio</token>
    <token name="T_WHITESPACE">			</token>
    <token name="T_PHPDOX_EQUAL">=</token>
    <token name="T_WHITESPACE"> </token>
    <token name="T_CONSTANT_ENCAPSED_STRING">'La Paz'</token>
    <token name="T_PHPDOX_SEMICOLON">;</token>
  </line>
  <line no="185">
    <token name="T_WHITESPACE">	</token>
    <token name="T_VARIABLE">$factura</token>
    <token name="T_OBJECT_OPERATOR">-&gt;</token>
    <token name="T_STRING">cabecera</token>
    <token name="T_OBJECT_OPERATOR">-&gt;</token>
    <token name="T_STRING">telefono</token>
    <token name="T_WHITESPACE">			</token>
    <token name="T_PHPDOX_EQUAL">=</token>
    <token name="T_WHITESPACE"> </token>
    <token name="T_CONSTANT_ENCAPSED_STRING">'88867523'</token>
    <token name="T_PHPDOX_SEMICOLON">;</token>
  </line>
  <line no="186">
    <token name="T_WHITESPACE">	</token>
    <token name="T_VARIABLE">$factura</token>
    <token name="T_OBJECT_OPERATOR">-&gt;</token>
    <token name="T_STRING">cabecera</token>
    <token name="T_OBJECT_OPERATOR">-&gt;</token>
    <token name="T_STRING">numeroFactura</token>
    <token name="T_WHITESPACE">		</token>
    <token name="T_PHPDOX_EQUAL">=</token>
    <token name="T_WHITESPACE"> </token>
    <token name="T_STRING">rand</token>
    <token name="T_PHPDOX_OPEN_BRACKET">(</token>
    <token name="T_LNUMBER">1</token>
    <token name="T_PHPDOX_COMMA">,</token>
    <token name="T_WHITESPACE"> </token>
    <token name="T_LNUMBER">1000</token>
    <token name="T_PHPDOX_CLOSE_BRACKET">)</token>
    <token name="T_PHPDOX_SEMICOLON">;</token>
  </line>
  <line no="187">
    <token name="T_WHITESPACE">	</token>
    <token name="T_VARIABLE">$factura</token>
    <token name="T_OBJECT_OPERATOR">-&gt;</token>
    <token name="T_STRING">cabecera</token>
    <token name="T_OBJECT_OPERATOR">-&gt;</token>
    <token name="T_STRING">codigoSucursal</token>
    <token name="T_WHITESPACE">		</token>
    <token name="T_PHPDOX_EQUAL">=</token>
    <token name="T_WHITESPACE"> </token>
    <token name="T_VARIABLE">$codigoSucursal</token>
    <token name="T_PHPDOX_SEMICOLON">;</token>
  </line>
  <line no="188">
    <token name="T_WHITESPACE">	</token>
    <token name="T_VARIABLE">$factura</token>
    <token name="T_OBJECT_OPERATOR">-&gt;</token>
    <token name="T_STRING">cabecera</token>
    <token name="T_OBJECT_OPERATOR">-&gt;</token>
    <token name="T_STRING">direccion</token>
    <token name="T_WHITESPACE">			</token>
    <token name="T_PHPDOX_EQUAL">=</token>
    <token name="T_WHITESPACE"> </token>
    <token name="T_CONSTANT_ENCAPSED_STRING">'Pedro Kramer #109'</token>
    <token name="T_PHPDOX_SEMICOLON">;</token>
  </line>
  <line no="189">
    <token name="T_WHITESPACE">	</token>
    <token name="T_VARIABLE">$factura</token>
    <token name="T_OBJECT_OPERATOR">-&gt;</token>
    <token name="T_STRING">cabecera</token>
    <token name="T_OBJECT_OPERATOR">-&gt;</token>
    <token name="T_STRING">codigoPuntoVenta</token>
    <token name="T_WHITESPACE">	</token>
    <token name="T_PHPDOX_EQUAL">=</token>
    <token name="T_WHITESPACE"> </token>
    <token name="T_VARIABLE">$codigoPuntoVenta</token>
    <token name="T_PHPDOX_SEMICOLON">;</token>
  </line>
  <line no="190">
    <token name="T_WHITESPACE">	</token>
    <token name="T_VARIABLE">$factura</token>
    <token name="T_OBJECT_OPERATOR">-&gt;</token>
    <token name="T_STRING">cabecera</token>
    <token name="T_OBJECT_OPERATOR">-&gt;</token>
    <token name="T_STRING">fechaEmision</token>
    <token name="T_WHITESPACE">		</token>
    <token name="T_PHPDOX_EQUAL">=</token>
    <token name="T_WHITESPACE"> </token>
    <token name="T_STRING">date</token>
    <token name="T_PHPDOX_OPEN_BRACKET">(</token>
    <token name="T_CONSTANT_ENCAPSED_STRING">'Y-m-d\TH:i:s.v'</token>
    <token name="T_PHPDOX_CLOSE_BRACKET">)</token>
    <token name="T_PHPDOX_SEMICOLON">;</token>
  </line>
  <line no="191">
    <token name="T_WHITESPACE">	</token>
    <token name="T_VARIABLE">$factura</token>
    <token name="T_OBJECT_OPERATOR">-&gt;</token>
    <token name="T_STRING">cabecera</token>
    <token name="T_OBJECT_OPERATOR">-&gt;</token>
    <token name="T_STRING">nombreRazonSocial</token>
    <token name="T_WHITESPACE">	</token>
    <token name="T_PHPDOX_EQUAL">=</token>
    <token name="T_WHITESPACE"> </token>
    <token name="T_CONSTANT_ENCAPSED_STRING">'Perez'</token>
    <token name="T_PHPDOX_SEMICOLON">;</token>
  </line>
  <line no="192">
    <token name="T_WHITESPACE">	</token>
    <token name="T_VARIABLE">$factura</token>
    <token name="T_OBJECT_OPERATOR">-&gt;</token>
    <token name="T_STRING">cabecera</token>
    <token name="T_OBJECT_OPERATOR">-&gt;</token>
    <token name="T_STRING">codigoTipoDocumentoIdentidad</token>
    <token name="T_WHITESPACE">	</token>
    <token name="T_PHPDOX_EQUAL">=</token>
    <token name="T_WHITESPACE"> </token>
    <token name="T_LNUMBER">1</token>
    <token name="T_PHPDOX_SEMICOLON">;</token>
    <token name="T_WHITESPACE"> </token>
    <token name="T_COMMENT">//CI - CEDULA DE IDENTIDAD</token>
  </line>
  <line no="193">
    <token name="T_WHITESPACE">	</token>
    <token name="T_VARIABLE">$factura</token>
    <token name="T_OBJECT_OPERATOR">-&gt;</token>
    <token name="T_STRING">cabecera</token>
    <token name="T_OBJECT_OPERATOR">-&gt;</token>
    <token name="T_STRING">numeroDocumento</token>
    <token name="T_WHITESPACE">		</token>
    <token name="T_PHPDOX_EQUAL">=</token>
    <token name="T_WHITESPACE"> </token>
    <token name="T_LNUMBER">2287567</token>
    <token name="T_PHPDOX_SEMICOLON">;</token>
  </line>
  <line no="194">
    <token name="T_WHITESPACE">	</token>
    <token name="T_VARIABLE">$factura</token>
    <token name="T_OBJECT_OPERATOR">-&gt;</token>
    <token name="T_STRING">cabecera</token>
    <token name="T_OBJECT_OPERATOR">-&gt;</token>
    <token name="T_STRING">codigoCliente</token>
    <token name="T_WHITESPACE">		</token>
    <token name="T_PHPDOX_EQUAL">=</token>
    <token name="T_WHITESPACE"> </token>
    <token name="T_CONSTANT_ENCAPSED_STRING">'CC-2287567'</token>
    <token name="T_PHPDOX_SEMICOLON">;</token>
  </line>
  <line no="195">
    <token name="T_WHITESPACE">	</token>
    <token name="T_VARIABLE">$factura</token>
    <token name="T_OBJECT_OPERATOR">-&gt;</token>
    <token name="T_STRING">cabecera</token>
    <token name="T_OBJECT_OPERATOR">-&gt;</token>
    <token name="T_STRING">codigoMetodoPago</token>
    <token name="T_WHITESPACE">	</token>
    <token name="T_PHPDOX_EQUAL">=</token>
    <token name="T_WHITESPACE"> </token>
    <token name="T_LNUMBER">1</token>
    <token name="T_PHPDOX_SEMICOLON">;</token>
  </line>
  <line no="196">
    <token name="T_WHITESPACE">	</token>
    <token name="T_VARIABLE">$factura</token>
    <token name="T_OBJECT_OPERATOR">-&gt;</token>
    <token name="T_STRING">cabecera</token>
    <token name="T_OBJECT_OPERATOR">-&gt;</token>
    <token name="T_STRING">montoTotal</token>
    <token name="T_WHITESPACE">			</token>
    <token name="T_PHPDOX_EQUAL">=</token>
    <token name="T_WHITESPACE"> </token>
    <token name="T_VARIABLE">$subTotal</token>
    <token name="T_PHPDOX_SEMICOLON">;</token>
  </line>
  <line no="197">
    <token name="T_WHITESPACE">	</token>
    <token name="T_VARIABLE">$factura</token>
    <token name="T_OBJECT_OPERATOR">-&gt;</token>
    <token name="T_STRING">cabecera</token>
    <token name="T_OBJECT_OPERATOR">-&gt;</token>
    <token name="T_STRING">montoTotalMoneda</token>
    <token name="T_WHITESPACE">	</token>
    <token name="T_PHPDOX_EQUAL">=</token>
    <token name="T_WHITESPACE"> </token>
    <token name="T_VARIABLE">$factura</token>
    <token name="T_OBJECT_OPERATOR">-&gt;</token>
    <token name="T_STRING">cabecera</token>
    <token name="T_OBJECT_OPERATOR">-&gt;</token>
    <token name="T_STRING">montoTotal</token>
    <token name="T_PHPDOX_SEMICOLON">;</token>
  </line>
  <line no="198">
    <token name="T_WHITESPACE">	</token>
    <token name="T_VARIABLE">$factura</token>
    <token name="T_OBJECT_OPERATOR">-&gt;</token>
    <token name="T_STRING">cabecera</token>
    <token name="T_OBJECT_OPERATOR">-&gt;</token>
    <token name="T_STRING">montoTotalSujetoIva</token>
    <token name="T_WHITESPACE">	</token>
    <token name="T_PHPDOX_EQUAL">=</token>
    <token name="T_WHITESPACE"> </token>
    <token name="T_VARIABLE">$factura</token>
    <token name="T_OBJECT_OPERATOR">-&gt;</token>
    <token name="T_STRING">cabecera</token>
    <token name="T_OBJECT_OPERATOR">-&gt;</token>
    <token name="T_STRING">montoTotal</token>
    <token name="T_PHPDOX_SEMICOLON">;</token>
  </line>
  <line no="199">
    <token name="T_WHITESPACE">	</token>
    <token name="T_VARIABLE">$factura</token>
    <token name="T_OBJECT_OPERATOR">-&gt;</token>
    <token name="T_STRING">cabecera</token>
    <token name="T_OBJECT_OPERATOR">-&gt;</token>
    <token name="T_STRING">descuentoAdicional</token>
    <token name="T_WHITESPACE">	</token>
    <token name="T_PHPDOX_EQUAL">=</token>
    <token name="T_WHITESPACE"> </token>
    <token name="T_LNUMBER">0</token>
    <token name="T_PHPDOX_SEMICOLON">;</token>
  </line>
  <line no="200">
    <token name="T_WHITESPACE">	</token>
    <token name="T_VARIABLE">$factura</token>
    <token name="T_OBJECT_OPERATOR">-&gt;</token>
    <token name="T_STRING">cabecera</token>
    <token name="T_OBJECT_OPERATOR">-&gt;</token>
    <token name="T_STRING">codigoMoneda</token>
    <token name="T_WHITESPACE">		</token>
    <token name="T_PHPDOX_EQUAL">=</token>
    <token name="T_WHITESPACE"> </token>
    <token name="T_LNUMBER">1</token>
    <token name="T_PHPDOX_SEMICOLON">;</token>
    <token name="T_WHITESPACE"> </token>
    <token name="T_COMMENT">//BOLIVIANO</token>
  </line>
  <line no="201">
    <token name="T_WHITESPACE">	</token>
    <token name="T_VARIABLE">$factura</token>
    <token name="T_OBJECT_OPERATOR">-&gt;</token>
    <token name="T_STRING">cabecera</token>
    <token name="T_OBJECT_OPERATOR">-&gt;</token>
    <token name="T_STRING">tipoCambio</token>
    <token name="T_WHITESPACE">			</token>
    <token name="T_PHPDOX_EQUAL">=</token>
    <token name="T_WHITESPACE"> </token>
    <token name="T_LNUMBER">1</token>
    <token name="T_PHPDOX_SEMICOLON">;</token>
  </line>
  <line no="202">
    <token name="T_WHITESPACE">	</token>
    <token name="T_VARIABLE">$factura</token>
    <token name="T_OBJECT_OPERATOR">-&gt;</token>
    <token name="T_STRING">cabecera</token>
    <token name="T_OBJECT_OPERATOR">-&gt;</token>
    <token name="T_STRING">usuario</token>
    <token name="T_WHITESPACE">				</token>
    <token name="T_PHPDOX_EQUAL">=</token>
    <token name="T_WHITESPACE"> </token>
    <token name="T_CONSTANT_ENCAPSED_STRING">'MonoBusiness User 01'</token>
    <token name="T_PHPDOX_SEMICOLON">;</token>
  </line>
  <line no="203">
    <token name="T_WHITESPACE">	</token>
  </line>
  <line no="204">
    <token name="T_WHITESPACE">	</token>
    <token name="T_IF">if</token>
    <token name="T_PHPDOX_OPEN_BRACKET">(</token>
    <token name="T_WHITESPACE"> </token>
    <token name="T_VARIABLE">$documentoSector</token>
    <token name="T_WHITESPACE"> </token>
    <token name="T_IS_EQUAL">==</token>
    <token name="T_WHITESPACE"> </token>
    <token name="T_STRING">DocumentTypes</token>
    <token name="T_DOUBLE_COLON">::</token>
    <token name="T_STRING">FACTURA_COMERCIAL_EXPORTACION</token>
    <token name="T_WHITESPACE"> </token>
    <token name="T_PHPDOX_CLOSE_BRACKET">)</token>
  </line>
  <line no="205">
    <token name="T_WHITESPACE">	</token>
    <token name="T_PHPDOX_OPEN_CURLY">{</token>
  </line>
  <line no="206">
    <token name="T_WHITESPACE">		</token>
    <token name="T_VARIABLE">$factura</token>
    <token name="T_OBJECT_OPERATOR">-&gt;</token>
    <token name="T_STRING">cabecera</token>
    <token name="T_OBJECT_OPERATOR">-&gt;</token>
    <token name="T_STRING">montoDetalle</token>
    <token name="T_WHITESPACE"> </token>
    <token name="T_PHPDOX_EQUAL">=</token>
    <token name="T_WHITESPACE"> </token>
    <token name="T_VARIABLE">$factura</token>
    <token name="T_OBJECT_OPERATOR">-&gt;</token>
    <token name="T_STRING">cabecera</token>
    <token name="T_OBJECT_OPERATOR">-&gt;</token>
    <token name="T_STRING">montoTotal</token>
    <token name="T_PHPDOX_SEMICOLON">;</token>
  </line>
  <line no="207">
    <token name="T_WHITESPACE">		</token>
    <token name="T_VARIABLE">$factura</token>
    <token name="T_OBJECT_OPERATOR">-&gt;</token>
    <token name="T_STRING">cabecera</token>
    <token name="T_OBJECT_OPERATOR">-&gt;</token>
    <token name="T_STRING">codigoMoneda</token>
    <token name="T_WHITESPACE"> </token>
    <token name="T_PHPDOX_EQUAL">=</token>
    <token name="T_WHITESPACE"> </token>
    <token name="T_LNUMBER">2</token>
    <token name="T_PHPDOX_SEMICOLON">;</token>
    <token name="T_WHITESPACE"> </token>
    <token name="T_COMMENT">//USD</token>
  </line>
  <line no="208">
    <token name="T_WHITESPACE">		</token>
    <token name="T_VARIABLE">$factura</token>
    <token name="T_OBJECT_OPERATOR">-&gt;</token>
    <token name="T_STRING">cabecera</token>
    <token name="T_OBJECT_OPERATOR">-&gt;</token>
    <token name="T_STRING">tipoCambio</token>
    <token name="T_WHITESPACE"> </token>
    <token name="T_PHPDOX_EQUAL">=</token>
    <token name="T_WHITESPACE"> </token>
    <token name="T_DNUMBER">6.86</token>
    <token name="T_PHPDOX_SEMICOLON">;</token>
  </line>
  <line no="209">
    <token name="T_WHITESPACE">		</token>
    <token name="T_VARIABLE">$factura</token>
    <token name="T_OBJECT_OPERATOR">-&gt;</token>
    <token name="T_STRING">cabecera</token>
    <token name="T_OBJECT_OPERATOR">-&gt;</token>
    <token name="T_STRING">direccionComprador</token>
    <token name="T_WHITESPACE"> </token>
    <token name="T_PHPDOX_EQUAL">=</token>
    <token name="T_WHITESPACE"> </token>
    <token name="T_CONSTANT_ENCAPSED_STRING">'Av. Los Tajibos'</token>
    <token name="T_PHPDOX_SEMICOLON">;</token>
  </line>
  <line no="210">
    <token name="T_WHITESPACE">		</token>
    <token name="T_VARIABLE">$factura</token>
    <token name="T_OBJECT_OPERATOR">-&gt;</token>
    <token name="T_STRING">cabecera</token>
    <token name="T_OBJECT_OPERATOR">-&gt;</token>
    <token name="T_STRING">incoterm</token>
    <token name="T_WHITESPACE"> </token>
    <token name="T_PHPDOX_EQUAL">=</token>
    <token name="T_WHITESPACE"> </token>
    <token name="T_CONSTANT_ENCAPSED_STRING">'CIF'</token>
    <token name="T_PHPDOX_SEMICOLON">;</token>
  </line>
  <line no="211">
    <token name="T_WHITESPACE">		</token>
    <token name="T_VARIABLE">$factura</token>
    <token name="T_OBJECT_OPERATOR">-&gt;</token>
    <token name="T_STRING">cabecera</token>
    <token name="T_OBJECT_OPERATOR">-&gt;</token>
    <token name="T_STRING">incotermDetalle</token>
    <token name="T_WHITESPACE"> </token>
    <token name="T_PHPDOX_EQUAL">=</token>
    <token name="T_WHITESPACE"> </token>
    <token name="T_CONSTANT_ENCAPSED_STRING">'CIF-WEBEX'</token>
    <token name="T_PHPDOX_SEMICOLON">;</token>
  </line>
  <line no="212">
    <token name="T_WHITESPACE">		</token>
    <token name="T_VARIABLE">$factura</token>
    <token name="T_OBJECT_OPERATOR">-&gt;</token>
    <token name="T_STRING">cabecera</token>
    <token name="T_OBJECT_OPERATOR">-&gt;</token>
    <token name="T_STRING">puertoDestino</token>
    <token name="T_WHITESPACE"> </token>
    <token name="T_PHPDOX_EQUAL">=</token>
    <token name="T_WHITESPACE"> </token>
    <token name="T_CONSTANT_ENCAPSED_STRING">'Arica'</token>
    <token name="T_PHPDOX_SEMICOLON">;</token>
  </line>
  <line no="213">
    <token name="T_WHITESPACE">		</token>
    <token name="T_VARIABLE">$factura</token>
    <token name="T_OBJECT_OPERATOR">-&gt;</token>
    <token name="T_STRING">cabecera</token>
    <token name="T_OBJECT_OPERATOR">-&gt;</token>
    <token name="T_STRING">lugarDestino</token>
    <token name="T_WHITESPACE"> </token>
    <token name="T_PHPDOX_EQUAL">=</token>
    <token name="T_WHITESPACE"> </token>
    <token name="T_CONSTANT_ENCAPSED_STRING">'Chile'</token>
    <token name="T_PHPDOX_SEMICOLON">;</token>
  </line>
  <line no="214">
    <token name="T_WHITESPACE">		</token>
    <token name="T_VARIABLE">$factura</token>
    <token name="T_OBJECT_OPERATOR">-&gt;</token>
    <token name="T_STRING">cabecera</token>
    <token name="T_OBJECT_OPERATOR">-&gt;</token>
    <token name="T_STRING">codigoPais</token>
    <token name="T_WHITESPACE"> </token>
    <token name="T_PHPDOX_EQUAL">=</token>
    <token name="T_WHITESPACE"> </token>
    <token name="T_CONSTANT_ENCAPSED_STRING">'100'</token>
    <token name="T_PHPDOX_SEMICOLON">;</token>
  </line>
  <line no="215">
    <token name="T_WHITESPACE">		</token>
    <token name="T_VARIABLE">$factura</token>
    <token name="T_OBJECT_OPERATOR">-&gt;</token>
    <token name="T_STRING">cabecera</token>
    <token name="T_OBJECT_OPERATOR">-&gt;</token>
    <token name="T_STRING">costosGastosNacionales</token>
    <token name="T_WHITESPACE"> </token>
    <token name="T_PHPDOX_EQUAL">=</token>
    <token name="T_WHITESPACE"> </token>
    <token name="T_CONSTANT_ENCAPSED_STRING">'[]'</token>
    <token name="T_PHPDOX_SEMICOLON">;</token>
  </line>
  <line no="216">
    <token name="T_WHITESPACE">		</token>
    <token name="T_VARIABLE">$factura</token>
    <token name="T_OBJECT_OPERATOR">-&gt;</token>
    <token name="T_STRING">cabecera</token>
    <token name="T_OBJECT_OPERATOR">-&gt;</token>
    <token name="T_STRING">totalGastosNacionalesFob</token>
    <token name="T_WHITESPACE"> </token>
    <token name="T_PHPDOX_EQUAL">=</token>
    <token name="T_WHITESPACE"> </token>
    <token name="T_VARIABLE">$factura</token>
    <token name="T_OBJECT_OPERATOR">-&gt;</token>
    <token name="T_STRING">cabecera</token>
    <token name="T_OBJECT_OPERATOR">-&gt;</token>
    <token name="T_STRING">montoDetalle</token>
    <token name="T_PHPDOX_SEMICOLON">;</token>
  </line>
  <line no="217">
    <token name="T_WHITESPACE">		</token>
    <token name="T_VARIABLE">$factura</token>
    <token name="T_OBJECT_OPERATOR">-&gt;</token>
    <token name="T_STRING">cabecera</token>
    <token name="T_OBJECT_OPERATOR">-&gt;</token>
    <token name="T_STRING">costosGastosInternacionales</token>
    <token name="T_WHITESPACE"> </token>
    <token name="T_PHPDOX_EQUAL">=</token>
    <token name="T_WHITESPACE"> </token>
    <token name="T_CONSTANT_ENCAPSED_STRING">'[]'</token>
    <token name="T_PHPDOX_SEMICOLON">;</token>
  </line>
  <line no="218">
    <token name="T_WHITESPACE">		</token>
    <token name="T_VARIABLE">$factura</token>
    <token name="T_OBJECT_OPERATOR">-&gt;</token>
    <token name="T_STRING">cabecera</token>
    <token name="T_OBJECT_OPERATOR">-&gt;</token>
    <token name="T_STRING">totalGastosInternacionales</token>
    <token name="T_WHITESPACE"> </token>
    <token name="T_PHPDOX_EQUAL">=</token>
    <token name="T_WHITESPACE"> </token>
    <token name="T_LNUMBER">0</token>
    <token name="T_PHPDOX_SEMICOLON">;</token>
  </line>
  <line no="219">
    <token name="T_WHITESPACE">		</token>
    <token name="T_VARIABLE">$factura</token>
    <token name="T_OBJECT_OPERATOR">-&gt;</token>
    <token name="T_STRING">cabecera</token>
    <token name="T_OBJECT_OPERATOR">-&gt;</token>
    <token name="T_STRING">montoTotalMoneda</token>
    <token name="T_WHITESPACE"> </token>
    <token name="T_PHPDOX_EQUAL">=</token>
    <token name="T_WHITESPACE"> </token>
    <token name="T_VARIABLE">$factura</token>
    <token name="T_OBJECT_OPERATOR">-&gt;</token>
    <token name="T_STRING">cabecera</token>
    <token name="T_OBJECT_OPERATOR">-&gt;</token>
    <token name="T_STRING">montoDetalle</token>
    <token name="T_WHITESPACE"> </token>
    <token name="T_PHPDOX_PLUS">+</token>
    <token name="T_WHITESPACE"> </token>
    <token name="T_VARIABLE">$factura</token>
    <token name="T_OBJECT_OPERATOR">-&gt;</token>
    <token name="T_STRING">cabecera</token>
    <token name="T_OBJECT_OPERATOR">-&gt;</token>
    <token name="T_STRING">totalGastosInternacionales</token>
    <token name="T_PHPDOX_SEMICOLON">;</token>
  </line>
  <line no="220">
    <token name="T_WHITESPACE">		</token>
    <token name="T_VARIABLE">$factura</token>
    <token name="T_OBJECT_OPERATOR">-&gt;</token>
    <token name="T_STRING">cabecera</token>
    <token name="T_OBJECT_OPERATOR">-&gt;</token>
    <token name="T_STRING">montoTotal</token>
    <token name="T_WHITESPACE"> </token>
    <token name="T_PHPDOX_EQUAL">=</token>
    <token name="T_WHITESPACE"> </token>
    <token name="T_VARIABLE">$factura</token>
    <token name="T_OBJECT_OPERATOR">-&gt;</token>
    <token name="T_STRING">cabecera</token>
    <token name="T_OBJECT_OPERATOR">-&gt;</token>
    <token name="T_STRING">montoTotalMoneda</token>
    <token name="T_WHITESPACE"> </token>
    <token name="T_PHPDOX_MULT">*</token>
    <token name="T_WHITESPACE"> </token>
    <token name="T_VARIABLE">$factura</token>
    <token name="T_OBJECT_OPERATOR">-&gt;</token>
    <token name="T_STRING">cabecera</token>
    <token name="T_OBJECT_OPERATOR">-&gt;</token>
    <token name="T_STRING">tipoCambio</token>
    <token name="T_PHPDOX_SEMICOLON">;</token>
  </line>
  <line no="221">
    <token name="T_WHITESPACE">		</token>
    <token name="T_VARIABLE">$factura</token>
    <token name="T_OBJECT_OPERATOR">-&gt;</token>
    <token name="T_STRING">cabecera</token>
    <token name="T_OBJECT_OPERATOR">-&gt;</token>
    <token name="T_STRING">montoTotalSujetoIva</token>
    <token name="T_WHITESPACE"> </token>
    <token name="T_PHPDOX_EQUAL">=</token>
    <token name="T_WHITESPACE"> </token>
    <token name="T_LNUMBER">0</token>
    <token name="T_PHPDOX_SEMICOLON">;</token>
  </line>
  <line no="222">
    <token name="T_WHITESPACE">		</token>
    <token name="T_VARIABLE">$factura</token>
    <token name="T_OBJECT_OPERATOR">-&gt;</token>
    <token name="T_STRING">cabecera</token>
    <token name="T_OBJECT_OPERATOR">-&gt;</token>
    <token name="T_STRING">numeroDescripcionPaquetesBultos</token>
    <token name="T_WHITESPACE"> </token>
    <token name="T_PHPDOX_EQUAL">=</token>
    <token name="T_WHITESPACE"> </token>
    <token name="T_CONSTANT_ENCAPSED_STRING">'NINGUNA'</token>
    <token name="T_PHPDOX_SEMICOLON">;</token>
  </line>
  <line no="223">
    <token name="T_WHITESPACE">		</token>
    <token name="T_VARIABLE">$factura</token>
    <token name="T_OBJECT_OPERATOR">-&gt;</token>
    <token name="T_STRING">cabecera</token>
    <token name="T_OBJECT_OPERATOR">-&gt;</token>
    <token name="T_STRING">informacionAdicional</token>
    <token name="T_WHITESPACE"> </token>
    <token name="T_PHPDOX_EQUAL">=</token>
    <token name="T_WHITESPACE"> </token>
    <token name="T_CONSTANT_ENCAPSED_STRING">'NINGUNA'</token>
    <token name="T_PHPDOX_SEMICOLON">;</token>
  </line>
  <line no="224">
    <token name="T_WHITESPACE">	</token>
    <token name="T_PHPDOX_CLOSE_CURLY">}</token>
  </line>
  <line no="225">
    <token name="T_WHITESPACE">	</token>
    <token name="T_ELSEIF">elseif</token>
    <token name="T_PHPDOX_OPEN_BRACKET">(</token>
    <token name="T_WHITESPACE"> </token>
    <token name="T_VARIABLE">$documentoSector</token>
    <token name="T_WHITESPACE"> </token>
    <token name="T_IS_EQUAL">==</token>
    <token name="T_WHITESPACE"> </token>
    <token name="T_STRING">DocumentTypes</token>
    <token name="T_DOUBLE_COLON">::</token>
    <token name="T_STRING">FACTURA_COM_EXPORT_SERVICIOS</token>
    <token name="T_WHITESPACE"> </token>
    <token name="T_PHPDOX_CLOSE_BRACKET">)</token>
  </line>
  <line no="226">
    <token name="T_WHITESPACE">	</token>
    <token name="T_PHPDOX_OPEN_CURLY">{</token>
  </line>
  <line no="227">
    <token name="T_WHITESPACE">		</token>
    <token name="T_VARIABLE">$factura</token>
    <token name="T_OBJECT_OPERATOR">-&gt;</token>
    <token name="T_STRING">cabecera</token>
    <token name="T_OBJECT_OPERATOR">-&gt;</token>
    <token name="T_STRING">direccionComprador</token>
    <token name="T_WHITESPACE"> </token>
    <token name="T_PHPDOX_EQUAL">=</token>
    <token name="T_WHITESPACE"> </token>
    <token name="T_CONSTANT_ENCAPSED_STRING">'Av. Los Tajibos'</token>
    <token name="T_PHPDOX_SEMICOLON">;</token>
  </line>
  <line no="228">
    <token name="T_WHITESPACE">		</token>
    <token name="T_VARIABLE">$factura</token>
    <token name="T_OBJECT_OPERATOR">-&gt;</token>
    <token name="T_STRING">cabecera</token>
    <token name="T_OBJECT_OPERATOR">-&gt;</token>
    <token name="T_STRING">lugarDestino</token>
    <token name="T_WHITESPACE"> </token>
    <token name="T_PHPDOX_EQUAL">=</token>
    <token name="T_WHITESPACE"> </token>
    <token name="T_CONSTANT_ENCAPSED_STRING">'Chile'</token>
    <token name="T_PHPDOX_SEMICOLON">;</token>
  </line>
  <line no="229">
    <token name="T_WHITESPACE">		</token>
    <token name="T_VARIABLE">$factura</token>
    <token name="T_OBJECT_OPERATOR">-&gt;</token>
    <token name="T_STRING">cabecera</token>
    <token name="T_OBJECT_OPERATOR">-&gt;</token>
    <token name="T_STRING">codigoPais</token>
    <token name="T_WHITESPACE"> </token>
    <token name="T_PHPDOX_EQUAL">=</token>
    <token name="T_WHITESPACE"> </token>
    <token name="T_CONSTANT_ENCAPSED_STRING">'100'</token>
    <token name="T_PHPDOX_SEMICOLON">;</token>
  </line>
  <line no="230">
    <token name="T_WHITESPACE">		</token>
    <token name="T_VARIABLE">$factura</token>
    <token name="T_OBJECT_OPERATOR">-&gt;</token>
    <token name="T_STRING">cabecera</token>
    <token name="T_OBJECT_OPERATOR">-&gt;</token>
    <token name="T_STRING">montoTotalSujetoIva</token>
    <token name="T_WHITESPACE"> </token>
    <token name="T_PHPDOX_EQUAL">=</token>
    <token name="T_WHITESPACE"> </token>
    <token name="T_LNUMBER">0</token>
    <token name="T_PHPDOX_SEMICOLON">;</token>
  </line>
  <line no="231">
    <token name="T_WHITESPACE">		</token>
    <token name="T_VARIABLE">$factura</token>
    <token name="T_OBJECT_OPERATOR">-&gt;</token>
    <token name="T_STRING">cabecera</token>
    <token name="T_OBJECT_OPERATOR">-&gt;</token>
    <token name="T_STRING">informacionAdicional</token>
    <token name="T_WHITESPACE"> </token>
    <token name="T_PHPDOX_EQUAL">=</token>
    <token name="T_WHITESPACE"> </token>
    <token name="T_CONSTANT_ENCAPSED_STRING">'NINGUNA'</token>
    <token name="T_PHPDOX_SEMICOLON">;</token>
  </line>
  <line no="232">
    <token name="T_WHITESPACE">	</token>
    <token name="T_PHPDOX_CLOSE_CURLY">}</token>
  </line>
  <line no="233">
    <token name="T_WHITESPACE">	</token>
    <token name="T_ELSEIF">elseif</token>
    <token name="T_PHPDOX_OPEN_BRACKET">(</token>
    <token name="T_WHITESPACE"> </token>
    <token name="T_STRING">in_array</token>
    <token name="T_PHPDOX_OPEN_BRACKET">(</token>
    <token name="T_VARIABLE">$documentoSector</token>
    <token name="T_PHPDOX_COMMA">,</token>
    <token name="T_WHITESPACE"> </token>
    <token name="T_PHPDOX_OPEN_SQUARE">[</token>
    <token name="T_STRING">DocumentTypes</token>
    <token name="T_DOUBLE_COLON">::</token>
    <token name="T_STRING">FACTURA_SERVICIO_TURISTICO</token>
    <token name="T_PHPDOX_COMMA">,</token>
    <token name="T_WHITESPACE"> </token>
    <token name="T_STRING">DocumentTypes</token>
    <token name="T_DOUBLE_COLON">::</token>
    <token name="T_STRING">FACTURA_HOTELES</token>
    <token name="T_PHPDOX_CLOSE_SQUARE">]</token>
    <token name="T_PHPDOX_CLOSE_BRACKET">)</token>
    <token name="T_WHITESPACE"> </token>
    <token name="T_PHPDOX_CLOSE_BRACKET">)</token>
  </line>
  <line no="234">
    <token name="T_WHITESPACE">	</token>
    <token name="T_PHPDOX_OPEN_CURLY">{</token>
  </line>
  <line no="235">
    <token name="T_WHITESPACE">		</token>
    <token name="T_IF">if</token>
    <token name="T_PHPDOX_OPEN_BRACKET">(</token>
    <token name="T_WHITESPACE"> </token>
    <token name="T_VARIABLE">$documentoSector</token>
    <token name="T_WHITESPACE"> </token>
    <token name="T_IS_EQUAL">==</token>
    <token name="T_WHITESPACE"> </token>
    <token name="T_STRING">DocumentTypes</token>
    <token name="T_DOUBLE_COLON">::</token>
    <token name="T_STRING">FACTURA_SERVICIO_TURISTICO</token>
    <token name="T_WHITESPACE"> </token>
    <token name="T_PHPDOX_CLOSE_BRACKET">)</token>
  </line>
  <line no="236">
    <token name="T_WHITESPACE">			</token>
    <token name="T_VARIABLE">$factura</token>
    <token name="T_OBJECT_OPERATOR">-&gt;</token>
    <token name="T_STRING">cabecera</token>
    <token name="T_OBJECT_OPERATOR">-&gt;</token>
    <token name="T_STRING">montoTotalSujetoIva</token>
    <token name="T_WHITESPACE"> </token>
    <token name="T_PHPDOX_EQUAL">=</token>
    <token name="T_WHITESPACE"> </token>
    <token name="T_LNUMBER">0</token>
    <token name="T_PHPDOX_SEMICOLON">;</token>
  </line>
  <line no="237">
    <token name="T_WHITESPACE">			</token>
  </line>
  <line no="238">
    <token name="T_WHITESPACE">			</token>
    <token name="T_VARIABLE">$factura</token>
    <token name="T_OBJECT_OPERATOR">-&gt;</token>
    <token name="T_STRING">cabecera</token>
    <token name="T_OBJECT_OPERATOR">-&gt;</token>
    <token name="T_STRING">razonSocialOperadorTurismo</token>
    <token name="T_WHITESPACE"> </token>
    <token name="T_PHPDOX_EQUAL">=</token>
    <token name="T_WHITESPACE"> </token>
    <token name="T_CONSTANT_ENCAPSED_STRING">'TURISMO LA PAZ'</token>
    <token name="T_PHPDOX_SEMICOLON">;</token>
  </line>
  <line no="239">
    <token name="T_WHITESPACE">			</token>
    <token name="T_VARIABLE">$factura</token>
    <token name="T_OBJECT_OPERATOR">-&gt;</token>
    <token name="T_STRING">cabecera</token>
    <token name="T_OBJECT_OPERATOR">-&gt;</token>
    <token name="T_STRING">cantidadHuespedes</token>
    <token name="T_WHITESPACE"> </token>
    <token name="T_PHPDOX_EQUAL">=</token>
    <token name="T_WHITESPACE"> </token>
    <token name="T_LNUMBER">3</token>
    <token name="T_PHPDOX_SEMICOLON">;</token>
  </line>
  <line no="240">
    <token name="T_WHITESPACE">			</token>
    <token name="T_VARIABLE">$factura</token>
    <token name="T_OBJECT_OPERATOR">-&gt;</token>
    <token name="T_STRING">cabecera</token>
    <token name="T_OBJECT_OPERATOR">-&gt;</token>
    <token name="T_STRING">cantidadHabitaciones</token>
    <token name="T_WHITESPACE"> </token>
    <token name="T_PHPDOX_EQUAL">=</token>
    <token name="T_WHITESPACE"> </token>
    <token name="T_LNUMBER">1</token>
    <token name="T_PHPDOX_SEMICOLON">;</token>
  </line>
  <line no="241">
    <token name="T_WHITESPACE">			</token>
    <token name="T_VARIABLE">$factura</token>
    <token name="T_OBJECT_OPERATOR">-&gt;</token>
    <token name="T_STRING">cabecera</token>
    <token name="T_OBJECT_OPERATOR">-&gt;</token>
    <token name="T_STRING">cantidadMayores</token>
    <token name="T_WHITESPACE"> </token>
    <token name="T_PHPDOX_EQUAL">=</token>
    <token name="T_WHITESPACE"> </token>
    <token name="T_LNUMBER">2</token>
    <token name="T_PHPDOX_SEMICOLON">;</token>
  </line>
  <line no="242">
    <token name="T_WHITESPACE">			</token>
    <token name="T_VARIABLE">$factura</token>
    <token name="T_OBJECT_OPERATOR">-&gt;</token>
    <token name="T_STRING">cabecera</token>
    <token name="T_OBJECT_OPERATOR">-&gt;</token>
    <token name="T_STRING">cantidadMenores</token>
    <token name="T_WHITESPACE"> </token>
    <token name="T_PHPDOX_EQUAL">=</token>
    <token name="T_WHITESPACE"> </token>
    <token name="T_LNUMBER">1</token>
    <token name="T_PHPDOX_SEMICOLON">;</token>
  </line>
  <line no="243">
    <token name="T_WHITESPACE">			</token>
    <token name="T_VARIABLE">$factura</token>
    <token name="T_OBJECT_OPERATOR">-&gt;</token>
    <token name="T_STRING">cabecera</token>
    <token name="T_OBJECT_OPERATOR">-&gt;</token>
    <token name="T_STRING">fechaIngresoHospedaje</token>
    <token name="T_WHITESPACE"> </token>
    <token name="T_PHPDOX_EQUAL">=</token>
    <token name="T_WHITESPACE"> </token>
    <token name="T_STRING">date</token>
    <token name="T_PHPDOX_OPEN_BRACKET">(</token>
    <token name="T_CONSTANT_ENCAPSED_STRING">'Y-m-d\TH:i:s.v'</token>
    <token name="T_PHPDOX_COMMA">,</token>
    <token name="T_WHITESPACE"> </token>
    <token name="T_STRING">time</token>
    <token name="T_PHPDOX_OPEN_BRACKET">(</token>
    <token name="T_PHPDOX_CLOSE_BRACKET">)</token>
    <token name="T_WHITESPACE"> </token>
    <token name="T_PHPDOX_PLUS">+</token>
    <token name="T_WHITESPACE"> </token>
    <token name="T_LNUMBER">63500</token>
    <token name="T_PHPDOX_CLOSE_BRACKET">)</token>
    <token name="T_PHPDOX_SEMICOLON">;</token>
  </line>
  <line no="244">
    <token name="T_WHITESPACE">	</token>
    <token name="T_PHPDOX_CLOSE_CURLY">}</token>
  </line>
  <line no="245">
    <token name="T_WHITESPACE">	</token>
    <token name="T_ELSEIF">elseif</token>
    <token name="T_PHPDOX_OPEN_BRACKET">(</token>
    <token name="T_WHITESPACE"> </token>
    <token name="T_VARIABLE">$documentoSector</token>
    <token name="T_WHITESPACE"> </token>
    <token name="T_IS_EQUAL">==</token>
    <token name="T_WHITESPACE"> </token>
    <token name="T_STRING">DocumentTypes</token>
    <token name="T_DOUBLE_COLON">::</token>
    <token name="T_STRING">FACTURA_SECTOR_EDUCATIVO</token>
    <token name="T_WHITESPACE"> </token>
    <token name="T_PHPDOX_CLOSE_BRACKET">)</token>
  </line>
  <line no="246">
    <token name="T_WHITESPACE">	</token>
    <token name="T_PHPDOX_OPEN_CURLY">{</token>
  </line>
  <line no="247">
    <token name="T_WHITESPACE">		</token>
    <token name="T_VARIABLE">$factura</token>
    <token name="T_OBJECT_OPERATOR">-&gt;</token>
    <token name="T_STRING">cabecera</token>
    <token name="T_OBJECT_OPERATOR">-&gt;</token>
    <token name="T_STRING">nombreEstudiante</token>
    <token name="T_WHITESPACE"> </token>
    <token name="T_PHPDOX_EQUAL">=</token>
    <token name="T_WHITESPACE"> </token>
    <token name="T_CONSTANT_ENCAPSED_STRING">'Pepito Perez'</token>
    <token name="T_PHPDOX_SEMICOLON">;</token>
  </line>
  <line no="248">
    <token name="T_WHITESPACE">		</token>
    <token name="T_VARIABLE">$factura</token>
    <token name="T_OBJECT_OPERATOR">-&gt;</token>
    <token name="T_STRING">cabecera</token>
    <token name="T_OBJECT_OPERATOR">-&gt;</token>
    <token name="T_STRING">periodoFacturado</token>
    <token name="T_WHITESPACE"> </token>
    <token name="T_PHPDOX_EQUAL">=</token>
    <token name="T_WHITESPACE"> </token>
    <token name="T_CONSTANT_ENCAPSED_STRING">'ABRIL '</token>
    <token name="T_WHITESPACE"> </token>
    <token name="T_PHPDOX_DOT">.</token>
    <token name="T_WHITESPACE"> </token>
    <token name="T_STRING">date</token>
    <token name="T_PHPDOX_OPEN_BRACKET">(</token>
    <token name="T_CONSTANT_ENCAPSED_STRING">'Y'</token>
    <token name="T_PHPDOX_CLOSE_BRACKET">)</token>
    <token name="T_PHPDOX_SEMICOLON">;</token>
  </line>
  <line no="249">
    <token name="T_WHITESPACE">	</token>
    <token name="T_PHPDOX_CLOSE_CURLY">}</token>
  </line>
  <line no="250">
    <token name="T_WHITESPACE">	</token>
    <token name="T_ELSEIF">elseif</token>
    <token name="T_PHPDOX_OPEN_BRACKET">(</token>
    <token name="T_WHITESPACE"> </token>
    <token name="T_VARIABLE">$documentoSector</token>
    <token name="T_WHITESPACE"> </token>
    <token name="T_IS_EQUAL">==</token>
    <token name="T_WHITESPACE"> </token>
    <token name="T_STRING">DocumentTypes</token>
    <token name="T_DOUBLE_COLON">::</token>
    <token name="T_STRING">FACTURA_HOSPITALES</token>
    <token name="T_WHITESPACE"> </token>
    <token name="T_PHPDOX_CLOSE_BRACKET">)</token>
  </line>
  <line no="251">
    <token name="T_WHITESPACE">	</token>
    <token name="T_PHPDOX_OPEN_CURLY">{</token>
  </line>
  <line no="252">
    <token name="T_WHITESPACE">		</token>
    <token name="T_VARIABLE">$factura</token>
    <token name="T_OBJECT_OPERATOR">-&gt;</token>
    <token name="T_STRING">cabecera</token>
    <token name="T_OBJECT_OPERATOR">-&gt;</token>
    <token name="T_STRING">modalidadServicio</token>
    <token name="T_WHITESPACE"> </token>
    <token name="T_PHPDOX_EQUAL">=</token>
    <token name="T_WHITESPACE"> </token>
    <token name="T_CONSTANT_ENCAPSED_STRING">'Post Operatorio'</token>
    <token name="T_PHPDOX_SEMICOLON">;</token>
  </line>
  <line no="253">
    <token name="T_WHITESPACE">	</token>
    <token name="T_PHPDOX_CLOSE_CURLY">}</token>
  </line>
  <line no="254">
    <token name="T_WHITESPACE">	</token>
    <token name="T_ELSEIF">elseif</token>
    <token name="T_PHPDOX_OPEN_BRACKET">(</token>
    <token name="T_WHITESPACE"> </token>
    <token name="T_VARIABLE">$documentoSector</token>
    <token name="T_WHITESPACE"> </token>
    <token name="T_IS_EQUAL">==</token>
    <token name="T_WHITESPACE"> </token>
    <token name="T_STRING">DocumentTypes</token>
    <token name="T_DOUBLE_COLON">::</token>
    <token name="T_STRING">FACTURA_SERV_BASICOS</token>
    <token name="T_WHITESPACE"> </token>
    <token name="T_PHPDOX_CLOSE_BRACKET">)</token>
  </line>
  <line no="255">
    <token name="T_WHITESPACE">	</token>
    <token name="T_PHPDOX_OPEN_CURLY">{</token>
  </line>
  <line no="256">
    <token name="T_WHITESPACE">		</token>
    <token name="T_VARIABLE">$factura</token>
    <token name="T_OBJECT_OPERATOR">-&gt;</token>
    <token name="T_STRING">cabecera</token>
    <token name="T_OBJECT_OPERATOR">-&gt;</token>
    <token name="T_STRING">mes</token>
    <token name="T_WHITESPACE"> 	</token>
    <token name="T_PHPDOX_EQUAL">=</token>
    <token name="T_WHITESPACE"> </token>
    <token name="T_STRING">date</token>
    <token name="T_PHPDOX_OPEN_BRACKET">(</token>
    <token name="T_CONSTANT_ENCAPSED_STRING">'m'</token>
    <token name="T_PHPDOX_CLOSE_BRACKET">)</token>
    <token name="T_PHPDOX_SEMICOLON">;</token>
  </line>
  <line no="257">
    <token name="T_WHITESPACE">		</token>
    <token name="T_VARIABLE">$factura</token>
    <token name="T_OBJECT_OPERATOR">-&gt;</token>
    <token name="T_STRING">cabecera</token>
    <token name="T_OBJECT_OPERATOR">-&gt;</token>
    <token name="T_STRING">gestion</token>
    <token name="T_WHITESPACE"> </token>
    <token name="T_PHPDOX_EQUAL">=</token>
    <token name="T_WHITESPACE"> </token>
    <token name="T_STRING">date</token>
    <token name="T_PHPDOX_OPEN_BRACKET">(</token>
    <token name="T_CONSTANT_ENCAPSED_STRING">'Y'</token>
    <token name="T_PHPDOX_CLOSE_BRACKET">)</token>
    <token name="T_PHPDOX_SEMICOLON">;</token>
  </line>
  <line no="258">
    <token name="T_WHITESPACE">		</token>
    <token name="T_VARIABLE">$factura</token>
    <token name="T_OBJECT_OPERATOR">-&gt;</token>
    <token name="T_STRING">cabecera</token>
    <token name="T_OBJECT_OPERATOR">-&gt;</token>
    <token name="T_STRING">ciudad</token>
    <token name="T_WHITESPACE">	</token>
    <token name="T_PHPDOX_EQUAL">=</token>
    <token name="T_WHITESPACE"> </token>
    <token name="T_CONSTANT_ENCAPSED_STRING">'La Paz'</token>
    <token name="T_PHPDOX_SEMICOLON">;</token>
  </line>
  <line no="259">
    <token name="T_WHITESPACE">		</token>
    <token name="T_VARIABLE">$factura</token>
    <token name="T_OBJECT_OPERATOR">-&gt;</token>
    <token name="T_STRING">cabecera</token>
    <token name="T_OBJECT_OPERATOR">-&gt;</token>
    <token name="T_STRING">zona</token>
    <token name="T_WHITESPACE">	</token>
    <token name="T_PHPDOX_EQUAL">=</token>
    <token name="T_WHITESPACE"> </token>
    <token name="T_CONSTANT_ENCAPSED_STRING">'Zona Central'</token>
    <token name="T_PHPDOX_SEMICOLON">;</token>
  </line>
  <line no="260">
    <token name="T_WHITESPACE">		</token>
    <token name="T_VARIABLE">$factura</token>
    <token name="T_OBJECT_OPERATOR">-&gt;</token>
    <token name="T_STRING">cabecera</token>
    <token name="T_OBJECT_OPERATOR">-&gt;</token>
    <token name="T_STRING">numeroMedidor</token>
    <token name="T_WHITESPACE">	</token>
    <token name="T_PHPDOX_EQUAL">=</token>
    <token name="T_WHITESPACE"> </token>
    <token name="T_CONSTANT_ENCAPSED_STRING">'34234'</token>
    <token name="T_PHPDOX_SEMICOLON">;</token>
  </line>
  <line no="261">
    <token name="T_WHITESPACE">		</token>
    <token name="T_VARIABLE">$factura</token>
    <token name="T_OBJECT_OPERATOR">-&gt;</token>
    <token name="T_STRING">cabecera</token>
    <token name="T_OBJECT_OPERATOR">-&gt;</token>
    <token name="T_STRING">domicilioCliente</token>
    <token name="T_WHITESPACE">	</token>
    <token name="T_PHPDOX_EQUAL">=</token>
    <token name="T_WHITESPACE"> </token>
    <token name="T_CONSTANT_ENCAPSED_STRING">'Direccion X'</token>
    <token name="T_PHPDOX_SEMICOLON">;</token>
  </line>
  <line no="262">
    <token name="T_WHITESPACE">		</token>
    <token name="T_VARIABLE">$factura</token>
    <token name="T_OBJECT_OPERATOR">-&gt;</token>
    <token name="T_STRING">cabecera</token>
    <token name="T_OBJECT_OPERATOR">-&gt;</token>
    <token name="T_STRING">consumoPeriodo</token>
    <token name="T_WHITESPACE">		</token>
    <token name="T_PHPDOX_EQUAL">=</token>
    <token name="T_WHITESPACE"> </token>
    <token name="T_VARIABLE">$factura</token>
    <token name="T_OBJECT_OPERATOR">-&gt;</token>
    <token name="T_STRING">cabecera</token>
    <token name="T_OBJECT_OPERATOR">-&gt;</token>
    <token name="T_STRING">montoTotal</token>
    <token name="T_PHPDOX_SEMICOLON">;</token>
  </line>
  <line no="263">
    <token name="T_WHITESPACE">		</token>
    <token name="T_VARIABLE">$factura</token>
    <token name="T_OBJECT_OPERATOR">-&gt;</token>
    <token name="T_STRING">cabecera</token>
    <token name="T_OBJECT_OPERATOR">-&gt;</token>
    <token name="T_STRING">beneficiarioLey1886</token>
    <token name="T_WHITESPACE"> </token>
    <token name="T_PHPDOX_EQUAL">=</token>
    <token name="T_WHITESPACE"> </token>
    <token name="T_LNUMBER">0</token>
    <token name="T_PHPDOX_SEMICOLON">;</token>
  </line>
  <line no="264">
    <token name="T_WHITESPACE">		</token>
    <token name="T_VARIABLE">$factura</token>
    <token name="T_OBJECT_OPERATOR">-&gt;</token>
    <token name="T_STRING">cabecera</token>
    <token name="T_OBJECT_OPERATOR">-&gt;</token>
    <token name="T_STRING">montoDescuentoLey1886</token>
    <token name="T_WHITESPACE">	</token>
    <token name="T_PHPDOX_EQUAL">=</token>
    <token name="T_WHITESPACE"> </token>
    <token name="T_LNUMBER">0</token>
    <token name="T_PHPDOX_SEMICOLON">;</token>
  </line>
  <line no="265">
    <token name="T_WHITESPACE">		</token>
    <token name="T_VARIABLE">$factura</token>
    <token name="T_OBJECT_OPERATOR">-&gt;</token>
    <token name="T_STRING">cabecera</token>
    <token name="T_OBJECT_OPERATOR">-&gt;</token>
    <token name="T_STRING">montoDescuentoTarifaDignidad</token>
    <token name="T_WHITESPACE"> </token>
    <token name="T_PHPDOX_EQUAL">=</token>
    <token name="T_WHITESPACE"> </token>
    <token name="T_LNUMBER">0</token>
    <token name="T_PHPDOX_SEMICOLON">;</token>
  </line>
  <line no="266">
    <token name="T_WHITESPACE">		</token>
    <token name="T_VARIABLE">$factura</token>
    <token name="T_OBJECT_OPERATOR">-&gt;</token>
    <token name="T_STRING">cabecera</token>
    <token name="T_OBJECT_OPERATOR">-&gt;</token>
    <token name="T_STRING">tasaAseo</token>
    <token name="T_WHITESPACE"> </token>
    <token name="T_PHPDOX_EQUAL">=</token>
    <token name="T_WHITESPACE"> </token>
    <token name="T_LNUMBER">5</token>
    <token name="T_PHPDOX_SEMICOLON">;</token>
  </line>
  <line no="267">
    <token name="T_WHITESPACE">		</token>
    <token name="T_VARIABLE">$factura</token>
    <token name="T_OBJECT_OPERATOR">-&gt;</token>
    <token name="T_STRING">cabecera</token>
    <token name="T_OBJECT_OPERATOR">-&gt;</token>
    <token name="T_STRING">tasaAlumbrado</token>
    <token name="T_WHITESPACE"> </token>
    <token name="T_PHPDOX_EQUAL">=</token>
    <token name="T_WHITESPACE"> </token>
    <token name="T_LNUMBER">3</token>
    <token name="T_PHPDOX_SEMICOLON">;</token>
  </line>
  <line no="268">
    <token name="T_WHITESPACE">		</token>
    <token name="T_VARIABLE">$factura</token>
    <token name="T_OBJECT_OPERATOR">-&gt;</token>
    <token name="T_STRING">cabecera</token>
    <token name="T_OBJECT_OPERATOR">-&gt;</token>
    <token name="T_STRING">ajusteNoSujetoIva</token>
    <token name="T_WHITESPACE"> </token>
    <token name="T_PHPDOX_EQUAL">=</token>
    <token name="T_WHITESPACE"> </token>
    <token name="T_LNUMBER">0</token>
    <token name="T_PHPDOX_SEMICOLON">;</token>
  </line>
  <line no="269">
    <token name="T_WHITESPACE">		</token>
    <token name="T_VARIABLE">$factura</token>
    <token name="T_OBJECT_OPERATOR">-&gt;</token>
    <token name="T_STRING">cabecera</token>
    <token name="T_OBJECT_OPERATOR">-&gt;</token>
    <token name="T_STRING">detalleAjusteNoSujetoIva</token>
    <token name="T_WHITESPACE"> </token>
    <token name="T_PHPDOX_EQUAL">=</token>
    <token name="T_WHITESPACE"> </token>
    <token name="T_STRING">null</token>
    <token name="T_PHPDOX_SEMICOLON">;</token>
  </line>
  <line no="270">
    <token name="T_WHITESPACE">		</token>
    <token name="T_VARIABLE">$factura</token>
    <token name="T_OBJECT_OPERATOR">-&gt;</token>
    <token name="T_STRING">cabecera</token>
    <token name="T_OBJECT_OPERATOR">-&gt;</token>
    <token name="T_STRING">montoTotal</token>
    <token name="T_WHITESPACE"> </token>
    <token name="T_PLUS_EQUAL">+=</token>
    <token name="T_WHITESPACE"> </token>
    <token name="T_VARIABLE">$factura</token>
    <token name="T_OBJECT_OPERATOR">-&gt;</token>
    <token name="T_STRING">cabecera</token>
    <token name="T_OBJECT_OPERATOR">-&gt;</token>
    <token name="T_STRING">tasaAseo</token>
    <token name="T_WHITESPACE"> </token>
    <token name="T_PHPDOX_PLUS">+</token>
    <token name="T_WHITESPACE"> </token>
    <token name="T_VARIABLE">$factura</token>
    <token name="T_OBJECT_OPERATOR">-&gt;</token>
    <token name="T_STRING">cabecera</token>
    <token name="T_OBJECT_OPERATOR">-&gt;</token>
    <token name="T_STRING">tasaAlumbrado</token>
    <token name="T_PHPDOX_SEMICOLON">;</token>
  </line>
  <line no="271">
    <token name="T_WHITESPACE">		</token>
    <token name="T_VARIABLE">$factura</token>
    <token name="T_OBJECT_OPERATOR">-&gt;</token>
    <token name="T_STRING">cabecera</token>
    <token name="T_OBJECT_OPERATOR">-&gt;</token>
    <token name="T_STRING">montoTotalMoneda</token>
    <token name="T_WHITESPACE"> </token>
    <token name="T_PHPDOX_EQUAL">=</token>
    <token name="T_WHITESPACE"> </token>
    <token name="T_VARIABLE">$factura</token>
    <token name="T_OBJECT_OPERATOR">-&gt;</token>
    <token name="T_STRING">cabecera</token>
    <token name="T_OBJECT_OPERATOR">-&gt;</token>
    <token name="T_STRING">montoTotal</token>
    <token name="T_PHPDOX_SEMICOLON">;</token>
  </line>
  <line no="272">
    <token name="T_WHITESPACE">	</token>
    <token name="T_PHPDOX_CLOSE_CURLY">}</token>
  </line>
  <line no="273">
    <token name="T_WHITESPACE">	</token>
    <token name="T_RETURN">return</token>
    <token name="T_WHITESPACE"> </token>
    <token name="T_VARIABLE">$factura</token>
    <token name="T_PHPDOX_SEMICOLON">;</token>
  </line>
  <line no="274">
    <token name="T_PHPDOX_CLOSE_CURLY">}</token>
  </line>
  <line no="275">
    <token name="T_FUNCTION">function</token>
    <token name="T_WHITESPACE"> </token>
    <token name="T_STRING">construirFacturas</token>
    <token name="T_PHPDOX_OPEN_BRACKET">(</token>
    <token name="T_VARIABLE">$sucursal</token>
    <token name="T_PHPDOX_COMMA">,</token>
    <token name="T_WHITESPACE"> </token>
    <token name="T_VARIABLE">$puntoventa</token>
    <token name="T_PHPDOX_COMMA">,</token>
    <token name="T_WHITESPACE"> </token>
    <token name="T_STRING">int</token>
    <token name="T_WHITESPACE"> </token>
    <token name="T_VARIABLE">$cantidad</token>
    <token name="T_PHPDOX_COMMA">,</token>
    <token name="T_WHITESPACE"> </token>
    <token name="T_VARIABLE">$documentoSector</token>
    <token name="T_PHPDOX_COMMA">,</token>
    <token name="T_WHITESPACE"> </token>
    <token name="T_VARIABLE">$codigoActividad</token>
    <token name="T_PHPDOX_COMMA">,</token>
    <token name="T_WHITESPACE"> </token>
    <token name="T_VARIABLE">$codigoProductoSin</token>
    <token name="T_PHPDOX_COMMA">,</token>
    <token name="T_WHITESPACE"> </token>
    <token name="T_PHPDOX_AMPERSAND">&amp;</token>
    <token name="T_VARIABLE">$fechaEmision</token>
    <token name="T_WHITESPACE"> </token>
    <token name="T_PHPDOX_EQUAL">=</token>
    <token name="T_WHITESPACE"> </token>
    <token name="T_STRING">null</token>
    <token name="T_PHPDOX_COMMA">,</token>
    <token name="T_WHITESPACE"> </token>
    <token name="T_VARIABLE">$cufdAntiguo</token>
    <token name="T_WHITESPACE"> </token>
    <token name="T_PHPDOX_EQUAL">=</token>
    <token name="T_WHITESPACE"> </token>
    <token name="T_STRING">null</token>
    <token name="T_PHPDOX_COMMA">,</token>
    <token name="T_WHITESPACE"> </token>
    <token name="T_VARIABLE">$cafc</token>
    <token name="T_WHITESPACE"> </token>
    <token name="T_PHPDOX_EQUAL">=</token>
    <token name="T_WHITESPACE"> </token>
    <token name="T_STRING">null</token>
    <token name="T_PHPDOX_CLOSE_BRACKET">)</token>
  </line>
  <line no="276">
    <token name="T_PHPDOX_OPEN_CURLY">{</token>
  </line>
  <line no="277">
    <token name="T_WHITESPACE">	</token>
    <token name="T_GLOBAL">global</token>
    <token name="T_WHITESPACE"> </token>
    <token name="T_VARIABLE">$config</token>
    <token name="T_PHPDOX_SEMICOLON">;</token>
  </line>
  <line no="278">
    <token name="T_WHITESPACE">	</token>
  </line>
  <line no="279">
    <token name="T_WHITESPACE">	</token>
    <token name="T_VARIABLE">$facturas</token>
    <token name="T_WHITESPACE"> </token>
    <token name="T_PHPDOX_EQUAL">=</token>
    <token name="T_WHITESPACE"> </token>
    <token name="T_PHPDOX_OPEN_SQUARE">[</token>
    <token name="T_PHPDOX_CLOSE_SQUARE">]</token>
    <token name="T_PHPDOX_SEMICOLON">;</token>
  </line>
  <line no="280">
    <token name="T_WHITESPACE">	</token>
    <token name="T_FOR">for</token>
    <token name="T_PHPDOX_OPEN_BRACKET">(</token>
    <token name="T_VARIABLE">$i</token>
    <token name="T_WHITESPACE"> </token>
    <token name="T_PHPDOX_EQUAL">=</token>
    <token name="T_WHITESPACE"> </token>
    <token name="T_LNUMBER">0</token>
    <token name="T_PHPDOX_SEMICOLON">;</token>
    <token name="T_WHITESPACE"> </token>
    <token name="T_VARIABLE">$i</token>
    <token name="T_WHITESPACE"> </token>
    <token name="T_PHPDOX_LT">&lt;</token>
    <token name="T_WHITESPACE"> </token>
    <token name="T_VARIABLE">$cantidad</token>
    <token name="T_PHPDOX_SEMICOLON">;</token>
    <token name="T_WHITESPACE"> </token>
    <token name="T_VARIABLE">$i</token>
    <token name="T_INC">++</token>
    <token name="T_PHPDOX_CLOSE_BRACKET">)</token>
  </line>
  <line no="281">
    <token name="T_WHITESPACE">	</token>
    <token name="T_PHPDOX_OPEN_CURLY">{</token>
  </line>
  <line no="282">
    <token name="T_WHITESPACE">		</token>
    <token name="T_VARIABLE">$factura</token>
    <token name="T_WHITESPACE"> </token>
    <token name="T_PHPDOX_EQUAL">=</token>
    <token name="T_WHITESPACE"> </token>
    <token name="T_STRING">construirFactura</token>
    <token name="T_PHPDOX_OPEN_BRACKET">(</token>
    <token name="T_VARIABLE">$puntoventa</token>
    <token name="T_PHPDOX_COMMA">,</token>
    <token name="T_WHITESPACE"> </token>
    <token name="T_VARIABLE">$sucursal</token>
    <token name="T_PHPDOX_COMMA">,</token>
    <token name="T_WHITESPACE"> </token>
    <token name="T_VARIABLE">$config</token>
    <token name="T_OBJECT_OPERATOR">-&gt;</token>
    <token name="T_STRING">modalidad</token>
    <token name="T_PHPDOX_COMMA">,</token>
    <token name="T_WHITESPACE"> </token>
    <token name="T_VARIABLE">$documentoSector</token>
    <token name="T_PHPDOX_COMMA">,</token>
    <token name="T_WHITESPACE"> </token>
    <token name="T_VARIABLE">$codigoActividad</token>
    <token name="T_PHPDOX_COMMA">,</token>
    <token name="T_WHITESPACE"> </token>
    <token name="T_VARIABLE">$codigoProductoSin</token>
    <token name="T_PHPDOX_CLOSE_BRACKET">)</token>
    <token name="T_PHPDOX_SEMICOLON">;</token>
  </line>
  <line no="283">
    <token name="T_WHITESPACE">		</token>
    <token name="T_VARIABLE">$factura</token>
    <token name="T_OBJECT_OPERATOR">-&gt;</token>
    <token name="T_STRING">cabecera</token>
    <token name="T_OBJECT_OPERATOR">-&gt;</token>
    <token name="T_STRING">nitEmisor</token>
    <token name="T_WHITESPACE"> </token>
    <token name="T_PHPDOX_EQUAL">=</token>
    <token name="T_WHITESPACE"> </token>
    <token name="T_VARIABLE">$config</token>
    <token name="T_OBJECT_OPERATOR">-&gt;</token>
    <token name="T_STRING">nit</token>
    <token name="T_PHPDOX_SEMICOLON">;</token>
  </line>
  <line no="284">
    <token name="T_WHITESPACE">		</token>
    <token name="T_VARIABLE">$factura</token>
    <token name="T_OBJECT_OPERATOR">-&gt;</token>
    <token name="T_STRING">cabecera</token>
    <token name="T_OBJECT_OPERATOR">-&gt;</token>
    <token name="T_STRING">razonSocialEmisor</token>
    <token name="T_WHITESPACE"> </token>
    <token name="T_PHPDOX_EQUAL">=</token>
    <token name="T_WHITESPACE"> </token>
    <token name="T_VARIABLE">$config</token>
    <token name="T_OBJECT_OPERATOR">-&gt;</token>
    <token name="T_STRING">razonSocial</token>
    <token name="T_PHPDOX_SEMICOLON">;</token>
  </line>
  <line no="285">
    <token name="T_WHITESPACE">		</token>
    <token name="T_VARIABLE">$factura</token>
    <token name="T_OBJECT_OPERATOR">-&gt;</token>
    <token name="T_STRING">cabecera</token>
    <token name="T_OBJECT_OPERATOR">-&gt;</token>
    <token name="T_STRING">fechaEmision</token>
    <token name="T_WHITESPACE"> </token>
    <token name="T_PHPDOX_EQUAL">=</token>
    <token name="T_WHITESPACE"> </token>
    <token name="T_VARIABLE">$fechaEmision</token>
    <token name="T_WHITESPACE"> </token>
    <token name="T_PHPDOX_QUESTION_MARK">?</token>
    <token name="T_PHPDOX_COLON">:</token>
    <token name="T_WHITESPACE"> </token>
    <token name="T_STRING">date</token>
    <token name="T_PHPDOX_OPEN_BRACKET">(</token>
    <token name="T_CONSTANT_ENCAPSED_STRING">'Y-m-d\TH:i:s.v'</token>
    <token name="T_PHPDOX_CLOSE_BRACKET">)</token>
    <token name="T_PHPDOX_SEMICOLON">;</token>
  </line>
  <line no="286">
    <token name="T_WHITESPACE">		</token>
    <token name="T_VARIABLE">$factura</token>
    <token name="T_OBJECT_OPERATOR">-&gt;</token>
    <token name="T_STRING">cabecera</token>
    <token name="T_OBJECT_OPERATOR">-&gt;</token>
    <token name="T_STRING">cufd</token>
    <token name="T_WHITESPACE"> </token>
    <token name="T_PHPDOX_EQUAL">=</token>
    <token name="T_WHITESPACE"> </token>
    <token name="T_VARIABLE">$cufdAntiguo</token>
    <token name="T_PHPDOX_SEMICOLON">;</token>
  </line>
  <line no="287">
    <token name="T_WHITESPACE">		</token>
    <token name="T_VARIABLE">$factura</token>
    <token name="T_OBJECT_OPERATOR">-&gt;</token>
    <token name="T_STRING">cabecera</token>
    <token name="T_OBJECT_OPERATOR">-&gt;</token>
    <token name="T_STRING">cafc</token>
    <token name="T_WHITESPACE"> </token>
    <token name="T_PHPDOX_EQUAL">=</token>
    <token name="T_WHITESPACE"> </token>
    <token name="T_VARIABLE">$cafc</token>
    <token name="T_PHPDOX_SEMICOLON">;</token>
  </line>
  <line no="288">
    <token name="T_WHITESPACE">		</token>
    <token name="T_VARIABLE">$facturas</token>
    <token name="T_PHPDOX_OPEN_SQUARE">[</token>
    <token name="T_PHPDOX_CLOSE_SQUARE">]</token>
    <token name="T_WHITESPACE"> </token>
    <token name="T_PHPDOX_EQUAL">=</token>
    <token name="T_WHITESPACE"> </token>
    <token name="T_VARIABLE">$factura</token>
    <token name="T_PHPDOX_SEMICOLON">;</token>
  </line>
  <line no="289">
    <token name="T_WHITESPACE">		</token>
    <token name="T_VARIABLE">$fechaEmision</token>
    <token name="T_WHITESPACE"> </token>
    <token name="T_PHPDOX_EQUAL">=</token>
    <token name="T_WHITESPACE"> </token>
    <token name="T_STRING">date</token>
    <token name="T_PHPDOX_OPEN_BRACKET">(</token>
    <token name="T_CONSTANT_ENCAPSED_STRING">'Y-m-d\TH:i:s.v'</token>
    <token name="T_PHPDOX_COMMA">,</token>
    <token name="T_WHITESPACE"> </token>
    <token name="T_STRING">strtotime</token>
    <token name="T_PHPDOX_OPEN_BRACKET">(</token>
    <token name="T_VARIABLE">$fechaEmision</token>
    <token name="T_PHPDOX_CLOSE_BRACKET">)</token>
    <token name="T_WHITESPACE"> </token>
    <token name="T_PHPDOX_PLUS">+</token>
    <token name="T_WHITESPACE"> </token>
    <token name="T_LNUMBER">10</token>
    <token name="T_PHPDOX_CLOSE_BRACKET">)</token>
    <token name="T_PHPDOX_SEMICOLON">;</token>
  </line>
  <line no="290">
    <token name="T_WHITESPACE">	</token>
    <token name="T_PHPDOX_CLOSE_CURLY">}</token>
  </line>
  <line no="291">
    <token name="T_WHITESPACE">	</token>
  </line>
  <line no="292">
    <token name="T_WHITESPACE">	</token>
    <token name="T_RETURN">return</token>
    <token name="T_WHITESPACE"> </token>
    <token name="T_VARIABLE">$facturas</token>
    <token name="T_PHPDOX_SEMICOLON">;</token>
  </line>
  <line no="293">
    <token name="T_PHPDOX_CLOSE_CURLY">}</token>
  </line>
  <line no="294">
    <token name="T_FUNCTION">function</token>
    <token name="T_WHITESPACE"> </token>
    <token name="T_STRING">testAnular</token>
    <token name="T_PHPDOX_OPEN_BRACKET">(</token>
    <token name="T_VARIABLE">$motivo</token>
    <token name="T_PHPDOX_COMMA">,</token>
    <token name="T_WHITESPACE"> </token>
    <token name="T_VARIABLE">$cuf</token>
    <token name="T_PHPDOX_COMMA">,</token>
    <token name="T_WHITESPACE"> </token>
    <token name="T_VARIABLE">$sucursal</token>
    <token name="T_PHPDOX_COMMA">,</token>
    <token name="T_WHITESPACE"> </token>
    <token name="T_VARIABLE">$puntoventa</token>
    <token name="T_PHPDOX_COMMA">,</token>
    <token name="T_WHITESPACE"> </token>
    <token name="T_VARIABLE">$tipoFactura</token>
    <token name="T_PHPDOX_COMMA">,</token>
    <token name="T_WHITESPACE"> </token>
    <token name="T_VARIABLE">$tipoEmision</token>
    <token name="T_PHPDOX_COMMA">,</token>
    <token name="T_WHITESPACE"> </token>
    <token name="T_VARIABLE">$documentoSector</token>
    <token name="T_PHPDOX_CLOSE_BRACKET">)</token>
  </line>
  <line no="295">
    <token name="T_PHPDOX_OPEN_CURLY">{</token>
  </line>
  <line no="296">
    <token name="T_WHITESPACE">	</token>
    <token name="T_GLOBAL">global</token>
    <token name="T_WHITESPACE"> </token>
    <token name="T_VARIABLE">$config</token>
    <token name="T_PHPDOX_SEMICOLON">;</token>
  </line>
  <line no="297">
    <token name="T_WHITESPACE">	</token>
  </line>
  <line no="298">
    <token name="T_WHITESPACE">	</token>
    <token name="T_VARIABLE">$resCuis</token>
    <token name="T_WHITESPACE"> </token>
    <token name="T_PHPDOX_EQUAL">=</token>
    <token name="T_WHITESPACE"> </token>
    <token name="T_STRING">obtenerCuis</token>
    <token name="T_PHPDOX_OPEN_BRACKET">(</token>
    <token name="T_VARIABLE">$puntoventa</token>
    <token name="T_PHPDOX_COMMA">,</token>
    <token name="T_WHITESPACE"> </token>
    <token name="T_VARIABLE">$sucursal</token>
    <token name="T_PHPDOX_CLOSE_BRACKET">)</token>
    <token name="T_PHPDOX_SEMICOLON">;</token>
  </line>
  <line no="299">
    <token name="T_WHITESPACE">	</token>
    <token name="T_VARIABLE">$resCufd</token>
    <token name="T_WHITESPACE"> </token>
    <token name="T_PHPDOX_EQUAL">=</token>
    <token name="T_WHITESPACE"> </token>
    <token name="T_STRING">obtenerCufd</token>
    <token name="T_PHPDOX_OPEN_BRACKET">(</token>
    <token name="T_VARIABLE">$puntoventa</token>
    <token name="T_PHPDOX_COMMA">,</token>
    <token name="T_WHITESPACE"> </token>
    <token name="T_VARIABLE">$sucursal</token>
    <token name="T_PHPDOX_COMMA">,</token>
    <token name="T_WHITESPACE"> </token>
    <token name="T_VARIABLE">$resCuis</token>
    <token name="T_OBJECT_OPERATOR">-&gt;</token>
    <token name="T_STRING">RespuestaCuis</token>
    <token name="T_OBJECT_OPERATOR">-&gt;</token>
    <token name="T_STRING">codigo</token>
    <token name="T_PHPDOX_CLOSE_BRACKET">)</token>
    <token name="T_PHPDOX_SEMICOLON">;</token>
  </line>
  <line no="300">
    <token name="T_WHITESPACE">	</token>
  </line>
  <line no="301">
    <token name="T_WHITESPACE">	</token>
    <token name="T_VARIABLE">$service</token>
    <token name="T_WHITESPACE"> </token>
    <token name="T_PHPDOX_EQUAL">=</token>
    <token name="T_WHITESPACE"> </token>
    <token name="T_NEW">new</token>
    <token name="T_WHITESPACE"> </token>
    <token name="T_STRING">ServicioFacturacionComputarizada</token>
    <token name="T_PHPDOX_OPEN_BRACKET">(</token>
    <token name="T_PHPDOX_CLOSE_BRACKET">)</token>
    <token name="T_PHPDOX_SEMICOLON">;</token>
  </line>
  <line no="302">
    <token name="T_WHITESPACE">	</token>
    <token name="T_VARIABLE">$service</token>
    <token name="T_OBJECT_OPERATOR">-&gt;</token>
    <token name="T_STRING">setConfig</token>
    <token name="T_PHPDOX_OPEN_BRACKET">(</token>
    <token name="T_ARRAY_CAST">(array)</token>
    <token name="T_VARIABLE">$config</token>
    <token name="T_PHPDOX_CLOSE_BRACKET">)</token>
    <token name="T_PHPDOX_SEMICOLON">;</token>
  </line>
  <line no="303">
    <token name="T_WHITESPACE">	</token>
    <token name="T_VARIABLE">$service</token>
    <token name="T_OBJECT_OPERATOR">-&gt;</token>
    <token name="T_STRING">cuis</token>
    <token name="T_WHITESPACE"> </token>
    <token name="T_PHPDOX_EQUAL">=</token>
    <token name="T_WHITESPACE"> </token>
    <token name="T_VARIABLE">$resCuis</token>
    <token name="T_OBJECT_OPERATOR">-&gt;</token>
    <token name="T_STRING">RespuestaCuis</token>
    <token name="T_OBJECT_OPERATOR">-&gt;</token>
    <token name="T_STRING">codigo</token>
    <token name="T_PHPDOX_SEMICOLON">;</token>
  </line>
  <line no="304">
    <token name="T_WHITESPACE">	</token>
    <token name="T_VARIABLE">$service</token>
    <token name="T_OBJECT_OPERATOR">-&gt;</token>
    <token name="T_STRING">cufd</token>
    <token name="T_WHITESPACE"> </token>
    <token name="T_PHPDOX_EQUAL">=</token>
    <token name="T_WHITESPACE"> </token>
    <token name="T_VARIABLE">$resCufd</token>
    <token name="T_OBJECT_OPERATOR">-&gt;</token>
    <token name="T_STRING">RespuestaCufd</token>
    <token name="T_OBJECT_OPERATOR">-&gt;</token>
    <token name="T_STRING">codigo</token>
    <token name="T_PHPDOX_SEMICOLON">;</token>
  </line>
  <line no="305">
    <token name="T_WHITESPACE">	</token>
  </line>
  <line no="306">
    <token name="T_WHITESPACE">	</token>
    <token name="T_VARIABLE">$res</token>
    <token name="T_WHITESPACE"> </token>
    <token name="T_PHPDOX_EQUAL">=</token>
    <token name="T_WHITESPACE"> </token>
    <token name="T_VARIABLE">$service</token>
    <token name="T_OBJECT_OPERATOR">-&gt;</token>
    <token name="T_STRING">anulacionFactura</token>
    <token name="T_PHPDOX_OPEN_BRACKET">(</token>
    <token name="T_VARIABLE">$motivo</token>
    <token name="T_PHPDOX_COMMA">,</token>
    <token name="T_WHITESPACE"> </token>
    <token name="T_VARIABLE">$cuf</token>
    <token name="T_PHPDOX_COMMA">,</token>
    <token name="T_WHITESPACE"> </token>
    <token name="T_VARIABLE">$sucursal</token>
    <token name="T_PHPDOX_COMMA">,</token>
    <token name="T_WHITESPACE"> </token>
    <token name="T_VARIABLE">$puntoventa</token>
    <token name="T_PHPDOX_COMMA">,</token>
    <token name="T_WHITESPACE"> </token>
    <token name="T_VARIABLE">$tipoFactura</token>
    <token name="T_PHPDOX_COMMA">,</token>
    <token name="T_WHITESPACE"> </token>
    <token name="T_VARIABLE">$tipoEmision</token>
    <token name="T_PHPDOX_COMMA">,</token>
    <token name="T_WHITESPACE"> </token>
    <token name="T_VARIABLE">$documentoSector</token>
    <token name="T_PHPDOX_CLOSE_BRACKET">)</token>
    <token name="T_PHPDOX_SEMICOLON">;</token>
  </line>
  <line no="307">
    <token name="T_WHITESPACE">	</token>
  </line>
  <line no="308">
    <token name="T_WHITESPACE">	</token>
    <token name="T_RETURN">return</token>
    <token name="T_WHITESPACE"> </token>
    <token name="T_VARIABLE">$res</token>
    <token name="T_PHPDOX_SEMICOLON">;</token>
  </line>
  <line no="309">
    <token name="T_PHPDOX_CLOSE_CURLY">}</token>
  </line>
  <line no="310">
    <token name="T_FUNCTION">function</token>
    <token name="T_WHITESPACE"> </token>
    <token name="T_STRING">registroEvento</token>
    <token name="T_PHPDOX_OPEN_BRACKET">(</token>
    <token name="T_VARIABLE">$cuis</token>
    <token name="T_PHPDOX_COMMA">,</token>
    <token name="T_WHITESPACE"> </token>
    <token name="T_VARIABLE">$cufd</token>
    <token name="T_PHPDOX_COMMA">,</token>
    <token name="T_WHITESPACE"> </token>
    <token name="T_VARIABLE">$sucursal</token>
    <token name="T_PHPDOX_COMMA">,</token>
    <token name="T_WHITESPACE"> </token>
    <token name="T_VARIABLE">$puntoventa</token>
    <token name="T_PHPDOX_COMMA">,</token>
    <token name="T_WHITESPACE"> </token>
    <token name="T_STRING">object</token>
    <token name="T_WHITESPACE"> </token>
    <token name="T_VARIABLE">$evento</token>
    <token name="T_PHPDOX_COMMA">,</token>
    <token name="T_WHITESPACE"> </token>
    <token name="T_VARIABLE">$cufdAntiguo</token>
    <token name="T_PHPDOX_COMMA">,</token>
    <token name="T_WHITESPACE"> </token>
    <token name="T_VARIABLE">$fechaInicio</token>
    <token name="T_PHPDOX_COMMA">,</token>
    <token name="T_WHITESPACE"> </token>
    <token name="T_VARIABLE">$fechaFin</token>
    <token name="T_PHPDOX_CLOSE_BRACKET">)</token>
  </line>
  <line no="311">
    <token name="T_PHPDOX_OPEN_CURLY">{</token>
  </line>
  <line no="312">
    <token name="T_WHITESPACE">	</token>
    <token name="T_GLOBAL">global</token>
    <token name="T_WHITESPACE"> </token>
    <token name="T_VARIABLE">$config</token>
    <token name="T_PHPDOX_SEMICOLON">;</token>
  </line>
  <line no="313">
    <token name="T_WHITESPACE">	</token>
  </line>
  <line no="314">
    <token name="T_WHITESPACE">	</token>
    <token name="T_VARIABLE">$serviceOps</token>
    <token name="T_WHITESPACE"> </token>
    <token name="T_PHPDOX_EQUAL">=</token>
    <token name="T_WHITESPACE"> </token>
    <token name="T_NEW">new</token>
    <token name="T_WHITESPACE"> </token>
    <token name="T_STRING">ServicioOperaciones</token>
    <token name="T_PHPDOX_OPEN_BRACKET">(</token>
    <token name="T_PHPDOX_CLOSE_BRACKET">)</token>
    <token name="T_PHPDOX_SEMICOLON">;</token>
  </line>
  <line no="315">
    <token name="T_WHITESPACE">	</token>
    <token name="T_VARIABLE">$serviceOps</token>
    <token name="T_OBJECT_OPERATOR">-&gt;</token>
    <token name="T_STRING">setConfig</token>
    <token name="T_PHPDOX_OPEN_BRACKET">(</token>
    <token name="T_ARRAY_CAST">(array)</token>
    <token name="T_VARIABLE">$config</token>
    <token name="T_PHPDOX_CLOSE_BRACKET">)</token>
    <token name="T_PHPDOX_SEMICOLON">;</token>
  </line>
  <line no="316">
    <token name="T_WHITESPACE">	</token>
    <token name="T_VARIABLE">$serviceOps</token>
    <token name="T_OBJECT_OPERATOR">-&gt;</token>
    <token name="T_STRING">cuis</token>
    <token name="T_WHITESPACE"> </token>
    <token name="T_PHPDOX_EQUAL">=</token>
    <token name="T_WHITESPACE"> </token>
    <token name="T_VARIABLE">$cuis</token>
    <token name="T_PHPDOX_SEMICOLON">;</token>
  </line>
  <line no="317">
    <token name="T_WHITESPACE">	</token>
    <token name="T_VARIABLE">$serviceOps</token>
    <token name="T_OBJECT_OPERATOR">-&gt;</token>
    <token name="T_STRING">cufd</token>
    <token name="T_WHITESPACE"> </token>
    <token name="T_PHPDOX_EQUAL">=</token>
    <token name="T_WHITESPACE"> </token>
    <token name="T_VARIABLE">$cufd</token>
    <token name="T_PHPDOX_SEMICOLON">;</token>
  </line>
  <line no="318">
    <token name="T_WHITESPACE">	</token>
    <token name="T_VARIABLE">$resEvent</token>
    <token name="T_WHITESPACE"> </token>
    <token name="T_PHPDOX_EQUAL">=</token>
    <token name="T_WHITESPACE"> </token>
    <token name="T_VARIABLE">$serviceOps</token>
    <token name="T_OBJECT_OPERATOR">-&gt;</token>
    <token name="T_STRING">registroEventoSignificativo</token>
    <token name="T_PHPDOX_OPEN_BRACKET">(</token>
  </line>
  <line no="319">
    <token name="T_WHITESPACE">		</token>
    <token name="T_VARIABLE">$evento</token>
    <token name="T_OBJECT_OPERATOR">-&gt;</token>
    <token name="T_STRING">codigoClasificador</token>
    <token name="T_PHPDOX_COMMA">,</token>
  </line>
  <line no="320">
    <token name="T_WHITESPACE">		</token>
    <token name="T_VARIABLE">$evento</token>
    <token name="T_OBJECT_OPERATOR">-&gt;</token>
    <token name="T_STRING">descripcion</token>
    <token name="T_PHPDOX_COMMA">,</token>
  </line>
  <line no="321">
    <token name="T_WHITESPACE">		</token>
    <token name="T_VARIABLE">$cufdAntiguo</token>
    <token name="T_PHPDOX_COMMA">,</token>
  </line>
  <line no="322">
    <token name="T_WHITESPACE">		</token>
    <token name="T_VARIABLE">$fechaInicio</token>
    <token name="T_PHPDOX_COMMA">,</token>
  </line>
  <line no="323">
    <token name="T_WHITESPACE">		</token>
    <token name="T_VARIABLE">$fechaFin</token>
    <token name="T_PHPDOX_COMMA">,</token>
  </line>
  <line no="324">
    <token name="T_WHITESPACE">		</token>
    <token name="T_VARIABLE">$sucursal</token>
    <token name="T_PHPDOX_COMMA">,</token>
  </line>
  <line no="325">
    <token name="T_WHITESPACE">		</token>
    <token name="T_VARIABLE">$puntoventa</token>
  </line>
  <line no="326">
    <token name="T_WHITESPACE">	</token>
    <token name="T_PHPDOX_CLOSE_BRACKET">)</token>
    <token name="T_PHPDOX_SEMICOLON">;</token>
  </line>
  <line no="327">
    <token name="T_WHITESPACE">	</token>
    <token name="T_RETURN">return</token>
    <token name="T_WHITESPACE"> </token>
    <token name="T_VARIABLE">$resEvent</token>
    <token name="T_PHPDOX_SEMICOLON">;</token>
  </line>
  <line no="328">
    <token name="T_PHPDOX_CLOSE_CURLY">}</token>
  </line>
  <line no="329">
    <token name="T_FUNCTION">function</token>
    <token name="T_WHITESPACE"> </token>
    <token name="T_STRING">registroPuntoVenta</token>
    <token name="T_PHPDOX_OPEN_BRACKET">(</token>
    <token name="T_VARIABLE">$codigoSucursal</token>
    <token name="T_PHPDOX_COMMA">,</token>
    <token name="T_WHITESPACE"> </token>
    <token name="T_VARIABLE">$nombrePuntoVenta</token>
    <token name="T_PHPDOX_CLOSE_BRACKET">)</token>
  </line>
  <line no="330">
    <token name="T_PHPDOX_OPEN_CURLY">{</token>
  </line>
  <line no="331">
    <token name="T_WHITESPACE">	</token>
    <token name="T_GLOBAL">global</token>
    <token name="T_WHITESPACE"> </token>
    <token name="T_VARIABLE">$config</token>
    <token name="T_PHPDOX_SEMICOLON">;</token>
  </line>
  <line no="332">
    <token name="T_WHITESPACE">	</token>
  </line>
  <line no="333">
    <token name="T_WHITESPACE">	</token>
    <token name="T_VARIABLE">$resCuis</token>
    <token name="T_WHITESPACE"> </token>
    <token name="T_PHPDOX_EQUAL">=</token>
    <token name="T_WHITESPACE"> </token>
    <token name="T_STRING">obtenerCuis</token>
    <token name="T_PHPDOX_OPEN_BRACKET">(</token>
    <token name="T_STRING">null</token>
    <token name="T_PHPDOX_COMMA">,</token>
    <token name="T_WHITESPACE"> </token>
    <token name="T_VARIABLE">$codigoSucursal</token>
    <token name="T_PHPDOX_COMMA">,</token>
    <token name="T_WHITESPACE"> </token>
    <token name="T_STRING">true</token>
    <token name="T_PHPDOX_CLOSE_BRACKET">)</token>
    <token name="T_PHPDOX_SEMICOLON">;</token>
  </line>
  <line no="334">
    <token name="T_WHITESPACE">	</token>
    <token name="T_COMMENT">//var_dump($resCuis);</token>
  </line>
  <line no="335">
    <token name="T_WHITESPACE">	</token>
  </line>
  <line no="336">
    <token name="T_WHITESPACE">	</token>
    <token name="T_VARIABLE">$service</token>
    <token name="T_WHITESPACE"> </token>
    <token name="T_PHPDOX_EQUAL">=</token>
    <token name="T_WHITESPACE"> </token>
    <token name="T_NEW">new</token>
    <token name="T_WHITESPACE"> </token>
    <token name="T_STRING">ServicioOperaciones</token>
    <token name="T_PHPDOX_OPEN_BRACKET">(</token>
    <token name="T_PHPDOX_CLOSE_BRACKET">)</token>
    <token name="T_PHPDOX_SEMICOLON">;</token>
  </line>
  <line no="337">
    <token name="T_WHITESPACE">	</token>
    <token name="T_VARIABLE">$service</token>
    <token name="T_OBJECT_OPERATOR">-&gt;</token>
    <token name="T_STRING">setConfig</token>
    <token name="T_PHPDOX_OPEN_BRACKET">(</token>
    <token name="T_ARRAY_CAST">(array)</token>
    <token name="T_VARIABLE">$config</token>
    <token name="T_PHPDOX_CLOSE_BRACKET">)</token>
    <token name="T_PHPDOX_SEMICOLON">;</token>
  </line>
  <line no="338">
    <token name="T_WHITESPACE">	</token>
    <token name="T_VARIABLE">$service</token>
    <token name="T_OBJECT_OPERATOR">-&gt;</token>
    <token name="T_STRING">cuis</token>
    <token name="T_WHITESPACE"> </token>
    <token name="T_PHPDOX_EQUAL">=</token>
    <token name="T_WHITESPACE"> </token>
    <token name="T_VARIABLE">$resCuis</token>
    <token name="T_OBJECT_OPERATOR">-&gt;</token>
    <token name="T_STRING">RespuestaCuis</token>
    <token name="T_OBJECT_OPERATOR">-&gt;</token>
    <token name="T_STRING">codigo</token>
    <token name="T_PHPDOX_SEMICOLON">;</token>
  </line>
  <line no="339">
    <token name="T_WHITESPACE">	</token>
  </line>
  <line no="340">
    <token name="T_WHITESPACE">	</token>
    <token name="T_VARIABLE">$res</token>
    <token name="T_WHITESPACE"> </token>
    <token name="T_PHPDOX_EQUAL">=</token>
    <token name="T_WHITESPACE"> </token>
    <token name="T_VARIABLE">$service</token>
    <token name="T_OBJECT_OPERATOR">-&gt;</token>
    <token name="T_STRING">registroPuntoVenta</token>
    <token name="T_PHPDOX_OPEN_BRACKET">(</token>
    <token name="T_VARIABLE">$codigoSucursal</token>
    <token name="T_PHPDOX_COMMA">,</token>
    <token name="T_WHITESPACE"> </token>
    <token name="T_LNUMBER">2</token>
    <token name="T_PHPDOX_COMMA">,</token>
    <token name="T_WHITESPACE"> </token>
    <token name="T_VARIABLE">$nombrePuntoVenta</token>
    <token name="T_PHPDOX_CLOSE_BRACKET">)</token>
    <token name="T_PHPDOX_SEMICOLON">;</token>
  </line>
  <line no="341">
    <token name="T_WHITESPACE">	</token>
  </line>
  <line no="342">
    <token name="T_WHITESPACE">	</token>
    <token name="T_RETURN">return</token>
    <token name="T_WHITESPACE"> </token>
    <token name="T_VARIABLE">$res</token>
    <token name="T_PHPDOX_SEMICOLON">;</token>
  </line>
  <line no="343">
    <token name="T_PHPDOX_CLOSE_CURLY">}</token>
  </line>
  <line no="344">
    <token name="T_FUNCTION">function</token>
    <token name="T_WHITESPACE"> </token>
    <token name="T_STRING">obtenerCuis</token>
    <token name="T_PHPDOX_OPEN_BRACKET">(</token>
    <token name="T_VARIABLE">$codigoPuntoVenta</token>
    <token name="T_PHPDOX_COMMA">,</token>
    <token name="T_WHITESPACE"> </token>
    <token name="T_VARIABLE">$codigoSucursal</token>
    <token name="T_PHPDOX_COMMA">,</token>
    <token name="T_WHITESPACE"> </token>
    <token name="T_VARIABLE">$new</token>
    <token name="T_WHITESPACE"> </token>
    <token name="T_PHPDOX_EQUAL">=</token>
    <token name="T_WHITESPACE"> </token>
    <token name="T_STRING">false</token>
    <token name="T_PHPDOX_CLOSE_BRACKET">)</token>
  </line>
  <line no="345">
    <token name="T_PHPDOX_OPEN_CURLY">{</token>
  </line>
  <line no="346">
    <token name="T_WHITESPACE">	</token>
    <token name="T_STATIC">static</token>
    <token name="T_WHITESPACE"> </token>
    <token name="T_VARIABLE">$resCuis</token>
    <token name="T_PHPDOX_SEMICOLON">;</token>
  </line>
  <line no="347">
    <token name="T_WHITESPACE">	</token>
    <token name="T_GLOBAL">global</token>
    <token name="T_WHITESPACE"> </token>
    <token name="T_VARIABLE">$config</token>
    <token name="T_PHPDOX_SEMICOLON">;</token>
  </line>
  <line no="348">
    <token name="T_WHITESPACE">	</token>
  </line>
  <line no="349">
    <token name="T_WHITESPACE">	</token>
    <token name="T_IF">if</token>
    <token name="T_PHPDOX_OPEN_BRACKET">(</token>
    <token name="T_WHITESPACE"> </token>
    <token name="T_VARIABLE">$resCuis</token>
    <token name="T_WHITESPACE"> </token>
    <token name="T_BOOLEAN_AND">&amp;&amp;</token>
    <token name="T_WHITESPACE"> </token>
    <token name="T_PHPDOX_EXCLAMATION_MARK">!</token>
    <token name="T_VARIABLE">$new</token>
    <token name="T_WHITESPACE"> </token>
    <token name="T_PHPDOX_CLOSE_BRACKET">)</token>
  </line>
  <line no="350">
    <token name="T_WHITESPACE">		</token>
    <token name="T_RETURN">return</token>
    <token name="T_WHITESPACE"> </token>
    <token name="T_VARIABLE">$resCuis</token>
    <token name="T_PHPDOX_SEMICOLON">;</token>
  </line>
  <line no="351">
    <token name="T_WHITESPACE">		</token>
  </line>
  <line no="352">
    <token name="T_WHITESPACE">	</token>
    <token name="T_VARIABLE">$serviceCodigos</token>
    <token name="T_WHITESPACE"> </token>
    <token name="T_PHPDOX_EQUAL">=</token>
    <token name="T_WHITESPACE"> </token>
    <token name="T_NEW">new</token>
    <token name="T_WHITESPACE"> </token>
    <token name="T_STRING">ServicioFacturacionCodigos</token>
    <token name="T_PHPDOX_OPEN_BRACKET">(</token>
    <token name="T_STRING">null</token>
    <token name="T_PHPDOX_COMMA">,</token>
    <token name="T_WHITESPACE"> </token>
    <token name="T_STRING">null</token>
    <token name="T_PHPDOX_COMMA">,</token>
    <token name="T_WHITESPACE"> </token>
    <token name="T_VARIABLE">$config</token>
    <token name="T_OBJECT_OPERATOR">-&gt;</token>
    <token name="T_STRING">tokenDelegado</token>
    <token name="T_PHPDOX_CLOSE_BRACKET">)</token>
    <token name="T_PHPDOX_SEMICOLON">;</token>
  </line>
  <line no="353">
    <token name="T_WHITESPACE">	</token>
    <token name="T_VARIABLE">$serviceCodigos</token>
    <token name="T_OBJECT_OPERATOR">-&gt;</token>
    <token name="T_STRING">debug</token>
    <token name="T_WHITESPACE"> </token>
    <token name="T_PHPDOX_EQUAL">=</token>
    <token name="T_WHITESPACE"> </token>
    <token name="T_STRING">true</token>
    <token name="T_PHPDOX_SEMICOLON">;</token>
  </line>
  <line no="354">
    <token name="T_WHITESPACE">	</token>
    <token name="T_VARIABLE">$serviceCodigos</token>
    <token name="T_OBJECT_OPERATOR">-&gt;</token>
    <token name="T_STRING">setConfig</token>
    <token name="T_PHPDOX_OPEN_BRACKET">(</token>
    <token name="T_ARRAY_CAST">(array)</token>
    <token name="T_VARIABLE">$config</token>
    <token name="T_PHPDOX_CLOSE_BRACKET">)</token>
    <token name="T_PHPDOX_SEMICOLON">;</token>
  </line>
  <line no="355">
    <token name="T_WHITESPACE">	</token>
    <token name="T_VARIABLE">$resCuis</token>
    <token name="T_WHITESPACE"> </token>
    <token name="T_PHPDOX_EQUAL">=</token>
    <token name="T_WHITESPACE"> </token>
    <token name="T_VARIABLE">$serviceCodigos</token>
    <token name="T_OBJECT_OPERATOR">-&gt;</token>
    <token name="T_STRING">cuis</token>
    <token name="T_PHPDOX_OPEN_BRACKET">(</token>
    <token name="T_VARIABLE">$codigoPuntoVenta</token>
    <token name="T_PHPDOX_COMMA">,</token>
    <token name="T_WHITESPACE"> </token>
    <token name="T_VARIABLE">$codigoSucursal</token>
    <token name="T_PHPDOX_CLOSE_BRACKET">)</token>
    <token name="T_PHPDOX_SEMICOLON">;</token>
  </line>
  <line no="356">
    <token name="T_WHITESPACE">	</token>
  </line>
  <line no="357">
    <token name="T_WHITESPACE">	</token>
  </line>
  <line no="358">
    <token name="T_WHITESPACE">	</token>
    <token name="T_RETURN">return</token>
    <token name="T_WHITESPACE"> </token>
    <token name="T_VARIABLE">$resCuis</token>
    <token name="T_PHPDOX_SEMICOLON">;</token>
  </line>
  <line no="359">
    <token name="T_PHPDOX_CLOSE_CURLY">}</token>
  </line>
  <line no="360">
    <token name="T_FUNCTION">function</token>
    <token name="T_WHITESPACE"> </token>
    <token name="T_STRING">obtenerCufd</token>
    <token name="T_PHPDOX_OPEN_BRACKET">(</token>
    <token name="T_VARIABLE">$codigoPuntoVenta</token>
    <token name="T_PHPDOX_COMMA">,</token>
    <token name="T_WHITESPACE"> </token>
    <token name="T_VARIABLE">$codigoSucursal</token>
    <token name="T_PHPDOX_COMMA">,</token>
    <token name="T_WHITESPACE"> </token>
    <token name="T_VARIABLE">$cuis</token>
    <token name="T_PHPDOX_COMMA">,</token>
    <token name="T_WHITESPACE"> </token>
    <token name="T_VARIABLE">$new</token>
    <token name="T_WHITESPACE"> </token>
    <token name="T_PHPDOX_EQUAL">=</token>
    <token name="T_WHITESPACE"> </token>
    <token name="T_STRING">false</token>
    <token name="T_PHPDOX_CLOSE_BRACKET">)</token>
  </line>
  <line no="361">
    <token name="T_PHPDOX_OPEN_CURLY">{</token>
  </line>
  <line no="362">
    <token name="T_WHITESPACE">	</token>
    <token name="T_STATIC">static</token>
    <token name="T_WHITESPACE"> </token>
    <token name="T_VARIABLE">$resCufd</token>
    <token name="T_PHPDOX_SEMICOLON">;</token>
  </line>
  <line no="363">
    <token name="T_WHITESPACE">	</token>
    <token name="T_GLOBAL">global</token>
    <token name="T_WHITESPACE"> </token>
    <token name="T_VARIABLE">$config</token>
    <token name="T_PHPDOX_SEMICOLON">;</token>
  </line>
  <line no="364">
    <token name="T_WHITESPACE">	</token>
  </line>
  <line no="365">
    <token name="T_WHITESPACE">	</token>
    <token name="T_IF">if</token>
    <token name="T_PHPDOX_OPEN_BRACKET">(</token>
    <token name="T_WHITESPACE"> </token>
    <token name="T_VARIABLE">$resCufd</token>
    <token name="T_WHITESPACE"> </token>
    <token name="T_BOOLEAN_AND">&amp;&amp;</token>
    <token name="T_WHITESPACE"> </token>
    <token name="T_PHPDOX_EXCLAMATION_MARK">!</token>
    <token name="T_VARIABLE">$new</token>
    <token name="T_WHITESPACE"> </token>
    <token name="T_PHPDOX_CLOSE_BRACKET">)</token>
  </line>
  <line no="366">
    <token name="T_WHITESPACE">		</token>
    <token name="T_RETURN">return</token>
    <token name="T_WHITESPACE"> </token>
    <token name="T_VARIABLE">$resCufd</token>
    <token name="T_PHPDOX_SEMICOLON">;</token>
  </line>
  <line no="367">
    <token name="T_WHITESPACE">		</token>
  </line>
  <line no="368">
    <token name="T_WHITESPACE">	</token>
    <token name="T_COMMENT">//$resCuis = obtenerCuis($codigoPuntoVenta, $codigoSucursal);</token>
  </line>
  <line no="369">
    <token name="T_WHITESPACE">	</token>
  </line>
  <line no="370">
    <token name="T_WHITESPACE">	</token>
    <token name="T_VARIABLE">$serviceCodigos</token>
    <token name="T_WHITESPACE"> </token>
    <token name="T_PHPDOX_EQUAL">=</token>
    <token name="T_WHITESPACE"> </token>
    <token name="T_NEW">new</token>
    <token name="T_WHITESPACE"> </token>
    <token name="T_STRING">ServicioFacturacionCodigos</token>
    <token name="T_PHPDOX_OPEN_BRACKET">(</token>
    <token name="T_STRING">null</token>
    <token name="T_PHPDOX_COMMA">,</token>
    <token name="T_WHITESPACE"> </token>
    <token name="T_STRING">null</token>
    <token name="T_PHPDOX_COMMA">,</token>
    <token name="T_WHITESPACE"> </token>
    <token name="T_VARIABLE">$config</token>
    <token name="T_OBJECT_OPERATOR">-&gt;</token>
    <token name="T_STRING">tokenDelegado</token>
    <token name="T_PHPDOX_CLOSE_BRACKET">)</token>
    <token name="T_PHPDOX_SEMICOLON">;</token>
  </line>
  <line no="371">
    <token name="T_WHITESPACE">	</token>
    <token name="T_VARIABLE">$serviceCodigos</token>
    <token name="T_OBJECT_OPERATOR">-&gt;</token>
    <token name="T_STRING">setConfig</token>
    <token name="T_PHPDOX_OPEN_BRACKET">(</token>
    <token name="T_ARRAY_CAST">(array)</token>
    <token name="T_VARIABLE">$config</token>
    <token name="T_PHPDOX_CLOSE_BRACKET">)</token>
    <token name="T_PHPDOX_SEMICOLON">;</token>
  </line>
  <line no="372">
    <token name="T_WHITESPACE">	</token>
    <token name="T_VARIABLE">$serviceCodigos</token>
    <token name="T_OBJECT_OPERATOR">-&gt;</token>
    <token name="T_STRING">cuis</token>
    <token name="T_WHITESPACE"> </token>
    <token name="T_PHPDOX_EQUAL">=</token>
    <token name="T_WHITESPACE"> </token>
    <token name="T_VARIABLE">$cuis</token>
    <token name="T_PHPDOX_SEMICOLON">;</token>
  </line>
  <line no="373">
    <token name="T_WHITESPACE">	</token>
    <token name="T_VARIABLE">$resCufd</token>
    <token name="T_WHITESPACE"> </token>
    <token name="T_PHPDOX_EQUAL">=</token>
    <token name="T_WHITESPACE"> </token>
    <token name="T_VARIABLE">$serviceCodigos</token>
    <token name="T_OBJECT_OPERATOR">-&gt;</token>
    <token name="T_STRING">cufd</token>
    <token name="T_PHPDOX_OPEN_BRACKET">(</token>
    <token name="T_VARIABLE">$codigoPuntoVenta</token>
    <token name="T_PHPDOX_COMMA">,</token>
    <token name="T_WHITESPACE"> </token>
    <token name="T_VARIABLE">$codigoSucursal</token>
    <token name="T_PHPDOX_CLOSE_BRACKET">)</token>
    <token name="T_PHPDOX_SEMICOLON">;</token>
  </line>
  <line no="374">
    <token name="T_WHITESPACE">	</token>
  </line>
  <line no="375">
    <token name="T_WHITESPACE">	</token>
    <token name="T_STRING">test_log</token>
    <token name="T_PHPDOX_OPEN_BRACKET">(</token>
    <token name="T_VARIABLE">$resCufd</token>
    <token name="T_PHPDOX_COMMA">,</token>
    <token name="T_WHITESPACE"> </token>
    <token name="T_CONSTANT_ENCAPSED_STRING">'cufd'</token>
    <token name="T_PHPDOX_CLOSE_BRACKET">)</token>
    <token name="T_PHPDOX_SEMICOLON">;</token>
  </line>
  <line no="376">
    <token name="T_WHITESPACE">	</token>
  </line>
  <line no="377">
    <token name="T_WHITESPACE">	</token>
    <token name="T_RETURN">return</token>
    <token name="T_WHITESPACE"> </token>
    <token name="T_VARIABLE">$resCufd</token>
    <token name="T_PHPDOX_SEMICOLON">;</token>
  </line>
  <line no="378">
    <token name="T_PHPDOX_CLOSE_CURLY">}</token>
  </line>
  <line no="379">
    <token name="T_FUNCTION">function</token>
    <token name="T_WHITESPACE"> </token>
    <token name="T_STRING">obtenerListadoEventos</token>
    <token name="T_PHPDOX_OPEN_BRACKET">(</token>
    <token name="T_VARIABLE">$codigoSucursal</token>
    <token name="T_WHITESPACE"> </token>
    <token name="T_PHPDOX_EQUAL">=</token>
    <token name="T_WHITESPACE"> </token>
    <token name="T_LNUMBER">0</token>
    <token name="T_PHPDOX_COMMA">,</token>
    <token name="T_WHITESPACE"> </token>
    <token name="T_VARIABLE">$codigoPuntoVenta</token>
    <token name="T_WHITESPACE"> </token>
    <token name="T_PHPDOX_EQUAL">=</token>
    <token name="T_WHITESPACE"> </token>
    <token name="T_LNUMBER">1</token>
    <token name="T_PHPDOX_COMMA">,</token>
    <token name="T_WHITESPACE"> </token>
    <token name="T_VARIABLE">$buscarId</token>
    <token name="T_WHITESPACE"> </token>
    <token name="T_PHPDOX_EQUAL">=</token>
    <token name="T_WHITESPACE"> </token>
    <token name="T_STRING">null</token>
    <token name="T_PHPDOX_CLOSE_BRACKET">)</token>
  </line>
  <line no="380">
    <token name="T_PHPDOX_OPEN_CURLY">{</token>
  </line>
  <line no="381">
    <token name="T_WHITESPACE">	</token>
    <token name="T_GLOBAL">global</token>
    <token name="T_WHITESPACE"> </token>
    <token name="T_VARIABLE">$config</token>
    <token name="T_PHPDOX_SEMICOLON">;</token>
  </line>
  <line no="382">
    <token name="T_WHITESPACE">	</token>
  </line>
  <line no="383">
    <token name="T_WHITESPACE">	</token>
    <token name="T_VARIABLE">$resCuis</token>
    <token name="T_WHITESPACE"> </token>
    <token name="T_PHPDOX_EQUAL">=</token>
    <token name="T_WHITESPACE"> </token>
    <token name="T_STRING">obtenerCuis</token>
    <token name="T_PHPDOX_OPEN_BRACKET">(</token>
    <token name="T_VARIABLE">$codigoPuntoVenta</token>
    <token name="T_PHPDOX_COMMA">,</token>
    <token name="T_WHITESPACE"> </token>
    <token name="T_VARIABLE">$codigoSucursal</token>
    <token name="T_PHPDOX_CLOSE_BRACKET">)</token>
    <token name="T_PHPDOX_SEMICOLON">;</token>
  </line>
  <line no="384">
    <token name="T_WHITESPACE">	</token>
    <token name="T_COMMENT">//##obtener listado de eventos</token>
  </line>
  <line no="385">
    <token name="T_WHITESPACE">	</token>
    <token name="T_VARIABLE">$serviceSync</token>
    <token name="T_WHITESPACE"> </token>
    <token name="T_PHPDOX_EQUAL">=</token>
    <token name="T_WHITESPACE"> </token>
    <token name="T_NEW">new</token>
    <token name="T_WHITESPACE"> </token>
    <token name="T_STRING">ServicioFacturacionSincronizacion</token>
    <token name="T_PHPDOX_OPEN_BRACKET">(</token>
    <token name="T_VARIABLE">$resCuis</token>
    <token name="T_OBJECT_OPERATOR">-&gt;</token>
    <token name="T_STRING">RespuestaCuis</token>
    <token name="T_OBJECT_OPERATOR">-&gt;</token>
    <token name="T_STRING">codigo</token>
    <token name="T_PHPDOX_CLOSE_BRACKET">)</token>
    <token name="T_PHPDOX_SEMICOLON">;</token>
  </line>
  <line no="386">
    <token name="T_WHITESPACE">	</token>
    <token name="T_VARIABLE">$serviceSync</token>
    <token name="T_OBJECT_OPERATOR">-&gt;</token>
    <token name="T_STRING">setConfig</token>
    <token name="T_PHPDOX_OPEN_BRACKET">(</token>
    <token name="T_ARRAY_CAST">(array)</token>
    <token name="T_VARIABLE">$config</token>
    <token name="T_PHPDOX_CLOSE_BRACKET">)</token>
    <token name="T_PHPDOX_SEMICOLON">;</token>
  </line>
  <line no="387">
    <token name="T_WHITESPACE">	</token>
    <token name="T_VARIABLE">$serviceSync</token>
    <token name="T_OBJECT_OPERATOR">-&gt;</token>
    <token name="T_STRING">cuis</token>
    <token name="T_WHITESPACE"> </token>
    <token name="T_PHPDOX_EQUAL">=</token>
    <token name="T_WHITESPACE"> </token>
    <token name="T_VARIABLE">$resCuis</token>
    <token name="T_OBJECT_OPERATOR">-&gt;</token>
    <token name="T_STRING">RespuestaCuis</token>
    <token name="T_OBJECT_OPERATOR">-&gt;</token>
    <token name="T_STRING">codigo</token>
    <token name="T_PHPDOX_SEMICOLON">;</token>
  </line>
  <line no="388">
    <token name="T_WHITESPACE">	</token>
  </line>
  <line no="389">
    <token name="T_WHITESPACE">	</token>
    <token name="T_VARIABLE">$eventsList</token>
    <token name="T_WHITESPACE"> </token>
    <token name="T_PHPDOX_EQUAL">=</token>
    <token name="T_WHITESPACE"> </token>
    <token name="T_VARIABLE">$serviceSync</token>
    <token name="T_OBJECT_OPERATOR">-&gt;</token>
    <token name="T_STRING">sincronizarParametricaEventosSignificativos</token>
    <token name="T_PHPDOX_OPEN_BRACKET">(</token>
    <token name="T_VARIABLE">$codigoSucursal</token>
    <token name="T_PHPDOX_COMMA">,</token>
    <token name="T_WHITESPACE"> </token>
    <token name="T_VARIABLE">$codigoPuntoVenta</token>
    <token name="T_PHPDOX_CLOSE_BRACKET">)</token>
    <token name="T_PHPDOX_SEMICOLON">;</token>
  </line>
  <line no="390">
    <token name="T_WHITESPACE">	</token>
    <token name="T_IF">if</token>
    <token name="T_PHPDOX_OPEN_BRACKET">(</token>
    <token name="T_WHITESPACE"> </token>
    <token name="T_PHPDOX_EXCLAMATION_MARK">!</token>
    <token name="T_VARIABLE">$buscarId</token>
    <token name="T_WHITESPACE"> </token>
    <token name="T_PHPDOX_CLOSE_BRACKET">)</token>
  </line>
  <line no="391">
    <token name="T_WHITESPACE">		</token>
    <token name="T_RETURN">return</token>
    <token name="T_WHITESPACE"> </token>
    <token name="T_VARIABLE">$eventsList</token>
    <token name="T_PHPDOX_SEMICOLON">;</token>
  </line>
  <line no="392">
    <token name="T_WHITESPACE">	</token>
  </line>
  <line no="393">
    <token name="T_WHITESPACE">	</token>
    <token name="T_VARIABLE">$nombre_evento</token>
    <token name="T_WHITESPACE"> </token>
    <token name="T_PHPDOX_EQUAL">=</token>
    <token name="T_WHITESPACE"> </token>
    <token name="T_CONSTANT_ENCAPSED_STRING">'CORTE DEL SERVICIO DE INTERNET'</token>
    <token name="T_PHPDOX_SEMICOLON">;</token>
  </line>
  <line no="394">
    <token name="T_WHITESPACE">	</token>
    <token name="T_COMMENT">//print_r($eventsList);</token>
  </line>
  <line no="395">
    <token name="T_WHITESPACE">	</token>
    <token name="T_VARIABLE">$evento</token>
    <token name="T_WHITESPACE"> </token>
    <token name="T_PHPDOX_EQUAL">=</token>
    <token name="T_WHITESPACE"> </token>
    <token name="T_STRING">null</token>
    <token name="T_PHPDOX_SEMICOLON">;</token>
  </line>
  <line no="396">
    <token name="T_WHITESPACE">	</token>
    <token name="T_FOREACH">foreach</token>
    <token name="T_PHPDOX_OPEN_BRACKET">(</token>
    <token name="T_VARIABLE">$eventsList</token>
    <token name="T_OBJECT_OPERATOR">-&gt;</token>
    <token name="T_STRING">RespuestaListaParametricas</token>
    <token name="T_OBJECT_OPERATOR">-&gt;</token>
    <token name="T_STRING">listaCodigos</token>
    <token name="T_WHITESPACE"> </token>
    <token name="T_AS">as</token>
    <token name="T_WHITESPACE"> </token>
    <token name="T_VARIABLE">$evt</token>
    <token name="T_PHPDOX_CLOSE_BRACKET">)</token>
  </line>
  <line no="397">
    <token name="T_WHITESPACE">	</token>
    <token name="T_PHPDOX_OPEN_CURLY">{</token>
  </line>
  <line no="398">
    <token name="T_WHITESPACE">		</token>
    <token name="T_IF">if</token>
    <token name="T_PHPDOX_OPEN_BRACKET">(</token>
    <token name="T_WHITESPACE"> </token>
    <token name="T_VARIABLE">$evt</token>
    <token name="T_OBJECT_OPERATOR">-&gt;</token>
    <token name="T_STRING">codigoClasificador</token>
    <token name="T_WHITESPACE"> </token>
    <token name="T_IS_EQUAL">==</token>
    <token name="T_WHITESPACE"> </token>
    <token name="T_VARIABLE">$buscarId</token>
    <token name="T_WHITESPACE"> </token>
    <token name="T_PHPDOX_CLOSE_BRACKET">)</token>
  </line>
  <line no="399">
    <token name="T_WHITESPACE">		</token>
    <token name="T_PHPDOX_OPEN_CURLY">{</token>
  </line>
  <line no="400">
    <token name="T_WHITESPACE">			</token>
    <token name="T_VARIABLE">$evento</token>
    <token name="T_WHITESPACE"> </token>
    <token name="T_PHPDOX_EQUAL">=</token>
    <token name="T_WHITESPACE"> </token>
    <token name="T_VARIABLE">$evt</token>
    <token name="T_PHPDOX_SEMICOLON">;</token>
  </line>
  <line no="401">
    <token name="T_WHITESPACE">			</token>
    <token name="T_BREAK">break</token>
    <token name="T_PHPDOX_SEMICOLON">;</token>
  </line>
  <line no="402">
    <token name="T_WHITESPACE">		</token>
    <token name="T_PHPDOX_CLOSE_CURLY">}</token>
  </line>
  <line no="403">
    <token name="T_WHITESPACE">	</token>
    <token name="T_PHPDOX_CLOSE_CURLY">}</token>
  </line>
  <line no="404">
    <token name="T_WHITESPACE">	</token>
  </line>
  <line no="405">
    <token name="T_WHITESPACE">	</token>
    <token name="T_RETURN">return</token>
    <token name="T_WHITESPACE"> </token>
    <token name="T_VARIABLE">$evento</token>
    <token name="T_PHPDOX_SEMICOLON">;</token>
  </line>
  <line no="406">
    <token name="T_PHPDOX_CLOSE_CURLY">}</token>
  </line>
  <line no="407">
    <token name="T_FUNCTION">function</token>
    <token name="T_WHITESPACE"> </token>
    <token name="T_STRING">testFactura</token>
    <token name="T_PHPDOX_OPEN_BRACKET">(</token>
    <token name="T_VARIABLE">$sucursal</token>
    <token name="T_PHPDOX_COMMA">,</token>
    <token name="T_WHITESPACE"> </token>
    <token name="T_VARIABLE">$puntoventa</token>
    <token name="T_PHPDOX_COMMA">,</token>
    <token name="T_WHITESPACE"> </token>
    <token name="T_STRING">SiatInvoice</token>
    <token name="T_WHITESPACE"> </token>
    <token name="T_VARIABLE">$factura</token>
    <token name="T_PHPDOX_COMMA">,</token>
    <token name="T_WHITESPACE"> </token>
    <token name="T_VARIABLE">$tipoFactura</token>
    <token name="T_PHPDOX_CLOSE_BRACKET">)</token>
  </line>
  <line no="408">
    <token name="T_PHPDOX_OPEN_CURLY">{</token>
  </line>
  <line no="409">
    <token name="T_WHITESPACE">	</token>
    <token name="T_GLOBAL">global</token>
    <token name="T_WHITESPACE"> </token>
    <token name="T_VARIABLE">$config</token>
    <token name="T_PHPDOX_SEMICOLON">;</token>
  </line>
  <line no="410">
    <token name="T_WHITESPACE">	</token>
  </line>
  <line no="411">
    <token name="T_WHITESPACE">	</token>
    <token name="T_VARIABLE">$resCuis</token>
    <token name="T_WHITESPACE"> </token>
    <token name="T_PHPDOX_EQUAL">=</token>
    <token name="T_WHITESPACE"> </token>
    <token name="T_STRING">obtenerCuis</token>
    <token name="T_PHPDOX_OPEN_BRACKET">(</token>
    <token name="T_VARIABLE">$puntoventa</token>
    <token name="T_PHPDOX_COMMA">,</token>
    <token name="T_WHITESPACE"> </token>
    <token name="T_VARIABLE">$sucursal</token>
    <token name="T_PHPDOX_CLOSE_BRACKET">)</token>
    <token name="T_PHPDOX_SEMICOLON">;</token>
  </line>
  <line no="412">
    <token name="T_WHITESPACE">	</token>
    <token name="T_VARIABLE">$resCufd</token>
    <token name="T_WHITESPACE"> </token>
    <token name="T_PHPDOX_EQUAL">=</token>
    <token name="T_WHITESPACE"> </token>
    <token name="T_STRING">obtenerCufd</token>
    <token name="T_PHPDOX_OPEN_BRACKET">(</token>
    <token name="T_VARIABLE">$puntoventa</token>
    <token name="T_PHPDOX_COMMA">,</token>
    <token name="T_WHITESPACE"> </token>
    <token name="T_VARIABLE">$sucursal</token>
    <token name="T_PHPDOX_COMMA">,</token>
    <token name="T_WHITESPACE"> </token>
    <token name="T_VARIABLE">$resCuis</token>
    <token name="T_OBJECT_OPERATOR">-&gt;</token>
    <token name="T_STRING">RespuestaCuis</token>
    <token name="T_OBJECT_OPERATOR">-&gt;</token>
    <token name="T_STRING">codigo</token>
    <token name="T_PHPDOX_CLOSE_BRACKET">)</token>
    <token name="T_PHPDOX_SEMICOLON">;</token>
  </line>
  <line no="413">
    <token name="T_WHITESPACE">	</token>
  </line>
  <line no="414">
    <token name="T_WHITESPACE">	</token>
    <token name="T_ECHO">echo</token>
    <token name="T_WHITESPACE"> </token>
    <token name="T_CONSTANT_ENCAPSED_STRING">"Codigo CUIS: "</token>
    <token name="T_PHPDOX_COMMA">,</token>
    <token name="T_WHITESPACE"> </token>
    <token name="T_VARIABLE">$resCuis</token>
    <token name="T_OBJECT_OPERATOR">-&gt;</token>
    <token name="T_STRING">RespuestaCuis</token>
    <token name="T_OBJECT_OPERATOR">-&gt;</token>
    <token name="T_STRING">codigo</token>
    <token name="T_PHPDOX_COMMA">,</token>
    <token name="T_WHITESPACE"> </token>
    <token name="T_CONSTANT_ENCAPSED_STRING">"\n"</token>
    <token name="T_PHPDOX_SEMICOLON">;</token>
  </line>
  <line no="415">
    <token name="T_WHITESPACE">	</token>
    <token name="T_ECHO">echo</token>
    <token name="T_WHITESPACE"> </token>
    <token name="T_CONSTANT_ENCAPSED_STRING">"Codigo CUFD: "</token>
    <token name="T_PHPDOX_COMMA">,</token>
    <token name="T_WHITESPACE"> </token>
    <token name="T_VARIABLE">$resCufd</token>
    <token name="T_OBJECT_OPERATOR">-&gt;</token>
    <token name="T_STRING">RespuestaCufd</token>
    <token name="T_OBJECT_OPERATOR">-&gt;</token>
    <token name="T_STRING">codigo</token>
    <token name="T_PHPDOX_COMMA">,</token>
    <token name="T_WHITESPACE"> </token>
    <token name="T_CONSTANT_ENCAPSED_STRING">"\n"</token>
    <token name="T_PHPDOX_SEMICOLON">;</token>
  </line>
  <line no="416">
    <token name="T_WHITESPACE">	</token>
    <token name="T_ECHO">echo</token>
    <token name="T_WHITESPACE"> </token>
    <token name="T_CONSTANT_ENCAPSED_STRING">"Codigo Control: "</token>
    <token name="T_PHPDOX_COMMA">,</token>
    <token name="T_WHITESPACE"> </token>
    <token name="T_VARIABLE">$resCufd</token>
    <token name="T_OBJECT_OPERATOR">-&gt;</token>
    <token name="T_STRING">RespuestaCufd</token>
    <token name="T_OBJECT_OPERATOR">-&gt;</token>
    <token name="T_STRING">codigoControl</token>
    <token name="T_PHPDOX_COMMA">,</token>
    <token name="T_WHITESPACE"> </token>
    <token name="T_CONSTANT_ENCAPSED_STRING">"\n"</token>
    <token name="T_PHPDOX_SEMICOLON">;</token>
  </line>
  <line no="417">
    <token name="T_WHITESPACE">	</token>
  </line>
  <line no="418">
    <token name="T_WHITESPACE">	</token>
    <token name="T_VARIABLE">$service</token>
    <token name="T_WHITESPACE"> </token>
    <token name="T_PHPDOX_EQUAL">=</token>
    <token name="T_WHITESPACE"> </token>
    <token name="T_VARIABLE">$config</token>
    <token name="T_OBJECT_OPERATOR">-&gt;</token>
    <token name="T_STRING">modalidad</token>
    <token name="T_WHITESPACE"> </token>
    <token name="T_IS_EQUAL">==</token>
    <token name="T_WHITESPACE"> </token>
    <token name="T_STRING">ServicioSiat</token>
    <token name="T_DOUBLE_COLON">::</token>
    <token name="T_STRING">MOD_COMPUTARIZADA_ENLINEA</token>
    <token name="T_WHITESPACE"> </token>
    <token name="T_PHPDOX_QUESTION_MARK">?</token>
    <token name="T_WHITESPACE"> </token>
  </line>
  <line no="419">
    <token name="T_WHITESPACE">		</token>
    <token name="T_NEW">new</token>
    <token name="T_WHITESPACE"> </token>
    <token name="T_STRING">ServicioFacturacionComputarizada</token>
    <token name="T_PHPDOX_OPEN_BRACKET">(</token>
    <token name="T_VARIABLE">$resCuis</token>
    <token name="T_OBJECT_OPERATOR">-&gt;</token>
    <token name="T_STRING">RespuestaCuis</token>
    <token name="T_OBJECT_OPERATOR">-&gt;</token>
    <token name="T_STRING">codigo</token>
    <token name="T_PHPDOX_COMMA">,</token>
    <token name="T_WHITESPACE"> </token>
    <token name="T_VARIABLE">$resCufd</token>
    <token name="T_OBJECT_OPERATOR">-&gt;</token>
    <token name="T_STRING">RespuestaCufd</token>
    <token name="T_OBJECT_OPERATOR">-&gt;</token>
    <token name="T_STRING">codigo</token>
    <token name="T_PHPDOX_CLOSE_BRACKET">)</token>
    <token name="T_WHITESPACE"> </token>
    <token name="T_PHPDOX_COLON">:</token>
  </line>
  <line no="420">
    <token name="T_WHITESPACE">		</token>
    <token name="T_NEW">new</token>
    <token name="T_WHITESPACE"> </token>
    <token name="T_STRING">ServicioFacturacionElectronica</token>
    <token name="T_PHPDOX_OPEN_BRACKET">(</token>
    <token name="T_VARIABLE">$resCuis</token>
    <token name="T_OBJECT_OPERATOR">-&gt;</token>
    <token name="T_STRING">RespuestaCuis</token>
    <token name="T_OBJECT_OPERATOR">-&gt;</token>
    <token name="T_STRING">codigo</token>
    <token name="T_PHPDOX_COMMA">,</token>
    <token name="T_WHITESPACE"> </token>
    <token name="T_VARIABLE">$resCufd</token>
    <token name="T_OBJECT_OPERATOR">-&gt;</token>
    <token name="T_STRING">RespuestaCufd</token>
    <token name="T_OBJECT_OPERATOR">-&gt;</token>
    <token name="T_STRING">codigo</token>
    <token name="T_PHPDOX_CLOSE_BRACKET">)</token>
    <token name="T_PHPDOX_SEMICOLON">;</token>
  </line>
  <line no="421">
    <token name="T_WHITESPACE">	</token>
    <token name="T_VARIABLE">$service</token>
    <token name="T_OBJECT_OPERATOR">-&gt;</token>
    <token name="T_STRING">setConfig</token>
    <token name="T_PHPDOX_OPEN_BRACKET">(</token>
    <token name="T_ARRAY_CAST">(array)</token>
    <token name="T_VARIABLE">$config</token>
    <token name="T_PHPDOX_CLOSE_BRACKET">)</token>
    <token name="T_PHPDOX_SEMICOLON">;</token>
  </line>
  <line no="422">
    <token name="T_WHITESPACE">	</token>
    <token name="T_VARIABLE">$service</token>
    <token name="T_OBJECT_OPERATOR">-&gt;</token>
    <token name="T_STRING">codigoControl</token>
    <token name="T_WHITESPACE"> </token>
    <token name="T_PHPDOX_EQUAL">=</token>
    <token name="T_WHITESPACE"> </token>
    <token name="T_VARIABLE">$resCufd</token>
    <token name="T_OBJECT_OPERATOR">-&gt;</token>
    <token name="T_STRING">RespuestaCufd</token>
    <token name="T_OBJECT_OPERATOR">-&gt;</token>
    <token name="T_STRING">codigoControl</token>
    <token name="T_PHPDOX_SEMICOLON">;</token>
  </line>
  <line no="423">
    <token name="T_WHITESPACE">	</token>
    <token name="T_VARIABLE">$res</token>
    <token name="T_WHITESPACE"> </token>
    <token name="T_PHPDOX_EQUAL">=</token>
    <token name="T_WHITESPACE"> </token>
    <token name="T_VARIABLE">$service</token>
    <token name="T_OBJECT_OPERATOR">-&gt;</token>
    <token name="T_STRING">recepcionFactura</token>
    <token name="T_PHPDOX_OPEN_BRACKET">(</token>
    <token name="T_VARIABLE">$factura</token>
    <token name="T_PHPDOX_COMMA">,</token>
    <token name="T_WHITESPACE"> </token>
    <token name="T_STRING">SiatInvoice</token>
    <token name="T_DOUBLE_COLON">::</token>
    <token name="T_STRING">TIPO_EMISION_ONLINE</token>
    <token name="T_PHPDOX_COMMA">,</token>
    <token name="T_WHITESPACE"> </token>
    <token name="T_VARIABLE">$tipoFactura</token>
    <token name="T_PHPDOX_CLOSE_BRACKET">)</token>
    <token name="T_PHPDOX_SEMICOLON">;</token>
  </line>
  <line no="424">
    <token name="T_WHITESPACE">	</token>
    <token name="T_STRING">test_log</token>
    <token name="T_PHPDOX_OPEN_BRACKET">(</token>
    <token name="T_CONSTANT_ENCAPSED_STRING">"RESULTADO RECEPCION FACTURA\n============================="</token>
    <token name="T_PHPDOX_CLOSE_BRACKET">)</token>
    <token name="T_PHPDOX_SEMICOLON">;</token>
  </line>
  <line no="425">
    <token name="T_WHITESPACE">	</token>
    <token name="T_STRING">test_log</token>
    <token name="T_PHPDOX_OPEN_BRACKET">(</token>
    <token name="T_VARIABLE">$res</token>
    <token name="T_PHPDOX_CLOSE_BRACKET">)</token>
    <token name="T_PHPDOX_SEMICOLON">;</token>
  </line>
  <line no="426">
    <token name="T_WHITESPACE">	</token>
  </line>
  <line no="427">
    <token name="T_WHITESPACE">	</token>
    <token name="T_RETURN">return</token>
    <token name="T_WHITESPACE"> </token>
    <token name="T_VARIABLE">$res</token>
    <token name="T_PHPDOX_SEMICOLON">;</token>
  </line>
  <line no="428">
    <token name="T_PHPDOX_CLOSE_CURLY">}</token>
  </line>
  <line no="429">
    <token name="T_FUNCTION">function</token>
    <token name="T_WHITESPACE"> </token>
    <token name="T_STRING">testPaquetes</token>
    <token name="T_PHPDOX_OPEN_BRACKET">(</token>
    <token name="T_VARIABLE">$codigoSucursal</token>
    <token name="T_PHPDOX_COMMA">,</token>
    <token name="T_WHITESPACE"> </token>
    <token name="T_VARIABLE">$codigoPuntoVenta</token>
    <token name="T_PHPDOX_COMMA">,</token>
    <token name="T_WHITESPACE"> </token>
    <token name="T_ARRAY">array</token>
    <token name="T_WHITESPACE"> </token>
    <token name="T_VARIABLE">$facturas</token>
    <token name="T_PHPDOX_COMMA">,</token>
    <token name="T_WHITESPACE"> </token>
    <token name="T_VARIABLE">$codigoControlAntiguo</token>
    <token name="T_PHPDOX_COMMA">,</token>
    <token name="T_WHITESPACE"> </token>
    <token name="T_VARIABLE">$tipoFactura</token>
    <token name="T_PHPDOX_COMMA">,</token>
    <token name="T_WHITESPACE"> </token>
    <token name="T_VARIABLE">$evento</token>
    <token name="T_PHPDOX_COMMA">,</token>
    <token name="T_WHITESPACE"> </token>
    <token name="T_VARIABLE">$cafc</token>
    <token name="T_WHITESPACE"> </token>
    <token name="T_PHPDOX_EQUAL">=</token>
    <token name="T_WHITESPACE"> </token>
    <token name="T_STRING">null</token>
    <token name="T_PHPDOX_CLOSE_BRACKET">)</token>
  </line>
  <line no="430">
    <token name="T_PHPDOX_OPEN_CURLY">{</token>
  </line>
  <line no="431">
    <token name="T_WHITESPACE">	</token>
    <token name="T_GLOBAL">global</token>
    <token name="T_WHITESPACE"> </token>
    <token name="T_VARIABLE">$config</token>
    <token name="T_PHPDOX_SEMICOLON">;</token>
  </line>
  <line no="432">
    <token name="T_WHITESPACE">	</token>
  </line>
  <line no="433">
    <token name="T_WHITESPACE">	</token>
    <token name="T_VARIABLE">$resCuis</token>
    <token name="T_WHITESPACE"> </token>
    <token name="T_PHPDOX_EQUAL">=</token>
    <token name="T_WHITESPACE"> </token>
    <token name="T_STRING">obtenerCuis</token>
    <token name="T_PHPDOX_OPEN_BRACKET">(</token>
    <token name="T_VARIABLE">$codigoPuntoVenta</token>
    <token name="T_PHPDOX_COMMA">,</token>
    <token name="T_WHITESPACE"> </token>
    <token name="T_VARIABLE">$codigoSucursal</token>
    <token name="T_PHPDOX_CLOSE_BRACKET">)</token>
    <token name="T_PHPDOX_SEMICOLON">;</token>
  </line>
  <line no="434">
    <token name="T_WHITESPACE">	</token>
    <token name="T_VARIABLE">$resCufd</token>
    <token name="T_WHITESPACE"> </token>
    <token name="T_PHPDOX_EQUAL">=</token>
    <token name="T_WHITESPACE"> </token>
    <token name="T_STRING">obtenerCufd</token>
    <token name="T_PHPDOX_OPEN_BRACKET">(</token>
    <token name="T_VARIABLE">$codigoPuntoVenta</token>
    <token name="T_PHPDOX_COMMA">,</token>
    <token name="T_WHITESPACE"> </token>
    <token name="T_VARIABLE">$codigoSucursal</token>
    <token name="T_PHPDOX_COMMA">,</token>
    <token name="T_WHITESPACE"> </token>
    <token name="T_VARIABLE">$resCuis</token>
    <token name="T_OBJECT_OPERATOR">-&gt;</token>
    <token name="T_STRING">RespuestaCuis</token>
    <token name="T_OBJECT_OPERATOR">-&gt;</token>
    <token name="T_STRING">codigo</token>
    <token name="T_PHPDOX_CLOSE_BRACKET">)</token>
    <token name="T_PHPDOX_SEMICOLON">;</token>
  </line>
  <line no="435">
    <token name="T_WHITESPACE">	</token>
    <token name="T_COMMENT">//var_dump('CUIS PRIMARIO: ' . $resCuis-&gt;RespuestaCuis-&gt;codigo);</token>
  </line>
  <line no="436">
    <token name="T_WHITESPACE">	</token>
  </line>
  <line no="437">
    <token name="T_WHITESPACE">	</token>
    <token name="T_IF">if</token>
    <token name="T_PHPDOX_OPEN_BRACKET">(</token>
    <token name="T_WHITESPACE"> </token>
    <token name="T_PHPDOX_EXCLAMATION_MARK">!</token>
    <token name="T_VARIABLE">$evento</token>
    <token name="T_WHITESPACE"> </token>
    <token name="T_PHPDOX_CLOSE_BRACKET">)</token>
  </line>
  <line no="438">
    <token name="T_WHITESPACE">		</token>
    <token name="T_EXIT">die</token>
    <token name="T_PHPDOX_OPEN_BRACKET">(</token>
    <token name="T_CONSTANT_ENCAPSED_STRING">'ERROR: No se encontro el evento'</token>
    <token name="T_PHPDOX_CLOSE_BRACKET">)</token>
    <token name="T_PHPDOX_SEMICOLON">;</token>
  </line>
  <line no="439">
    <token name="T_WHITESPACE">	</token>
  </line>
  <line no="440">
    <token name="T_WHITESPACE">	</token>
  </line>
  <line no="441">
    <token name="T_WHITESPACE">	</token>
    <token name="T_VARIABLE">$service</token>
    <token name="T_WHITESPACE"> </token>
    <token name="T_PHPDOX_EQUAL">=</token>
    <token name="T_WHITESPACE"> </token>
    <token name="T_NEW">new</token>
    <token name="T_WHITESPACE"> </token>
    <token name="T_STRING">ServicioFacturacionComputarizada</token>
    <token name="T_PHPDOX_OPEN_BRACKET">(</token>
    <token name="T_VARIABLE">$resCuis</token>
    <token name="T_OBJECT_OPERATOR">-&gt;</token>
    <token name="T_STRING">RespuestaCuis</token>
    <token name="T_OBJECT_OPERATOR">-&gt;</token>
    <token name="T_STRING">codigo</token>
    <token name="T_PHPDOX_COMMA">,</token>
    <token name="T_WHITESPACE"> </token>
    <token name="T_VARIABLE">$resCufd</token>
    <token name="T_OBJECT_OPERATOR">-&gt;</token>
    <token name="T_STRING">RespuestaCufd</token>
    <token name="T_OBJECT_OPERATOR">-&gt;</token>
    <token name="T_STRING">codigo</token>
    <token name="T_PHPDOX_CLOSE_BRACKET">)</token>
    <token name="T_PHPDOX_SEMICOLON">;</token>
  </line>
  <line no="442">
    <token name="T_WHITESPACE">	</token>
    <token name="T_VARIABLE">$service</token>
    <token name="T_OBJECT_OPERATOR">-&gt;</token>
    <token name="T_STRING">setConfig</token>
    <token name="T_PHPDOX_OPEN_BRACKET">(</token>
    <token name="T_ARRAY_CAST">(array)</token>
    <token name="T_VARIABLE">$config</token>
    <token name="T_PHPDOX_CLOSE_BRACKET">)</token>
    <token name="T_PHPDOX_SEMICOLON">;</token>
  </line>
  <line no="443">
    <token name="T_WHITESPACE">	</token>
    <token name="T_VARIABLE">$service</token>
    <token name="T_OBJECT_OPERATOR">-&gt;</token>
    <token name="T_STRING">codigoControl</token>
    <token name="T_WHITESPACE"> </token>
    <token name="T_PHPDOX_EQUAL">=</token>
    <token name="T_WHITESPACE"> </token>
    <token name="T_VARIABLE">$codigoControlAntiguo</token>
    <token name="T_PHPDOX_SEMICOLON">;</token>
  </line>
  <line no="444">
    <token name="T_WHITESPACE">	</token>
    <token name="T_VARIABLE">$res</token>
    <token name="T_WHITESPACE"> </token>
    <token name="T_PHPDOX_EQUAL">=</token>
    <token name="T_WHITESPACE"> </token>
    <token name="T_VARIABLE">$service</token>
    <token name="T_OBJECT_OPERATOR">-&gt;</token>
    <token name="T_STRING">recepcionPaqueteFactura</token>
    <token name="T_PHPDOX_OPEN_BRACKET">(</token>
  </line>
  <line no="445">
    <token name="T_WHITESPACE">	 	</token>
    <token name="T_VARIABLE">$facturas</token>
    <token name="T_PHPDOX_COMMA">,</token>
  </line>
  <line no="446">
    <token name="T_WHITESPACE">		</token>
    <token name="T_VARIABLE">$evento</token>
    <token name="T_OBJECT_OPERATOR">-&gt;</token>
    <token name="T_STRING">codigoRecepcionEventoSignificativo</token>
    <token name="T_PHPDOX_COMMA">,</token>
  </line>
  <line no="447">
    <token name="T_WHITESPACE">	 	</token>
    <token name="T_STRING">SiatInvoice</token>
    <token name="T_DOUBLE_COLON">::</token>
    <token name="T_STRING">TIPO_EMISION_OFFLINE</token>
    <token name="T_PHPDOX_COMMA">,</token>
  </line>
  <line no="448">
    <token name="T_WHITESPACE">	 	</token>
    <token name="T_VARIABLE">$tipoFactura</token>
    <token name="T_PHPDOX_COMMA">,</token>
  </line>
  <line no="449">
    <token name="T_WHITESPACE">	 	</token>
    <token name="T_VARIABLE">$cafc</token>
  </line>
  <line no="450">
    <token name="T_WHITESPACE">	</token>
    <token name="T_PHPDOX_CLOSE_BRACKET">)</token>
    <token name="T_PHPDOX_SEMICOLON">;</token>
  </line>
  <line no="451">
    <token name="T_WHITESPACE">	</token>
    <token name="T_STRING">test_log</token>
    <token name="T_PHPDOX_OPEN_BRACKET">(</token>
    <token name="T_CONSTANT_ENCAPSED_STRING">"RESULTADO RECEPCION PAQUETE\n============================="</token>
    <token name="T_PHPDOX_CLOSE_BRACKET">)</token>
    <token name="T_PHPDOX_SEMICOLON">;</token>
  </line>
  <line no="452">
    <token name="T_WHITESPACE">	</token>
    <token name="T_STRING">test_log</token>
    <token name="T_PHPDOX_OPEN_BRACKET">(</token>
    <token name="T_VARIABLE">$res</token>
    <token name="T_PHPDOX_CLOSE_BRACKET">)</token>
    <token name="T_PHPDOX_SEMICOLON">;</token>
  </line>
  <line no="453">
    <token name="T_WHITESPACE">	</token>
    <token name="T_COMMENT">//die;</token>
  </line>
  <line no="454">
    <token name="T_WHITESPACE">	</token>
    <token name="T_RETURN">return</token>
    <token name="T_WHITESPACE"> </token>
    <token name="T_VARIABLE">$res</token>
    <token name="T_PHPDOX_SEMICOLON">;</token>
  </line>
  <line no="455">
    <token name="T_PHPDOX_CLOSE_CURLY">}</token>
  </line>
  <line no="456">
    <token name="T_FUNCTION">function</token>
    <token name="T_WHITESPACE"> </token>
    <token name="T_STRING">testRecepcionPaquete</token>
    <token name="T_PHPDOX_OPEN_BRACKET">(</token>
    <token name="T_VARIABLE">$codigoSucursal</token>
    <token name="T_PHPDOX_COMMA">,</token>
    <token name="T_WHITESPACE"> </token>
    <token name="T_VARIABLE">$codigoPuntoVenta</token>
    <token name="T_PHPDOX_COMMA">,</token>
    <token name="T_WHITESPACE"> </token>
    <token name="T_VARIABLE">$documentoSector</token>
    <token name="T_PHPDOX_COMMA">,</token>
    <token name="T_WHITESPACE"> </token>
    <token name="T_VARIABLE">$tipoFactura</token>
    <token name="T_PHPDOX_COMMA">,</token>
    <token name="T_WHITESPACE"> </token>
    <token name="T_VARIABLE">$codigoRecepcion</token>
    <token name="T_PHPDOX_CLOSE_BRACKET">)</token>
  </line>
  <line no="457">
    <token name="T_PHPDOX_OPEN_CURLY">{</token>
  </line>
  <line no="458">
    <token name="T_WHITESPACE">	</token>
    <token name="T_GLOBAL">global</token>
    <token name="T_WHITESPACE"> </token>
    <token name="T_VARIABLE">$config</token>
    <token name="T_PHPDOX_SEMICOLON">;</token>
  </line>
  <line no="459">
    <token name="T_WHITESPACE">	</token>
  </line>
  <line no="460">
    <token name="T_WHITESPACE">	</token>
    <token name="T_VARIABLE">$resCuis</token>
    <token name="T_WHITESPACE"> </token>
    <token name="T_PHPDOX_EQUAL">=</token>
    <token name="T_WHITESPACE"> </token>
    <token name="T_STRING">obtenerCuis</token>
    <token name="T_PHPDOX_OPEN_BRACKET">(</token>
    <token name="T_VARIABLE">$codigoPuntoVenta</token>
    <token name="T_PHPDOX_COMMA">,</token>
    <token name="T_WHITESPACE"> </token>
    <token name="T_VARIABLE">$codigoSucursal</token>
    <token name="T_PHPDOX_CLOSE_BRACKET">)</token>
    <token name="T_PHPDOX_SEMICOLON">;</token>
  </line>
  <line no="461">
    <token name="T_WHITESPACE">	</token>
    <token name="T_VARIABLE">$resCufd</token>
    <token name="T_WHITESPACE"> </token>
    <token name="T_PHPDOX_EQUAL">=</token>
    <token name="T_WHITESPACE"> </token>
    <token name="T_STRING">obtenerCufd</token>
    <token name="T_PHPDOX_OPEN_BRACKET">(</token>
    <token name="T_VARIABLE">$codigoPuntoVenta</token>
    <token name="T_PHPDOX_COMMA">,</token>
    <token name="T_WHITESPACE"> </token>
    <token name="T_VARIABLE">$codigoSucursal</token>
    <token name="T_PHPDOX_COMMA">,</token>
    <token name="T_WHITESPACE"> </token>
    <token name="T_VARIABLE">$resCuis</token>
    <token name="T_OBJECT_OPERATOR">-&gt;</token>
    <token name="T_STRING">RespuestaCuis</token>
    <token name="T_OBJECT_OPERATOR">-&gt;</token>
    <token name="T_STRING">codigo</token>
    <token name="T_PHPDOX_CLOSE_BRACKET">)</token>
    <token name="T_PHPDOX_SEMICOLON">;</token>
  </line>
  <line no="462">
    <token name="T_WHITESPACE">	</token>
  </line>
  <line no="463">
    <token name="T_WHITESPACE">	</token>
    <token name="T_VARIABLE">$service</token>
    <token name="T_WHITESPACE"> </token>
    <token name="T_PHPDOX_EQUAL">=</token>
    <token name="T_WHITESPACE"> </token>
    <token name="T_NEW">new</token>
    <token name="T_WHITESPACE"> </token>
    <token name="T_STRING">ServicioFacturacionComputarizada</token>
    <token name="T_PHPDOX_OPEN_BRACKET">(</token>
  </line>
  <line no="464">
    <token name="T_WHITESPACE">		</token>
    <token name="T_VARIABLE">$resCuis</token>
    <token name="T_OBJECT_OPERATOR">-&gt;</token>
    <token name="T_STRING">RespuestaCuis</token>
    <token name="T_OBJECT_OPERATOR">-&gt;</token>
    <token name="T_STRING">codigo</token>
    <token name="T_PHPDOX_COMMA">,</token>
  </line>
  <line no="465">
    <token name="T_WHITESPACE">		</token>
    <token name="T_VARIABLE">$resCufd</token>
    <token name="T_OBJECT_OPERATOR">-&gt;</token>
    <token name="T_STRING">RespuestaCufd</token>
    <token name="T_OBJECT_OPERATOR">-&gt;</token>
    <token name="T_STRING">codigo</token>
  </line>
  <line no="466">
    <token name="T_WHITESPACE">	</token>
    <token name="T_PHPDOX_CLOSE_BRACKET">)</token>
    <token name="T_PHPDOX_SEMICOLON">;</token>
  </line>
  <line no="467">
    <token name="T_WHITESPACE">	</token>
    <token name="T_VARIABLE">$service</token>
    <token name="T_OBJECT_OPERATOR">-&gt;</token>
    <token name="T_STRING">setConfig</token>
    <token name="T_PHPDOX_OPEN_BRACKET">(</token>
    <token name="T_ARRAY_CAST">(array)</token>
    <token name="T_VARIABLE">$config</token>
    <token name="T_PHPDOX_CLOSE_BRACKET">)</token>
    <token name="T_PHPDOX_SEMICOLON">;</token>
  </line>
  <line no="468">
    <token name="T_WHITESPACE">	</token>
    <token name="T_COMMENT">//$service-&gt;codigoControl = $resCufd-&gt;RespuestaCufd-&gt;codigoControl;</token>
  </line>
  <line no="469">
    <token name="T_WHITESPACE">	</token>
    <token name="T_VARIABLE">$res</token>
    <token name="T_WHITESPACE"> </token>
    <token name="T_PHPDOX_EQUAL">=</token>
    <token name="T_WHITESPACE"> </token>
    <token name="T_VARIABLE">$service</token>
    <token name="T_OBJECT_OPERATOR">-&gt;</token>
    <token name="T_STRING">validacionRecepcionPaqueteFactura</token>
    <token name="T_PHPDOX_OPEN_BRACKET">(</token>
    <token name="T_VARIABLE">$codigoSucursal</token>
    <token name="T_PHPDOX_COMMA">,</token>
    <token name="T_WHITESPACE"> </token>
    <token name="T_VARIABLE">$codigoPuntoVenta</token>
    <token name="T_PHPDOX_COMMA">,</token>
    <token name="T_WHITESPACE"> </token>
    <token name="T_VARIABLE">$codigoRecepcion</token>
    <token name="T_PHPDOX_COMMA">,</token>
    <token name="T_WHITESPACE"> </token>
    <token name="T_VARIABLE">$tipoFactura</token>
    <token name="T_PHPDOX_COMMA">,</token>
    <token name="T_WHITESPACE"> </token>
    <token name="T_VARIABLE">$documentoSector</token>
    <token name="T_PHPDOX_CLOSE_BRACKET">)</token>
    <token name="T_PHPDOX_SEMICOLON">;</token>
  </line>
  <line no="470">
    <token name="T_WHITESPACE">	</token>
  </line>
  <line no="471">
    <token name="T_WHITESPACE">	</token>
    <token name="T_WHILE">while</token>
    <token name="T_PHPDOX_OPEN_BRACKET">(</token>
    <token name="T_WHITESPACE"> </token>
    <token name="T_VARIABLE">$res</token>
    <token name="T_OBJECT_OPERATOR">-&gt;</token>
    <token name="T_STRING">RespuestaServicioFacturacion</token>
    <token name="T_OBJECT_OPERATOR">-&gt;</token>
    <token name="T_STRING">codigoDescripcion</token>
    <token name="T_WHITESPACE"> </token>
    <token name="T_IS_EQUAL">==</token>
    <token name="T_WHITESPACE"> </token>
    <token name="T_CONSTANT_ENCAPSED_STRING">'PENDIENTE'</token>
    <token name="T_WHITESPACE"> </token>
    <token name="T_PHPDOX_CLOSE_BRACKET">)</token>
  </line>
  <line no="472">
    <token name="T_WHITESPACE">	</token>
    <token name="T_PHPDOX_OPEN_CURLY">{</token>
  </line>
  <line no="473">
    <token name="T_WHITESPACE">		</token>
    <token name="T_ECHO">echo</token>
    <token name="T_WHITESPACE"> </token>
    <token name="T_CONSTANT_ENCAPSED_STRING">"REINTENTANTO RESPUESTA RECEPCION PAQUETE\n=====================\n"</token>
    <token name="T_PHPDOX_SEMICOLON">;</token>
  </line>
  <line no="474">
    <token name="T_WHITESPACE">		</token>
    <token name="T_VARIABLE">$res</token>
    <token name="T_WHITESPACE"> </token>
    <token name="T_PHPDOX_EQUAL">=</token>
    <token name="T_WHITESPACE"> </token>
    <token name="T_STRING">testRecepcionPaquete</token>
    <token name="T_PHPDOX_OPEN_BRACKET">(</token>
    <token name="T_VARIABLE">$codigoSucursal</token>
    <token name="T_PHPDOX_COMMA">,</token>
    <token name="T_WHITESPACE"> </token>
    <token name="T_VARIABLE">$codigoPuntoVenta</token>
    <token name="T_PHPDOX_COMMA">,</token>
    <token name="T_WHITESPACE"> </token>
    <token name="T_VARIABLE">$documentoSector</token>
    <token name="T_PHPDOX_COMMA">,</token>
    <token name="T_WHITESPACE"> </token>
    <token name="T_VARIABLE">$tipoFactura</token>
    <token name="T_PHPDOX_COMMA">,</token>
    <token name="T_WHITESPACE"> </token>
    <token name="T_VARIABLE">$codigoRecepcion</token>
    <token name="T_PHPDOX_CLOSE_BRACKET">)</token>
    <token name="T_PHPDOX_SEMICOLON">;</token>
  </line>
  <line no="475">
    <token name="T_WHITESPACE">	</token>
    <token name="T_PHPDOX_CLOSE_CURLY">}</token>
  </line>
  <line no="476">
    <token name="T_WHITESPACE">	</token>
    <token name="T_ECHO">echo</token>
    <token name="T_WHITESPACE"> </token>
    <token name="T_CONSTANT_ENCAPSED_STRING">"RESPUESTA RECEPCION PAQUETE\n=====================\n"</token>
    <token name="T_PHPDOX_SEMICOLON">;</token>
  </line>
  <line no="477">
    <token name="T_WHITESPACE">	</token>
    <token name="T_STRING">print_r</token>
    <token name="T_PHPDOX_OPEN_BRACKET">(</token>
    <token name="T_VARIABLE">$res</token>
    <token name="T_PHPDOX_CLOSE_BRACKET">)</token>
    <token name="T_PHPDOX_SEMICOLON">;</token>
  </line>
  <line no="478">
    <token name="T_WHITESPACE">	</token>
    <token name="T_RETURN">return</token>
    <token name="T_WHITESPACE"> </token>
    <token name="T_VARIABLE">$res</token>
    <token name="T_PHPDOX_SEMICOLON">;</token>
  </line>
  <line no="479">
    <token name="T_PHPDOX_CLOSE_CURLY">}</token>
  </line>
  <line no="480">
    <token name="T_FUNCTION">function</token>
    <token name="T_WHITESPACE"> </token>
    <token name="T_STRING">testFirma</token>
    <token name="T_PHPDOX_OPEN_BRACKET">(</token>
    <token name="T_VARIABLE">$sucursal</token>
    <token name="T_PHPDOX_COMMA">,</token>
    <token name="T_WHITESPACE"> </token>
    <token name="T_VARIABLE">$puntoventa</token>
    <token name="T_PHPDOX_COMMA">,</token>
    <token name="T_WHITESPACE"> </token>
    <token name="T_STRING">SiatInvoice</token>
    <token name="T_WHITESPACE"> </token>
    <token name="T_VARIABLE">$factura</token>
    <token name="T_PHPDOX_COMMA">,</token>
    <token name="T_WHITESPACE"> </token>
    <token name="T_VARIABLE">$tipoFactura</token>
    <token name="T_PHPDOX_CLOSE_BRACKET">)</token>
  </line>
  <line no="481">
    <token name="T_PHPDOX_OPEN_CURLY">{</token>
  </line>
  <line no="482">
    <token name="T_WHITESPACE">	</token>
    <token name="T_GLOBAL">global</token>
    <token name="T_WHITESPACE"> </token>
    <token name="T_VARIABLE">$config</token>
    <token name="T_PHPDOX_SEMICOLON">;</token>
  </line>
  <line no="483">
    <token name="T_WHITESPACE">	</token>
  </line>
  <line no="484">
    <token name="T_WHITESPACE">	</token>
    <token name="T_COMMENT">//$pubCert 	= MOD_SIAT_DIR . SB_DS . 'certs' . SB_DS . 'gemgloo-publickey.pem';</token>
  </line>
  <line no="485">
    <token name="T_WHITESPACE">	</token>
    <token name="T_COMMENT">//$privCert 	= MOD_SIAT_DIR . SB_DS . 'certs' . SB_DS . 'GemgloosSA.pem';</token>
  </line>
  <line no="486">
    <token name="T_WHITESPACE">	</token>
    <token name="T_COMMENT">//echo $privCert, "\n";</token>
  </line>
  <line no="487">
    <token name="T_WHITESPACE">	</token>
  </line>
  <line no="488">
    <token name="T_WHITESPACE">	</token>
    <token name="T_VARIABLE">$config</token>
    <token name="T_OBJECT_OPERATOR">-&gt;</token>
    <token name="T_STRING">modalidad</token>
    <token name="T_WHITESPACE"> 	</token>
    <token name="T_PHPDOX_EQUAL">=</token>
    <token name="T_WHITESPACE"> </token>
    <token name="T_STRING">ServicioSiat</token>
    <token name="T_DOUBLE_COLON">::</token>
    <token name="T_STRING">MOD_ELECTRONICA_ENLINEA</token>
    <token name="T_PHPDOX_SEMICOLON">;</token>
  </line>
  <line no="489">
    <token name="T_WHITESPACE">	</token>
  </line>
  <line no="490">
    <token name="T_WHITESPACE">	</token>
    <token name="T_VARIABLE">$resCuis</token>
    <token name="T_WHITESPACE"> </token>
    <token name="T_PHPDOX_EQUAL">=</token>
    <token name="T_WHITESPACE"> </token>
    <token name="T_STRING">obtenerCuis</token>
    <token name="T_PHPDOX_OPEN_BRACKET">(</token>
    <token name="T_VARIABLE">$puntoventa</token>
    <token name="T_PHPDOX_COMMA">,</token>
    <token name="T_WHITESPACE"> </token>
    <token name="T_VARIABLE">$sucursal</token>
    <token name="T_PHPDOX_CLOSE_BRACKET">)</token>
    <token name="T_PHPDOX_SEMICOLON">;</token>
  </line>
  <line no="491">
    <token name="T_WHITESPACE">	</token>
    <token name="T_VARIABLE">$resCufd</token>
    <token name="T_WHITESPACE"> </token>
    <token name="T_PHPDOX_EQUAL">=</token>
    <token name="T_WHITESPACE"> </token>
    <token name="T_STRING">obtenerCufd</token>
    <token name="T_PHPDOX_OPEN_BRACKET">(</token>
    <token name="T_VARIABLE">$puntoventa</token>
    <token name="T_PHPDOX_COMMA">,</token>
    <token name="T_WHITESPACE"> </token>
    <token name="T_VARIABLE">$sucursal</token>
    <token name="T_PHPDOX_COMMA">,</token>
    <token name="T_WHITESPACE"> </token>
    <token name="T_VARIABLE">$resCuis</token>
    <token name="T_OBJECT_OPERATOR">-&gt;</token>
    <token name="T_STRING">RespuestaCuis</token>
    <token name="T_OBJECT_OPERATOR">-&gt;</token>
    <token name="T_STRING">codigo</token>
    <token name="T_PHPDOX_CLOSE_BRACKET">)</token>
    <token name="T_PHPDOX_SEMICOLON">;</token>
  </line>
  <line no="492"/>
  <line no="493">
    <token name="T_WHITESPACE">	</token>
    <token name="T_ECHO">echo</token>
    <token name="T_WHITESPACE"> </token>
    <token name="T_CONSTANT_ENCAPSED_STRING">"Codigo CUIS: "</token>
    <token name="T_PHPDOX_COMMA">,</token>
    <token name="T_WHITESPACE"> </token>
    <token name="T_VARIABLE">$resCuis</token>
    <token name="T_OBJECT_OPERATOR">-&gt;</token>
    <token name="T_STRING">RespuestaCuis</token>
    <token name="T_OBJECT_OPERATOR">-&gt;</token>
    <token name="T_STRING">codigo</token>
    <token name="T_PHPDOX_COMMA">,</token>
    <token name="T_WHITESPACE"> </token>
    <token name="T_CONSTANT_ENCAPSED_STRING">"\n"</token>
    <token name="T_PHPDOX_SEMICOLON">;</token>
  </line>
  <line no="494">
    <token name="T_WHITESPACE">	</token>
    <token name="T_ECHO">echo</token>
    <token name="T_WHITESPACE"> </token>
    <token name="T_CONSTANT_ENCAPSED_STRING">"Codigo CUFD: "</token>
    <token name="T_PHPDOX_COMMA">,</token>
    <token name="T_WHITESPACE"> </token>
    <token name="T_VARIABLE">$resCufd</token>
    <token name="T_OBJECT_OPERATOR">-&gt;</token>
    <token name="T_STRING">RespuestaCufd</token>
    <token name="T_OBJECT_OPERATOR">-&gt;</token>
    <token name="T_STRING">codigo</token>
    <token name="T_PHPDOX_COMMA">,</token>
    <token name="T_WHITESPACE"> </token>
    <token name="T_CONSTANT_ENCAPSED_STRING">"\n"</token>
    <token name="T_PHPDOX_SEMICOLON">;</token>
  </line>
  <line no="495">
    <token name="T_WHITESPACE">	</token>
    <token name="T_ECHO">echo</token>
    <token name="T_WHITESPACE"> </token>
    <token name="T_CONSTANT_ENCAPSED_STRING">"Codigo Control: "</token>
    <token name="T_PHPDOX_COMMA">,</token>
    <token name="T_WHITESPACE"> </token>
    <token name="T_VARIABLE">$resCufd</token>
    <token name="T_OBJECT_OPERATOR">-&gt;</token>
    <token name="T_STRING">RespuestaCufd</token>
    <token name="T_OBJECT_OPERATOR">-&gt;</token>
    <token name="T_STRING">codigoControl</token>
    <token name="T_PHPDOX_COMMA">,</token>
    <token name="T_WHITESPACE"> </token>
    <token name="T_CONSTANT_ENCAPSED_STRING">"\n"</token>
    <token name="T_PHPDOX_SEMICOLON">;</token>
  </line>
  <line no="496">
    <token name="T_WHITESPACE">	</token>
  </line>
  <line no="497">
    <token name="T_WHITESPACE">	</token>
    <token name="T_VARIABLE">$service</token>
    <token name="T_WHITESPACE"> </token>
    <token name="T_PHPDOX_EQUAL">=</token>
    <token name="T_WHITESPACE"> </token>
    <token name="T_NEW">new</token>
    <token name="T_WHITESPACE"> </token>
    <token name="T_STRING">ServicioFacturacionElectronica</token>
    <token name="T_PHPDOX_OPEN_BRACKET">(</token>
    <token name="T_VARIABLE">$resCuis</token>
    <token name="T_OBJECT_OPERATOR">-&gt;</token>
    <token name="T_STRING">RespuestaCuis</token>
    <token name="T_OBJECT_OPERATOR">-&gt;</token>
    <token name="T_STRING">codigo</token>
    <token name="T_PHPDOX_COMMA">,</token>
    <token name="T_WHITESPACE"> </token>
    <token name="T_VARIABLE">$resCufd</token>
    <token name="T_OBJECT_OPERATOR">-&gt;</token>
    <token name="T_STRING">RespuestaCufd</token>
    <token name="T_OBJECT_OPERATOR">-&gt;</token>
    <token name="T_STRING">codigo</token>
    <token name="T_PHPDOX_COMMA">,</token>
    <token name="T_WHITESPACE"> </token>
    <token name="T_VARIABLE">$config</token>
    <token name="T_OBJECT_OPERATOR">-&gt;</token>
    <token name="T_STRING">tokenDelegado</token>
    <token name="T_PHPDOX_CLOSE_BRACKET">)</token>
    <token name="T_PHPDOX_SEMICOLON">;</token>
  </line>
  <line no="498">
    <token name="T_WHITESPACE">	</token>
    <token name="T_VARIABLE">$service</token>
    <token name="T_OBJECT_OPERATOR">-&gt;</token>
    <token name="T_STRING">setConfig</token>
    <token name="T_PHPDOX_OPEN_BRACKET">(</token>
    <token name="T_ARRAY_CAST">(array)</token>
    <token name="T_VARIABLE">$config</token>
    <token name="T_PHPDOX_CLOSE_BRACKET">)</token>
    <token name="T_PHPDOX_SEMICOLON">;</token>
  </line>
  <line no="499">
    <token name="T_WHITESPACE">	</token>
    <token name="T_VARIABLE">$service</token>
    <token name="T_OBJECT_OPERATOR">-&gt;</token>
    <token name="T_STRING">codigoControl</token>
    <token name="T_WHITESPACE"> </token>
    <token name="T_PHPDOX_EQUAL">=</token>
    <token name="T_WHITESPACE"> </token>
    <token name="T_VARIABLE">$resCufd</token>
    <token name="T_OBJECT_OPERATOR">-&gt;</token>
    <token name="T_STRING">RespuestaCufd</token>
    <token name="T_OBJECT_OPERATOR">-&gt;</token>
    <token name="T_STRING">codigoControl</token>
    <token name="T_PHPDOX_SEMICOLON">;</token>
  </line>
  <line no="500">
    <token name="T_WHITESPACE">	</token>
    <token name="T_VARIABLE">$service</token>
    <token name="T_OBJECT_OPERATOR">-&gt;</token>
    <token name="T_STRING">setPrivateCertificateFile</token>
    <token name="T_PHPDOX_OPEN_BRACKET">(</token>
    <token name="T_VARIABLE">$config</token>
    <token name="T_OBJECT_OPERATOR">-&gt;</token>
    <token name="T_STRING">privCert</token>
    <token name="T_PHPDOX_CLOSE_BRACKET">)</token>
    <token name="T_PHPDOX_SEMICOLON">;</token>
  </line>
  <line no="501">
    <token name="T_WHITESPACE">	</token>
    <token name="T_VARIABLE">$service</token>
    <token name="T_OBJECT_OPERATOR">-&gt;</token>
    <token name="T_STRING">setPublicCertificateFile</token>
    <token name="T_PHPDOX_OPEN_BRACKET">(</token>
    <token name="T_VARIABLE">$config</token>
    <token name="T_OBJECT_OPERATOR">-&gt;</token>
    <token name="T_STRING">pubCert</token>
    <token name="T_PHPDOX_CLOSE_BRACKET">)</token>
    <token name="T_PHPDOX_SEMICOLON">;</token>
  </line>
  <line no="502">
    <token name="T_WHITESPACE">	</token>
    <token name="T_VARIABLE">$service</token>
    <token name="T_OBJECT_OPERATOR">-&gt;</token>
    <token name="T_STRING">debug</token>
    <token name="T_WHITESPACE"> </token>
    <token name="T_PHPDOX_EQUAL">=</token>
    <token name="T_WHITESPACE"> </token>
    <token name="T_PHPDOX_EXCLAMATION_MARK">!</token>
    <token name="T_STRING">true</token>
    <token name="T_PHPDOX_SEMICOLON">;</token>
  </line>
  <line no="503">
    <token name="T_WHITESPACE">	</token>
  </line>
  <line no="504">
    <token name="T_WHITESPACE">	</token>
    <token name="T_VARIABLE">$tipoEmision</token>
    <token name="T_WHITESPACE"> 			</token>
    <token name="T_PHPDOX_EQUAL">=</token>
    <token name="T_WHITESPACE"> </token>
    <token name="T_STRING">SiatInvoice</token>
    <token name="T_DOUBLE_COLON">::</token>
    <token name="T_STRING">TIPO_EMISION_ONLINE</token>
    <token name="T_PHPDOX_SEMICOLON">;</token>
  </line>
  <line no="505">
    <token name="T_WHITESPACE">	</token>
    <token name="T_VARIABLE">$res</token>
    <token name="T_WHITESPACE"> </token>
    <token name="T_PHPDOX_EQUAL">=</token>
    <token name="T_WHITESPACE"> </token>
    <token name="T_VARIABLE">$service</token>
    <token name="T_OBJECT_OPERATOR">-&gt;</token>
    <token name="T_STRING">recepcionFactura</token>
    <token name="T_PHPDOX_OPEN_BRACKET">(</token>
    <token name="T_VARIABLE">$factura</token>
    <token name="T_PHPDOX_COMMA">,</token>
    <token name="T_WHITESPACE"> </token>
    <token name="T_VARIABLE">$tipoEmision</token>
    <token name="T_PHPDOX_COMMA">,</token>
    <token name="T_WHITESPACE"> </token>
    <token name="T_VARIABLE">$tipoFactura</token>
    <token name="T_PHPDOX_CLOSE_BRACKET">)</token>
    <token name="T_PHPDOX_SEMICOLON">;</token>
  </line>
  <line no="506">
    <token name="T_WHITESPACE">	</token>
  </line>
  <line no="507">
    <token name="T_WHITESPACE">	</token>
    <token name="T_RETURN">return</token>
    <token name="T_WHITESPACE"> </token>
    <token name="T_VARIABLE">$res</token>
    <token name="T_PHPDOX_SEMICOLON">;</token>
  </line>
  <line no="508">
    <token name="T_PHPDOX_CLOSE_CURLY">}</token>
  </line>
  <line no="509">
    <token name="T_FUNCTION">function</token>
    <token name="T_WHITESPACE"> </token>
    <token name="T_STRING">testMasiva</token>
    <token name="T_PHPDOX_OPEN_BRACKET">(</token>
    <token name="T_VARIABLE">$codigoSucursal</token>
    <token name="T_PHPDOX_COMMA">,</token>
    <token name="T_WHITESPACE"> </token>
    <token name="T_VARIABLE">$codigoPuntoVenta</token>
    <token name="T_PHPDOX_COMMA">,</token>
    <token name="T_WHITESPACE"> </token>
    <token name="T_VARIABLE">$documentoSector</token>
    <token name="T_PHPDOX_COMMA">,</token>
    <token name="T_WHITESPACE"> </token>
    <token name="T_VARIABLE">$facturas</token>
    <token name="T_PHPDOX_COMMA">,</token>
    <token name="T_WHITESPACE"> </token>
    <token name="T_VARIABLE">$tipoFactura</token>
    <token name="T_PHPDOX_CLOSE_BRACKET">)</token>
  </line>
  <line no="510">
    <token name="T_PHPDOX_OPEN_CURLY">{</token>
  </line>
  <line no="511">
    <token name="T_WHITESPACE">	</token>
    <token name="T_GLOBAL">global</token>
    <token name="T_WHITESPACE"> </token>
    <token name="T_VARIABLE">$config</token>
    <token name="T_PHPDOX_SEMICOLON">;</token>
  </line>
  <line no="512">
    <token name="T_WHITESPACE">	</token>
  </line>
  <line no="513">
    <token name="T_WHITESPACE">	</token>
    <token name="T_VARIABLE">$resCuis</token>
    <token name="T_WHITESPACE"> </token>
    <token name="T_PHPDOX_EQUAL">=</token>
    <token name="T_WHITESPACE"> </token>
    <token name="T_STRING">obtenerCuis</token>
    <token name="T_PHPDOX_OPEN_BRACKET">(</token>
    <token name="T_VARIABLE">$codigoPuntoVenta</token>
    <token name="T_PHPDOX_COMMA">,</token>
    <token name="T_WHITESPACE"> </token>
    <token name="T_VARIABLE">$codigoSucursal</token>
    <token name="T_PHPDOX_CLOSE_BRACKET">)</token>
    <token name="T_PHPDOX_SEMICOLON">;</token>
  </line>
  <line no="514">
    <token name="T_WHITESPACE">	</token>
    <token name="T_VARIABLE">$resCufd</token>
    <token name="T_WHITESPACE"> </token>
    <token name="T_PHPDOX_EQUAL">=</token>
    <token name="T_WHITESPACE"> </token>
    <token name="T_STRING">obtenerCufd</token>
    <token name="T_PHPDOX_OPEN_BRACKET">(</token>
    <token name="T_VARIABLE">$codigoPuntoVenta</token>
    <token name="T_PHPDOX_COMMA">,</token>
    <token name="T_WHITESPACE"> </token>
    <token name="T_VARIABLE">$codigoSucursal</token>
    <token name="T_PHPDOX_COMMA">,</token>
    <token name="T_WHITESPACE"> </token>
    <token name="T_VARIABLE">$resCuis</token>
    <token name="T_OBJECT_OPERATOR">-&gt;</token>
    <token name="T_STRING">RespuestaCuis</token>
    <token name="T_OBJECT_OPERATOR">-&gt;</token>
    <token name="T_STRING">codigo</token>
    <token name="T_PHPDOX_CLOSE_BRACKET">)</token>
    <token name="T_PHPDOX_SEMICOLON">;</token>
  </line>
  <line no="515">
    <token name="T_WHITESPACE">	</token>
  </line>
  <line no="516">
    <token name="T_WHITESPACE">	</token>
    <token name="T_ECHO">echo</token>
    <token name="T_WHITESPACE"> </token>
    <token name="T_CONSTANT_ENCAPSED_STRING">"Codigo CUIS: "</token>
    <token name="T_PHPDOX_COMMA">,</token>
    <token name="T_WHITESPACE"> </token>
    <token name="T_VARIABLE">$resCuis</token>
    <token name="T_OBJECT_OPERATOR">-&gt;</token>
    <token name="T_STRING">RespuestaCuis</token>
    <token name="T_OBJECT_OPERATOR">-&gt;</token>
    <token name="T_STRING">codigo</token>
    <token name="T_PHPDOX_COMMA">,</token>
    <token name="T_WHITESPACE"> </token>
    <token name="T_CONSTANT_ENCAPSED_STRING">"\n"</token>
    <token name="T_PHPDOX_SEMICOLON">;</token>
  </line>
  <line no="517">
    <token name="T_WHITESPACE">	</token>
    <token name="T_ECHO">echo</token>
    <token name="T_WHITESPACE"> </token>
    <token name="T_CONSTANT_ENCAPSED_STRING">"Codigo CUFD: "</token>
    <token name="T_PHPDOX_COMMA">,</token>
    <token name="T_WHITESPACE"> </token>
    <token name="T_VARIABLE">$resCufd</token>
    <token name="T_OBJECT_OPERATOR">-&gt;</token>
    <token name="T_STRING">RespuestaCufd</token>
    <token name="T_OBJECT_OPERATOR">-&gt;</token>
    <token name="T_STRING">codigo</token>
    <token name="T_PHPDOX_COMMA">,</token>
    <token name="T_WHITESPACE"> </token>
    <token name="T_CONSTANT_ENCAPSED_STRING">"\n"</token>
    <token name="T_PHPDOX_SEMICOLON">;</token>
  </line>
  <line no="518">
    <token name="T_WHITESPACE">	</token>
    <token name="T_ECHO">echo</token>
    <token name="T_WHITESPACE"> </token>
    <token name="T_CONSTANT_ENCAPSED_STRING">"Codigo Control: "</token>
    <token name="T_PHPDOX_COMMA">,</token>
    <token name="T_WHITESPACE"> </token>
    <token name="T_VARIABLE">$resCufd</token>
    <token name="T_OBJECT_OPERATOR">-&gt;</token>
    <token name="T_STRING">RespuestaCufd</token>
    <token name="T_OBJECT_OPERATOR">-&gt;</token>
    <token name="T_STRING">codigoControl</token>
    <token name="T_PHPDOX_COMMA">,</token>
    <token name="T_WHITESPACE"> </token>
    <token name="T_CONSTANT_ENCAPSED_STRING">"\n"</token>
    <token name="T_PHPDOX_SEMICOLON">;</token>
  </line>
  <line no="519">
    <token name="T_WHITESPACE">	</token>
  </line>
  <line no="520">
    <token name="T_WHITESPACE">	</token>
    <token name="T_VARIABLE">$service</token>
    <token name="T_WHITESPACE"> </token>
    <token name="T_PHPDOX_EQUAL">=</token>
    <token name="T_WHITESPACE"> </token>
    <token name="T_VARIABLE">$config</token>
    <token name="T_OBJECT_OPERATOR">-&gt;</token>
    <token name="T_STRING">modalidad</token>
    <token name="T_WHITESPACE"> </token>
    <token name="T_IS_EQUAL">==</token>
    <token name="T_WHITESPACE"> </token>
    <token name="T_STRING">ServicioSiat</token>
    <token name="T_DOUBLE_COLON">::</token>
    <token name="T_STRING">MOD_ELECTRONICA_ENLINEA</token>
    <token name="T_WHITESPACE"> </token>
    <token name="T_PHPDOX_QUESTION_MARK">?</token>
    <token name="T_WHITESPACE"> </token>
  </line>
  <line no="521">
    <token name="T_WHITESPACE">		</token>
    <token name="T_NEW">new</token>
    <token name="T_WHITESPACE"> </token>
    <token name="T_STRING">ServicioFacturacionElectronica</token>
    <token name="T_PHPDOX_OPEN_BRACKET">(</token>
    <token name="T_VARIABLE">$resCuis</token>
    <token name="T_OBJECT_OPERATOR">-&gt;</token>
    <token name="T_STRING">RespuestaCuis</token>
    <token name="T_OBJECT_OPERATOR">-&gt;</token>
    <token name="T_STRING">codigo</token>
    <token name="T_PHPDOX_COMMA">,</token>
    <token name="T_WHITESPACE"> </token>
    <token name="T_VARIABLE">$resCufd</token>
    <token name="T_OBJECT_OPERATOR">-&gt;</token>
    <token name="T_STRING">RespuestaCufd</token>
    <token name="T_OBJECT_OPERATOR">-&gt;</token>
    <token name="T_STRING">codigo</token>
    <token name="T_PHPDOX_CLOSE_BRACKET">)</token>
    <token name="T_WHITESPACE"> </token>
    <token name="T_PHPDOX_COLON">:</token>
  </line>
  <line no="522">
    <token name="T_WHITESPACE">		</token>
    <token name="T_NEW">new</token>
    <token name="T_WHITESPACE"> </token>
    <token name="T_STRING">ServicioFacturacionComputarizada</token>
    <token name="T_PHPDOX_OPEN_BRACKET">(</token>
    <token name="T_VARIABLE">$resCuis</token>
    <token name="T_OBJECT_OPERATOR">-&gt;</token>
    <token name="T_STRING">RespuestaCuis</token>
    <token name="T_OBJECT_OPERATOR">-&gt;</token>
    <token name="T_STRING">codigo</token>
    <token name="T_PHPDOX_COMMA">,</token>
    <token name="T_WHITESPACE"> </token>
    <token name="T_VARIABLE">$resCufd</token>
    <token name="T_OBJECT_OPERATOR">-&gt;</token>
    <token name="T_STRING">RespuestaCufd</token>
    <token name="T_OBJECT_OPERATOR">-&gt;</token>
    <token name="T_STRING">codigo</token>
    <token name="T_PHPDOX_CLOSE_BRACKET">)</token>
    <token name="T_PHPDOX_SEMICOLON">;</token>
  </line>
  <line no="523">
    <token name="T_WHITESPACE">	</token>
    <token name="T_VARIABLE">$service</token>
    <token name="T_OBJECT_OPERATOR">-&gt;</token>
    <token name="T_STRING">setConfig</token>
    <token name="T_PHPDOX_OPEN_BRACKET">(</token>
    <token name="T_ARRAY_CAST">(array)</token>
    <token name="T_VARIABLE">$config</token>
    <token name="T_PHPDOX_CLOSE_BRACKET">)</token>
    <token name="T_PHPDOX_SEMICOLON">;</token>
  </line>
  <line no="524">
    <token name="T_WHITESPACE">	</token>
    <token name="T_VARIABLE">$service</token>
    <token name="T_OBJECT_OPERATOR">-&gt;</token>
    <token name="T_STRING">codigoControl</token>
    <token name="T_WHITESPACE"> </token>
    <token name="T_PHPDOX_EQUAL">=</token>
    <token name="T_WHITESPACE"> </token>
    <token name="T_VARIABLE">$resCufd</token>
    <token name="T_OBJECT_OPERATOR">-&gt;</token>
    <token name="T_STRING">RespuestaCufd</token>
    <token name="T_OBJECT_OPERATOR">-&gt;</token>
    <token name="T_STRING">codigoControl</token>
    <token name="T_PHPDOX_SEMICOLON">;</token>
  </line>
  <line no="525">
    <token name="T_WHITESPACE">	</token>
    <token name="T_VARIABLE">$res</token>
    <token name="T_WHITESPACE"> </token>
    <token name="T_PHPDOX_EQUAL">=</token>
    <token name="T_WHITESPACE"> </token>
    <token name="T_VARIABLE">$service</token>
    <token name="T_OBJECT_OPERATOR">-&gt;</token>
    <token name="T_STRING">recepcionMasivaFactura</token>
    <token name="T_PHPDOX_OPEN_BRACKET">(</token>
  </line>
  <line no="526">
    <token name="T_WHITESPACE">		</token>
    <token name="T_VARIABLE">$facturas</token>
    <token name="T_PHPDOX_COMMA">,</token>
  </line>
  <line no="527">
    <token name="T_WHITESPACE">		</token>
    <token name="T_STRING">SiatInvoice</token>
    <token name="T_DOUBLE_COLON">::</token>
    <token name="T_STRING">TIPO_EMISION_MASIVA</token>
    <token name="T_PHPDOX_COMMA">,</token>
  </line>
  <line no="528">
    <token name="T_WHITESPACE">		</token>
    <token name="T_VARIABLE">$tipoFactura</token>
  </line>
  <line no="529">
    <token name="T_WHITESPACE">	</token>
    <token name="T_PHPDOX_CLOSE_BRACKET">)</token>
    <token name="T_PHPDOX_SEMICOLON">;</token>
  </line>
  <line no="530">
    <token name="T_WHITESPACE">	</token>
    <token name="T_STRING">print_r</token>
    <token name="T_PHPDOX_OPEN_BRACKET">(</token>
    <token name="T_VARIABLE">$res</token>
    <token name="T_PHPDOX_CLOSE_BRACKET">)</token>
    <token name="T_PHPDOX_SEMICOLON">;</token>
  </line>
  <line no="531">
    <token name="T_WHITESPACE">	</token>
    <token name="T_RETURN">return</token>
    <token name="T_WHITESPACE"> </token>
    <token name="T_VARIABLE">$res</token>
    <token name="T_PHPDOX_SEMICOLON">;</token>
  </line>
  <line no="532">
    <token name="T_PHPDOX_CLOSE_CURLY">}</token>
  </line>
  <line no="533">
    <token name="T_FUNCTION">function</token>
    <token name="T_WHITESPACE"> </token>
    <token name="T_STRING">testRecepcionMasiva</token>
    <token name="T_PHPDOX_OPEN_BRACKET">(</token>
    <token name="T_VARIABLE">$codigoSucursal</token>
    <token name="T_PHPDOX_COMMA">,</token>
    <token name="T_WHITESPACE"> </token>
    <token name="T_VARIABLE">$codigoPuntoVenta</token>
    <token name="T_PHPDOX_COMMA">,</token>
    <token name="T_WHITESPACE"> </token>
    <token name="T_VARIABLE">$documentoSector</token>
    <token name="T_PHPDOX_COMMA">,</token>
    <token name="T_WHITESPACE"> </token>
    <token name="T_VARIABLE">$tipoFactura</token>
    <token name="T_PHPDOX_COMMA">,</token>
    <token name="T_WHITESPACE"> </token>
    <token name="T_VARIABLE">$codigoRecepcion</token>
    <token name="T_PHPDOX_CLOSE_BRACKET">)</token>
  </line>
  <line no="534">
    <token name="T_PHPDOX_OPEN_CURLY">{</token>
  </line>
  <line no="535">
    <token name="T_WHITESPACE">	</token>
    <token name="T_GLOBAL">global</token>
    <token name="T_WHITESPACE"> </token>
    <token name="T_VARIABLE">$config</token>
    <token name="T_PHPDOX_SEMICOLON">;</token>
  </line>
  <line no="536">
    <token name="T_WHITESPACE">	</token>
  </line>
  <line no="537">
    <token name="T_WHITESPACE">	</token>
    <token name="T_VARIABLE">$resCuis</token>
    <token name="T_WHITESPACE"> </token>
    <token name="T_PHPDOX_EQUAL">=</token>
    <token name="T_WHITESPACE"> </token>
    <token name="T_STRING">obtenerCuis</token>
    <token name="T_PHPDOX_OPEN_BRACKET">(</token>
    <token name="T_VARIABLE">$codigoPuntoVenta</token>
    <token name="T_PHPDOX_COMMA">,</token>
    <token name="T_WHITESPACE"> </token>
    <token name="T_VARIABLE">$codigoSucursal</token>
    <token name="T_PHPDOX_CLOSE_BRACKET">)</token>
    <token name="T_PHPDOX_SEMICOLON">;</token>
  </line>
  <line no="538">
    <token name="T_WHITESPACE">	</token>
    <token name="T_VARIABLE">$resCufd</token>
    <token name="T_WHITESPACE"> </token>
    <token name="T_PHPDOX_EQUAL">=</token>
    <token name="T_WHITESPACE"> </token>
    <token name="T_STRING">obtenerCufd</token>
    <token name="T_PHPDOX_OPEN_BRACKET">(</token>
    <token name="T_VARIABLE">$codigoPuntoVenta</token>
    <token name="T_PHPDOX_COMMA">,</token>
    <token name="T_WHITESPACE"> </token>
    <token name="T_VARIABLE">$codigoSucursal</token>
    <token name="T_PHPDOX_COMMA">,</token>
    <token name="T_WHITESPACE"> </token>
    <token name="T_VARIABLE">$resCuis</token>
    <token name="T_OBJECT_OPERATOR">-&gt;</token>
    <token name="T_STRING">RespuestaCuis</token>
    <token name="T_OBJECT_OPERATOR">-&gt;</token>
    <token name="T_STRING">codigo</token>
    <token name="T_PHPDOX_CLOSE_BRACKET">)</token>
    <token name="T_PHPDOX_SEMICOLON">;</token>
  </line>
  <line no="539">
    <token name="T_WHITESPACE">	</token>
    <token name="T_ECHO">echo</token>
    <token name="T_WHITESPACE"> </token>
    <token name="T_CONSTANT_ENCAPSED_STRING">"Codigo CUIS: "</token>
    <token name="T_PHPDOX_COMMA">,</token>
    <token name="T_WHITESPACE"> </token>
    <token name="T_VARIABLE">$resCuis</token>
    <token name="T_OBJECT_OPERATOR">-&gt;</token>
    <token name="T_STRING">RespuestaCuis</token>
    <token name="T_OBJECT_OPERATOR">-&gt;</token>
    <token name="T_STRING">codigo</token>
    <token name="T_PHPDOX_COMMA">,</token>
    <token name="T_WHITESPACE"> </token>
    <token name="T_CONSTANT_ENCAPSED_STRING">"\n"</token>
    <token name="T_PHPDOX_SEMICOLON">;</token>
  </line>
  <line no="540">
    <token name="T_WHITESPACE">	</token>
    <token name="T_ECHO">echo</token>
    <token name="T_WHITESPACE"> </token>
    <token name="T_CONSTANT_ENCAPSED_STRING">"Codigo CUFD: "</token>
    <token name="T_PHPDOX_COMMA">,</token>
    <token name="T_WHITESPACE"> </token>
    <token name="T_VARIABLE">$resCufd</token>
    <token name="T_OBJECT_OPERATOR">-&gt;</token>
    <token name="T_STRING">RespuestaCufd</token>
    <token name="T_OBJECT_OPERATOR">-&gt;</token>
    <token name="T_STRING">codigo</token>
    <token name="T_PHPDOX_COMMA">,</token>
    <token name="T_WHITESPACE"> </token>
    <token name="T_CONSTANT_ENCAPSED_STRING">"\n"</token>
    <token name="T_PHPDOX_SEMICOLON">;</token>
  </line>
  <line no="541">
    <token name="T_WHITESPACE">	</token>
    <token name="T_ECHO">echo</token>
    <token name="T_WHITESPACE"> </token>
    <token name="T_CONSTANT_ENCAPSED_STRING">"Codigo Control: "</token>
    <token name="T_PHPDOX_COMMA">,</token>
    <token name="T_WHITESPACE"> </token>
    <token name="T_VARIABLE">$resCufd</token>
    <token name="T_OBJECT_OPERATOR">-&gt;</token>
    <token name="T_STRING">RespuestaCufd</token>
    <token name="T_OBJECT_OPERATOR">-&gt;</token>
    <token name="T_STRING">codigoControl</token>
    <token name="T_PHPDOX_COMMA">,</token>
    <token name="T_WHITESPACE"> </token>
    <token name="T_CONSTANT_ENCAPSED_STRING">"\n"</token>
    <token name="T_PHPDOX_SEMICOLON">;</token>
  </line>
  <line no="542">
    <token name="T_WHITESPACE">	</token>
  </line>
  <line no="543">
    <token name="T_WHITESPACE">	</token>
    <token name="T_VARIABLE">$service</token>
    <token name="T_WHITESPACE"> </token>
    <token name="T_PHPDOX_EQUAL">=</token>
    <token name="T_WHITESPACE"> </token>
    <token name="T_NEW">new</token>
    <token name="T_WHITESPACE"> </token>
    <token name="T_STRING">ServicioFacturacionComputarizada</token>
    <token name="T_PHPDOX_OPEN_BRACKET">(</token>
  </line>
  <line no="544">
    <token name="T_WHITESPACE">		</token>
    <token name="T_VARIABLE">$resCuis</token>
    <token name="T_OBJECT_OPERATOR">-&gt;</token>
    <token name="T_STRING">RespuestaCuis</token>
    <token name="T_OBJECT_OPERATOR">-&gt;</token>
    <token name="T_STRING">codigo</token>
    <token name="T_PHPDOX_COMMA">,</token>
  </line>
  <line no="545">
    <token name="T_WHITESPACE">		</token>
    <token name="T_VARIABLE">$resCufd</token>
    <token name="T_OBJECT_OPERATOR">-&gt;</token>
    <token name="T_STRING">RespuestaCufd</token>
    <token name="T_OBJECT_OPERATOR">-&gt;</token>
    <token name="T_STRING">codigo</token>
  </line>
  <line no="546">
    <token name="T_WHITESPACE">	</token>
    <token name="T_PHPDOX_CLOSE_BRACKET">)</token>
    <token name="T_PHPDOX_SEMICOLON">;</token>
  </line>
  <line no="547">
    <token name="T_WHITESPACE">	</token>
    <token name="T_VARIABLE">$service</token>
    <token name="T_OBJECT_OPERATOR">-&gt;</token>
    <token name="T_STRING">setConfig</token>
    <token name="T_PHPDOX_OPEN_BRACKET">(</token>
    <token name="T_ARRAY_CAST">(array)</token>
    <token name="T_VARIABLE">$config</token>
    <token name="T_PHPDOX_CLOSE_BRACKET">)</token>
    <token name="T_PHPDOX_SEMICOLON">;</token>
  </line>
  <line no="548">
    <token name="T_WHITESPACE">	</token>
    <token name="T_COMMENT">//$service-&gt;codigoControl = $resCufd-&gt;RespuestaCufd-&gt;codigoControl;</token>
  </line>
  <line no="549">
    <token name="T_WHITESPACE">	</token>
    <token name="T_VARIABLE">$res</token>
    <token name="T_WHITESPACE"> </token>
    <token name="T_PHPDOX_EQUAL">=</token>
    <token name="T_WHITESPACE"> </token>
    <token name="T_VARIABLE">$service</token>
    <token name="T_OBJECT_OPERATOR">-&gt;</token>
    <token name="T_STRING">validacionRecepcionMasivaFactura</token>
    <token name="T_PHPDOX_OPEN_BRACKET">(</token>
    <token name="T_VARIABLE">$codigoSucursal</token>
    <token name="T_PHPDOX_COMMA">,</token>
    <token name="T_WHITESPACE"> </token>
    <token name="T_VARIABLE">$codigoPuntoVenta</token>
    <token name="T_PHPDOX_COMMA">,</token>
    <token name="T_WHITESPACE"> </token>
    <token name="T_VARIABLE">$codigoRecepcion</token>
    <token name="T_PHPDOX_COMMA">,</token>
    <token name="T_WHITESPACE"> </token>
    <token name="T_VARIABLE">$tipoFactura</token>
    <token name="T_PHPDOX_COMMA">,</token>
    <token name="T_WHITESPACE"> </token>
    <token name="T_VARIABLE">$documentoSector</token>
    <token name="T_PHPDOX_CLOSE_BRACKET">)</token>
    <token name="T_PHPDOX_SEMICOLON">;</token>
  </line>
  <line no="550">
    <token name="T_WHITESPACE">	</token>
    <token name="T_WHILE">while</token>
    <token name="T_PHPDOX_OPEN_BRACKET">(</token>
    <token name="T_WHITESPACE"> </token>
    <token name="T_VARIABLE">$res</token>
    <token name="T_OBJECT_OPERATOR">-&gt;</token>
    <token name="T_STRING">RespuestaServicioFacturacion</token>
    <token name="T_OBJECT_OPERATOR">-&gt;</token>
    <token name="T_STRING">codigoDescripcion</token>
    <token name="T_WHITESPACE"> </token>
    <token name="T_IS_EQUAL">==</token>
    <token name="T_WHITESPACE"> </token>
    <token name="T_CONSTANT_ENCAPSED_STRING">'PENDIENTE'</token>
    <token name="T_WHITESPACE"> </token>
    <token name="T_PHPDOX_CLOSE_BRACKET">)</token>
  </line>
  <line no="551">
    <token name="T_WHITESPACE">	</token>
    <token name="T_PHPDOX_OPEN_CURLY">{</token>
  </line>
  <line no="552">
    <token name="T_WHITESPACE">		</token>
    <token name="T_ECHO">echo</token>
    <token name="T_WHITESPACE"> </token>
    <token name="T_CONSTANT_ENCAPSED_STRING">"REINTENTANTO RESPUESTA RECEPCION MASIVA\n=====================\n"</token>
    <token name="T_PHPDOX_SEMICOLON">;</token>
  </line>
  <line no="553">
    <token name="T_WHITESPACE">		</token>
    <token name="T_VARIABLE">$res</token>
    <token name="T_WHITESPACE"> </token>
    <token name="T_PHPDOX_EQUAL">=</token>
    <token name="T_WHITESPACE"> </token>
    <token name="T_STRING">testRecepcionPaquete</token>
    <token name="T_PHPDOX_OPEN_BRACKET">(</token>
    <token name="T_VARIABLE">$codigoSucursal</token>
    <token name="T_PHPDOX_COMMA">,</token>
    <token name="T_WHITESPACE"> </token>
    <token name="T_VARIABLE">$codigoPuntoVenta</token>
    <token name="T_PHPDOX_COMMA">,</token>
    <token name="T_WHITESPACE"> </token>
    <token name="T_VARIABLE">$documentoSector</token>
    <token name="T_PHPDOX_COMMA">,</token>
    <token name="T_WHITESPACE"> </token>
    <token name="T_VARIABLE">$tipoFactura</token>
    <token name="T_PHPDOX_COMMA">,</token>
    <token name="T_WHITESPACE"> </token>
    <token name="T_VARIABLE">$codigoRecepcion</token>
    <token name="T_PHPDOX_CLOSE_BRACKET">)</token>
    <token name="T_PHPDOX_SEMICOLON">;</token>
  </line>
  <line no="554">
    <token name="T_WHITESPACE">	</token>
    <token name="T_PHPDOX_CLOSE_CURLY">}</token>
  </line>
  <line no="555">
    <token name="T_WHITESPACE">	</token>
    <token name="T_ECHO">echo</token>
    <token name="T_WHITESPACE"> </token>
    <token name="T_CONSTANT_ENCAPSED_STRING">"RESPUESTA RECEPCION MASIVA\n===================\n"</token>
    <token name="T_PHPDOX_SEMICOLON">;</token>
  </line>
  <line no="556">
    <token name="T_WHITESPACE">	</token>
    <token name="T_STRING">print_r</token>
    <token name="T_PHPDOX_OPEN_BRACKET">(</token>
    <token name="T_VARIABLE">$res</token>
    <token name="T_PHPDOX_CLOSE_BRACKET">)</token>
    <token name="T_PHPDOX_SEMICOLON">;</token>
  </line>
  <line no="557">
    <token name="T_WHITESPACE">	</token>
  </line>
  <line no="558">
    <token name="T_WHITESPACE">	</token>
    <token name="T_RETURN">return</token>
    <token name="T_WHITESPACE"> </token>
    <token name="T_VARIABLE">$res</token>
    <token name="T_PHPDOX_SEMICOLON">;</token>
  </line>
  <line no="559">
    <token name="T_PHPDOX_CLOSE_CURLY">}</token>
  </line>
  <line no="560">
    <token name="T_FUNCTION">function</token>
    <token name="T_WHITESPACE"> </token>
    <token name="T_STRING">testCierreOperacionesSistema</token>
    <token name="T_PHPDOX_OPEN_BRACKET">(</token>
    <token name="T_STRING">int</token>
    <token name="T_WHITESPACE"> </token>
    <token name="T_VARIABLE">$sucursal</token>
    <token name="T_PHPDOX_COMMA">,</token>
    <token name="T_WHITESPACE"> </token>
    <token name="T_STRING">int</token>
    <token name="T_WHITESPACE"> </token>
    <token name="T_VARIABLE">$puntoventa</token>
    <token name="T_PHPDOX_CLOSE_BRACKET">)</token>
  </line>
  <line no="561">
    <token name="T_PHPDOX_OPEN_CURLY">{</token>
  </line>
  <line no="562">
    <token name="T_WHITESPACE">	</token>
    <token name="T_GLOBAL">global</token>
    <token name="T_WHITESPACE"> </token>
    <token name="T_VARIABLE">$config</token>
    <token name="T_PHPDOX_SEMICOLON">;</token>
  </line>
  <line no="563">
    <token name="T_WHITESPACE">	</token>
  </line>
  <line no="564">
    <token name="T_WHITESPACE">	</token>
    <token name="T_VARIABLE">$resCuis</token>
    <token name="T_WHITESPACE"> </token>
    <token name="T_PHPDOX_EQUAL">=</token>
    <token name="T_WHITESPACE"> </token>
    <token name="T_STRING">obtenerCuis</token>
    <token name="T_PHPDOX_OPEN_BRACKET">(</token>
    <token name="T_VARIABLE">$puntoventa</token>
    <token name="T_PHPDOX_COMMA">,</token>
    <token name="T_WHITESPACE"> </token>
    <token name="T_VARIABLE">$sucursal</token>
    <token name="T_PHPDOX_CLOSE_BRACKET">)</token>
    <token name="T_PHPDOX_SEMICOLON">;</token>
  </line>
  <line no="565">
    <token name="T_WHITESPACE">	</token>
  </line>
  <line no="566">
    <token name="T_WHITESPACE">	</token>
    <token name="T_VARIABLE">$service</token>
    <token name="T_WHITESPACE"> </token>
    <token name="T_PHPDOX_EQUAL">=</token>
    <token name="T_WHITESPACE"> </token>
    <token name="T_NEW">new</token>
    <token name="T_WHITESPACE"> </token>
    <token name="T_STRING">ServicioOperaciones</token>
    <token name="T_PHPDOX_OPEN_BRACKET">(</token>
    <token name="T_VARIABLE">$resCuis</token>
    <token name="T_OBJECT_OPERATOR">-&gt;</token>
    <token name="T_STRING">RespuestaCuis</token>
    <token name="T_OBJECT_OPERATOR">-&gt;</token>
    <token name="T_STRING">codigo</token>
    <token name="T_PHPDOX_CLOSE_BRACKET">)</token>
    <token name="T_PHPDOX_SEMICOLON">;</token>
  </line>
  <line no="567">
    <token name="T_WHITESPACE">	</token>
    <token name="T_VARIABLE">$service</token>
    <token name="T_OBJECT_OPERATOR">-&gt;</token>
    <token name="T_STRING">setConfig</token>
    <token name="T_PHPDOX_OPEN_BRACKET">(</token>
    <token name="T_ARRAY_CAST">(array)</token>
    <token name="T_VARIABLE">$config</token>
    <token name="T_PHPDOX_CLOSE_BRACKET">)</token>
    <token name="T_PHPDOX_SEMICOLON">;</token>
  </line>
  <line no="568">
    <token name="T_WHITESPACE">	</token>
    <token name="T_VARIABLE">$res</token>
    <token name="T_WHITESPACE"> </token>
    <token name="T_PHPDOX_EQUAL">=</token>
    <token name="T_WHITESPACE"> </token>
    <token name="T_VARIABLE">$service</token>
    <token name="T_OBJECT_OPERATOR">-&gt;</token>
    <token name="T_STRING">cierreOperacionesSistema</token>
    <token name="T_PHPDOX_OPEN_BRACKET">(</token>
    <token name="T_VARIABLE">$sucursal</token>
    <token name="T_PHPDOX_COMMA">,</token>
    <token name="T_WHITESPACE"> </token>
    <token name="T_VARIABLE">$puntoventa</token>
    <token name="T_PHPDOX_CLOSE_BRACKET">)</token>
    <token name="T_PHPDOX_SEMICOLON">;</token>
  </line>
  <line no="569">
    <token name="T_WHITESPACE">	</token>
  </line>
  <line no="570">
    <token name="T_WHITESPACE">	</token>
    <token name="T_RETURN">return</token>
    <token name="T_WHITESPACE"> </token>
    <token name="T_VARIABLE">$res</token>
    <token name="T_PHPDOX_SEMICOLON">;</token>
  </line>
  <line no="571">
    <token name="T_PHPDOX_CLOSE_CURLY">}</token>
  </line>
</source>
